<?xml version="1.0" encoding="UTF-8" ?>
<testsuite tests="4" failures="0" name="com.flat.srm.system.UserTest" time="0.353" errors="1" skipped="0">
  <properties>
    <property name="idea.version" value="2017.2"/>
    <property name="java.runtime.name" value="Java(TM) SE Runtime Environment"/>
    <property name="sun.boot.library.path" value="C:\work\software\app\jdk1.8\jre\bin"/>
    <property name="java.vm.version" value="25.121-b13"/>
    <property name="java.vm.vendor" value="Oracle Corporation"/>
    <property name="maven.multiModuleProjectDirectory" value="D:\learning\development\IdesProjects\FLATSRM"/>
    <property name="java.vendor.url" value="http://java.oracle.com/"/>
    <property name="path.separator" value=";"/>
    <property name="guice.disable.misplaced.annotation.check" value="true"/>
    <property name="java.vm.name" value="Java HotSpot(TM) 64-Bit Server VM"/>
    <property name="file.encoding.pkg" value="sun.io"/>
    <property name="user.script" value=""/>
    <property name="user.country" value="CN"/>
    <property name="sun.java.launcher" value="SUN_STANDARD"/>
    <property name="sun.os.patch.level" value=""/>
    <property name="java.vm.specification.name" value="Java Virtual Machine Specification"/>
    <property name="user.dir" value="D:\learning\development\IdesProjects\FLATSRM"/>
    <property name="java.runtime.version" value="1.8.0_121-b13"/>
    <property name="java.awt.graphicsenv" value="sun.awt.Win32GraphicsEnvironment"/>
    <property name="java.endorsed.dirs" value="C:\work\software\app\jdk1.8\jre\lib\endorsed"/>
    <property name="os.arch" value="amd64"/>
    <property name="java.io.tmpdir" value="C:\Users\jingu\AppData\Local\Temp\"/>
    <property name="line.separator" value="
"/>
    <property name="java.vm.specification.vendor" value="Oracle Corporation"/>
    <property name="user.variant" value=""/>
    <property name="os.name" value="Windows 10"/>
    <property name="classworlds.conf" value="D:\app\IntelliJ IDEA 2017.2\plugins\maven\lib\maven3\bin\m2.conf"/>
    <property name="sun.jnu.encoding" value="GBK"/>
    <property name="java.library.path" value="C:\work\software\app\jdk1.8\bin;C:\Windows\Sun\Java\bin;C:\Windows\system32;C:\Windows;C:\work\software\oracle\product\11.2.0\dbhome_2\bin;C:\work\software\app\oracle;C:\ProgramData\Oracle\Java\javapath;C:\Windows\system32;C:\Windows;C:\Windows\System32\Wbem;C:\Windows\System32\WindowsPowerShell\v1.0\;C:\Program Files (x86)\NVIDIA Corporation\PhysX\Common;C:\Program Files\Intel\WiFi\bin\;C:\Program Files\Common Files\Intel\WirelessCommon\;C:\work\software\app\jdk1.8\bin;C:\work\software\app\jdk1.8\jre\bin;C:\work\development\apache-maven-3.3.3\bin;C:\Program Files\MySQL\MySQL Utilities 1.6\;D:\app\Git\cmd;C:\Users\jingu\AppData\Local\Microsoft\WindowsApps;;."/>
    <property name="java.specification.name" value="Java Platform API Specification"/>
    <property name="java.class.version" value="52.0"/>
    <property name="sun.management.compiler" value="HotSpot 64-Bit Tiered Compilers"/>
    <property name="os.version" value="10.0"/>
    <property name="user.home" value="C:\Users\jingu"/>
    <property name="user.timezone" value="Asia/Shanghai"/>
    <property name="java.awt.printerjob" value="sun.awt.windows.WPrinterJob"/>
    <property name="java.specification.version" value="1.8"/>
    <property name="file.encoding" value="UTF-8"/>
    <property name="user.name" value="jingu"/>
    <property name="java.class.path" value="D:\app\IntelliJ IDEA 2017.2\plugins\maven\lib\maven3\boot\plexus-classworlds-2.5.2.jar;D:\app\IntelliJ IDEA 2017.2\lib\idea_rt.jar"/>
    <property name="java.vm.specification.version" value="1.8"/>
    <property name="sun.arch.data.model" value="64"/>
    <property name="java.home" value="C:\work\software\app\jdk1.8\jre"/>
    <property name="sun.java.command" value="org.codehaus.classworlds.Launcher -Didea.version=2017.2 install"/>
    <property name="java.specification.vendor" value="Oracle Corporation"/>
    <property name="user.language" value="zh"/>
    <property name="awt.toolkit" value="sun.awt.windows.WToolkit"/>
    <property name="java.vm.info" value="mixed mode"/>
    <property name="java.version" value="1.8.0_121"/>
    <property name="java.ext.dirs" value="C:\work\software\app\jdk1.8\jre\lib\ext;C:\Windows\Sun\Java\lib\ext"/>
    <property name="sun.boot.class.path" value="C:\work\software\app\jdk1.8\jre\lib\resources.jar;C:\work\software\app\jdk1.8\jre\lib\rt.jar;C:\work\software\app\jdk1.8\jre\lib\sunrsasign.jar;C:\work\software\app\jdk1.8\jre\lib\jsse.jar;C:\work\software\app\jdk1.8\jre\lib\jce.jar;C:\work\software\app\jdk1.8\jre\lib\charsets.jar;C:\work\software\app\jdk1.8\jre\lib\jfr.jar;C:\work\software\app\jdk1.8\jre\classes"/>
    <property name="java.vendor" value="Oracle Corporation"/>
    <property name="maven.home" value="D:\app\IntelliJ IDEA 2017.2\plugins\maven\lib\maven3"/>
    <property name="file.separator" value="\"/>
    <property name="java.vendor.url.bug" value="http://bugreport.sun.com/bugreport/"/>
    <property name="sun.cpu.endian" value="little"/>
    <property name="sun.io.unicode.encoding" value="UnicodeLittle"/>
    <property name="sun.desktop" value="windows"/>
    <property name="sun.cpu.isalist" value="amd64"/>
  </properties>
  <testcase classname="com.flat.srm.system.UserTest" name="saveUser" time="0.249">
    <error message="
### Error updating database.  Cause: com.mysql.jdbc.exceptions.jdbc4.MySQLIntegrityConstraintViolationException: Duplicate entry &apos;70&apos; for key &apos;cp_user_mail_index&apos;
### The error may involve com.flat.srm.system.dao.user.IUserMapper.save-Inline
### The error occurred while setting parameters
### SQL: insert into     cp_user      ( NAME,                MAIL,                PID )      values     ( &apos;text1&apos;,                &apos;70&apos;,                ? )
### Cause: com.mysql.jdbc.exceptions.jdbc4.MySQLIntegrityConstraintViolationException: Duplicate entry &apos;70&apos; for key &apos;cp_user_mail_index&apos;
; SQL []; Duplicate entry &apos;70&apos; for key &apos;cp_user_mail_index&apos;; nested exception is com.mysql.jdbc.exceptions.jdbc4.MySQLIntegrityConstraintViolationException: Duplicate entry &apos;70&apos; for key &apos;cp_user_mail_index&apos;" type="org.springframework.dao.DuplicateKeyException">org.springframework.dao.DuplicateKeyException: 
### Error updating database.  Cause: com.mysql.jdbc.exceptions.jdbc4.MySQLIntegrityConstraintViolationException: Duplicate entry &apos;70&apos; for key &apos;cp_user_mail_index&apos;
### The error may involve com.flat.srm.system.dao.user.IUserMapper.save-Inline
### The error occurred while setting parameters
### SQL: insert into     cp_user      ( NAME,                MAIL,                PID )      values     ( &apos;text1&apos;,                &apos;70&apos;,                ? )
### Cause: com.mysql.jdbc.exceptions.jdbc4.MySQLIntegrityConstraintViolationException: Duplicate entry &apos;70&apos; for key &apos;cp_user_mail_index&apos;
; SQL []; Duplicate entry &apos;70&apos; for key &apos;cp_user_mail_index&apos;; nested exception is com.mysql.jdbc.exceptions.jdbc4.MySQLIntegrityConstraintViolationException: Duplicate entry &apos;70&apos; for key &apos;cp_user_mail_index&apos;
	at org.springframework.jdbc.support.SQLErrorCodeSQLExceptionTranslator.doTranslate(SQLErrorCodeSQLExceptionTranslator.java:239)
	at org.springframework.jdbc.support.AbstractFallbackSQLExceptionTranslator.translate(AbstractFallbackSQLExceptionTranslator.java:73)
	at org.mybatis.spring.MyBatisExceptionTranslator.translateExceptionIfPossible(MyBatisExceptionTranslator.java:74)
	at org.mybatis.spring.SqlSessionTemplate$SqlSessionInterceptor.invoke(SqlSessionTemplate.java:421)
	at com.sun.proxy.$Proxy18.insert(Unknown Source)
	at org.mybatis.spring.SqlSessionTemplate.insert(SqlSessionTemplate.java:254)
	at org.apache.ibatis.binding.MapperMethod.execute(MapperMethod.java:52)
	at org.apache.ibatis.binding.MapperProxy.invoke(MapperProxy.java:53)
	at com.sun.proxy.$Proxy20.save(Unknown Source)
	at com.flat.srm.system.UserTest.saveUser(UserTest.java:65)
	at sun.reflect.NativeMethodAccessorImpl.invoke0(Native Method)
	at sun.reflect.NativeMethodAccessorImpl.invoke(NativeMethodAccessorImpl.java:62)
	at sun.reflect.DelegatingMethodAccessorImpl.invoke(DelegatingMethodAccessorImpl.java:43)
	at java.lang.reflect.Method.invoke(Method.java:498)
	at org.junit.runners.model.FrameworkMethod$1.runReflectiveCall(FrameworkMethod.java:47)
	at org.junit.internal.runners.model.ReflectiveCallable.run(ReflectiveCallable.java:12)
	at org.junit.runners.model.FrameworkMethod.invokeExplosively(FrameworkMethod.java:44)
	at org.junit.internal.runners.statements.InvokeMethod.evaluate(InvokeMethod.java:17)
	at org.springframework.test.context.junit4.statements.RunBeforeTestMethodCallbacks.evaluate(RunBeforeTestMethodCallbacks.java:74)
	at org.springframework.test.context.junit4.statements.RunAfterTestMethodCallbacks.evaluate(RunAfterTestMethodCallbacks.java:85)
	at org.springframework.test.context.junit4.statements.SpringRepeat.evaluate(SpringRepeat.java:86)
	at org.junit.runners.ParentRunner.runLeaf(ParentRunner.java:271)
	at org.springframework.test.context.junit4.SpringJUnit4ClassRunner.runChild(SpringJUnit4ClassRunner.java:241)
	at org.springframework.test.context.junit4.SpringJUnit4ClassRunner.runChild(SpringJUnit4ClassRunner.java:87)
	at org.junit.runners.ParentRunner$3.run(ParentRunner.java:238)
	at org.junit.runners.ParentRunner$1.schedule(ParentRunner.java:63)
	at org.junit.runners.ParentRunner.runChildren(ParentRunner.java:236)
	at org.junit.runners.ParentRunner.access$000(ParentRunner.java:53)
	at org.junit.runners.ParentRunner$2.evaluate(ParentRunner.java:229)
	at org.springframework.test.context.junit4.statements.RunBeforeTestClassCallbacks.evaluate(RunBeforeTestClassCallbacks.java:61)
	at org.springframework.test.context.junit4.statements.RunAfterTestClassCallbacks.evaluate(RunAfterTestClassCallbacks.java:70)
	at org.junit.runners.ParentRunner.run(ParentRunner.java:309)
	at org.springframework.test.context.junit4.SpringJUnit4ClassRunner.run(SpringJUnit4ClassRunner.java:180)
	at org.apache.maven.surefire.junit4.JUnit4Provider.execute(JUnit4Provider.java:252)
	at org.apache.maven.surefire.junit4.JUnit4Provider.executeTestSet(JUnit4Provider.java:141)
	at org.apache.maven.surefire.junit4.JUnit4Provider.invoke(JUnit4Provider.java:112)
	at sun.reflect.NativeMethodAccessorImpl.invoke0(Native Method)
	at sun.reflect.NativeMethodAccessorImpl.invoke(NativeMethodAccessorImpl.java:62)
	at sun.reflect.DelegatingMethodAccessorImpl.invoke(DelegatingMethodAccessorImpl.java:43)
	at java.lang.reflect.Method.invoke(Method.java:498)
	at org.apache.maven.surefire.util.ReflectionUtils.invokeMethodWithArray(ReflectionUtils.java:189)
	at org.apache.maven.surefire.booter.ProviderFactory$ProviderProxy.invoke(ProviderFactory.java:165)
	at org.apache.maven.surefire.booter.ProviderFactory.invokeProvider(ProviderFactory.java:85)
	at org.apache.maven.surefire.booter.ForkedBooter.runSuitesInProcess(ForkedBooter.java:115)
	at org.apache.maven.surefire.booter.ForkedBooter.main(ForkedBooter.java:75)
Caused by: com.mysql.jdbc.exceptions.jdbc4.MySQLIntegrityConstraintViolationException: Duplicate entry &apos;70&apos; for key &apos;cp_user_mail_index&apos;
	at sun.reflect.NativeConstructorAccessorImpl.newInstance0(Native Method)
	at sun.reflect.NativeConstructorAccessorImpl.newInstance(NativeConstructorAccessorImpl.java:62)
	at sun.reflect.DelegatingConstructorAccessorImpl.newInstance(DelegatingConstructorAccessorImpl.java:45)
	at java.lang.reflect.Constructor.newInstance(Constructor.java:423)
	at com.mysql.jdbc.Util.handleNewInstance(Util.java:406)
	at com.mysql.jdbc.Util.getInstance(Util.java:381)
	at com.mysql.jdbc.SQLError.createSQLException(SQLError.java:1015)
	at com.mysql.jdbc.SQLError.createSQLException(SQLError.java:956)
	at com.mysql.jdbc.MysqlIO.checkErrorPacket(MysqlIO.java:3491)
	at com.mysql.jdbc.MysqlIO.checkErrorPacket(MysqlIO.java:3423)
	at com.mysql.jdbc.MysqlIO.sendCommand(MysqlIO.java:1936)
	at com.mysql.jdbc.MysqlIO.sqlQueryDirect(MysqlIO.java:2060)
	at com.mysql.jdbc.ConnectionImpl.execSQL(ConnectionImpl.java:2542)
	at com.mysql.jdbc.PreparedStatement.executeInternal(PreparedStatement.java:1734)
	at com.mysql.jdbc.PreparedStatement.execute(PreparedStatement.java:995)
	at com.alibaba.druid.filter.FilterChainImpl.preparedStatement_execute(FilterChainImpl.java:2931)
	at com.alibaba.druid.filter.FilterEventAdapter.preparedStatement_execute(FilterEventAdapter.java:440)
	at com.alibaba.druid.filter.FilterChainImpl.preparedStatement_execute(FilterChainImpl.java:2929)
	at com.alibaba.druid.proxy.jdbc.PreparedStatementProxyImpl.execute(PreparedStatementProxyImpl.java:131)
	at com.alibaba.druid.pool.DruidPooledPreparedStatement.execute(DruidPooledPreparedStatement.java:493)
	at sun.reflect.NativeMethodAccessorImpl.invoke0(Native Method)
	at sun.reflect.NativeMethodAccessorImpl.invoke(NativeMethodAccessorImpl.java:62)
	at sun.reflect.DelegatingMethodAccessorImpl.invoke(DelegatingMethodAccessorImpl.java:43)
	at java.lang.reflect.Method.invoke(Method.java:498)
	at org.apache.ibatis.logging.jdbc.PreparedStatementLogger.invoke(PreparedStatementLogger.java:59)
	at com.sun.proxy.$Proxy32.execute(Unknown Source)
	at org.apache.ibatis.executor.statement.PreparedStatementHandler.update(PreparedStatementHandler.java:45)
	at org.apache.ibatis.executor.statement.RoutingStatementHandler.update(RoutingStatementHandler.java:73)
	at org.apache.ibatis.executor.SimpleExecutor.doUpdate(SimpleExecutor.java:49)
	at org.apache.ibatis.executor.BaseExecutor.update(BaseExecutor.java:115)
	at org.apache.ibatis.executor.CachingExecutor.update(CachingExecutor.java:75)
	at sun.reflect.NativeMethodAccessorImpl.invoke0(Native Method)
	at sun.reflect.NativeMethodAccessorImpl.invoke(NativeMethodAccessorImpl.java:62)
	at sun.reflect.DelegatingMethodAccessorImpl.invoke(DelegatingMethodAccessorImpl.java:43)
	at java.lang.reflect.Method.invoke(Method.java:498)
	at org.apache.ibatis.plugin.Invocation.proceed(Invocation.java:49)
	at com.flat.srm.common.core.ExamplePlugin.intercept(ExamplePlugin.java:66)
	at org.apache.ibatis.plugin.Plugin.invoke(Plugin.java:61)
	at com.sun.proxy.$Proxy30.update(Unknown Source)
	at org.apache.ibatis.session.defaults.DefaultSqlSession.update(DefaultSqlSession.java:170)
	at org.apache.ibatis.session.defaults.DefaultSqlSession.insert(DefaultSqlSession.java:157)
	at sun.reflect.NativeMethodAccessorImpl.invoke0(Native Method)
	at sun.reflect.NativeMethodAccessorImpl.invoke(NativeMethodAccessorImpl.java:62)
	at sun.reflect.DelegatingMethodAccessorImpl.invoke(DelegatingMethodAccessorImpl.java:43)
	at java.lang.reflect.Method.invoke(Method.java:498)
	at org.mybatis.spring.SqlSessionTemplate$SqlSessionInterceptor.invoke(SqlSessionTemplate.java:408)
	... 41 more
</error>
    <system-err>log4j:ERROR Could not find value for key log4j.appender.INFO
log4j:ERROR Could not instantiate appender named &quot;INFO&quot;.
[DEBUG] 2017-08-24 15:26:45,178(0) --&gt; [main] org.springframework.test.context.junit4.SpringJUnit4ClassRunner.&lt;init&gt;(SpringJUnit4ClassRunner.java:129): SpringJUnit4ClassRunner constructor called with [class com.flat.srm.system.UserTest]  
[DEBUG] 2017-08-24 15:26:45,188(10) --&gt; [main] org.springframework.test.context.BootstrapUtils.createCacheAwareContextLoaderDelegate(BootstrapUtils.java:96): Instantiating CacheAwareContextLoaderDelegate from class [org.springframework.test.context.cache.DefaultCacheAwareContextLoaderDelegate]  
[DEBUG] 2017-08-24 15:26:45,193(15) --&gt; [main] org.springframework.test.context.BootstrapUtils.createBootstrapContext(BootstrapUtils.java:79): Instantiating BootstrapContext using constructor [public org.springframework.test.context.support.DefaultBootstrapContext(java.lang.Class,org.springframework.test.context.CacheAwareContextLoaderDelegate)]  
[DEBUG] 2017-08-24 15:26:45,206(28) --&gt; [main] org.springframework.test.context.BootstrapUtils.resolveTestContextBootstrapper(BootstrapUtils.java:146): Instantiating TestContextBootstrapper for test class [com.flat.srm.system.UserTest] from class [org.springframework.test.context.support.DefaultTestContextBootstrapper]  
[DEBUG] 2017-08-24 15:26:45,244(66) --&gt; [main] org.springframework.test.context.support.AbstractDelegatingSmartContextLoader.delegateProcessing(AbstractDelegatingSmartContextLoader.java:97): Delegating to GenericXmlContextLoader to process context configuration [ContextConfigurationAttributes@6cc4c815 declaringClass = &apos;com.flat.srm.system.UserTest&apos;, classes = &apos;{}&apos;, locations = &apos;{classpath:spring/applicationContext.xml, classpath:spring/applicationContext-shiro.xml}&apos;, inheritLocations = true, initializers = &apos;{}&apos;, inheritInitializers = true, name = [null], contextLoaderClass = &apos;org.springframework.test.context.ContextLoader&apos;].  
[DEBUG] 2017-08-24 15:26:45,247(69) --&gt; [main] org.springframework.test.context.support.ActiveProfilesUtils.resolveActiveProfiles(ActiveProfilesUtils.java:84): Could not find an &apos;annotation declaring class&apos; for annotation type [org.springframework.test.context.ActiveProfiles] and class [com.flat.srm.system.UserTest]  
[DEBUG] 2017-08-24 15:26:45,254(76) --&gt; [main] org.springframework.test.context.support.AbstractTestContextBootstrapper.getTestExecutionListeners(AbstractTestContextBootstrapper.java:130): @TestExecutionListeners is not present for class [com.flat.srm.system.UserTest]: using defaults.  
[INFO ] 2017-08-24 15:26:45,262(84) --&gt; [main] org.springframework.test.context.support.AbstractTestContextBootstrapper.getDefaultTestExecutionListenerClassNames(AbstractTestContextBootstrapper.java:259): Loaded default TestExecutionListener class names from location [META-INF/spring.factories]: [org.springframework.test.context.web.ServletTestExecutionListener, org.springframework.test.context.support.DirtiesContextBeforeModesTestExecutionListener, org.springframework.test.context.support.DependencyInjectionTestExecutionListener, org.springframework.test.context.support.DirtiesContextTestExecutionListener, org.springframework.test.context.transaction.TransactionalTestExecutionListener, org.springframework.test.context.jdbc.SqlScriptsTestExecutionListener]  
[INFO ] 2017-08-24 15:26:45,293(115) --&gt; [main] org.springframework.test.context.support.AbstractTestContextBootstrapper.getTestExecutionListeners(AbstractTestContextBootstrapper.java:185): Using TestExecutionListeners: [org.springframework.test.context.web.ServletTestExecutionListener@6e06451e, org.springframework.test.context.support.DirtiesContextBeforeModesTestExecutionListener@59494225, org.springframework.test.context.support.DependencyInjectionTestExecutionListener@6e1567f1, org.springframework.test.context.support.DirtiesContextTestExecutionListener@5cb9f472, org.springframework.test.context.transaction.TransactionalTestExecutionListener@cb644e, org.springframework.test.context.jdbc.SqlScriptsTestExecutionListener@13805618]  
[DEBUG] 2017-08-24 15:26:45,297(119) --&gt; [main] org.springframework.test.annotation.ProfileValueUtils.retrieveProfileValueSource(ProfileValueUtils.java:71): Retrieved @ProfileValueSourceConfiguration [null] for test class [com.flat.srm.system.UserTest]  
[DEBUG] 2017-08-24 15:26:45,299(121) --&gt; [main] org.springframework.test.annotation.ProfileValueUtils.retrieveProfileValueSource(ProfileValueUtils.java:83): Retrieved ProfileValueSource type [class org.springframework.test.annotation.SystemProfileValueSource] for class [com.flat.srm.system.UserTest]  
[DEBUG] 2017-08-24 15:26:45,300(122) --&gt; [main] org.springframework.test.annotation.ProfileValueUtils.retrieveProfileValueSource(ProfileValueUtils.java:71): Retrieved @ProfileValueSourceConfiguration [null] for test class [com.flat.srm.system.UserTest]  
[DEBUG] 2017-08-24 15:26:45,301(123) --&gt; [main] org.springframework.test.annotation.ProfileValueUtils.retrieveProfileValueSource(ProfileValueUtils.java:83): Retrieved ProfileValueSource type [class org.springframework.test.annotation.SystemProfileValueSource] for class [com.flat.srm.system.UserTest]  
[DEBUG] 2017-08-24 15:26:45,304(126) --&gt; [main] org.springframework.test.context.support.AbstractDirtiesContextTestExecutionListener.beforeOrAfterTestClass(AbstractDirtiesContextTestExecutionListener.java:141): Before test class: context [DefaultTestContext@148080bb testClass = UserTest, testInstance = [null], testMethod = [null], testException = [null], mergedContextConfiguration = [MergedContextConfiguration@dc24521 testClass = UserTest, locations = &apos;{classpath:spring/applicationContext.xml, classpath:spring/applicationContext-shiro.xml}&apos;, classes = &apos;{}&apos;, contextInitializerClasses = &apos;[]&apos;, activeProfiles = &apos;{}&apos;, propertySourceLocations = &apos;{}&apos;, propertySourceProperties = &apos;{}&apos;, contextLoader = &apos;org.springframework.test.context.support.DelegatingSmartContextLoader&apos;, parent = [null]]], class annotated with @DirtiesContext [false] with mode [null].  
[DEBUG] 2017-08-24 15:26:45,306(128) --&gt; [main] org.springframework.test.annotation.ProfileValueUtils.retrieveProfileValueSource(ProfileValueUtils.java:71): Retrieved @ProfileValueSourceConfiguration [null] for test class [com.flat.srm.system.UserTest]  
[DEBUG] 2017-08-24 15:26:45,307(129) --&gt; [main] org.springframework.test.annotation.ProfileValueUtils.retrieveProfileValueSource(ProfileValueUtils.java:83): Retrieved ProfileValueSource type [class org.springframework.test.annotation.SystemProfileValueSource] for class [com.flat.srm.system.UserTest]  
[DEBUG] 2017-08-24 15:26:45,313(135) --&gt; [main] org.springframework.test.context.support.DependencyInjectionTestExecutionListener.prepareTestInstance(DependencyInjectionTestExecutionListener.java:81): Performing dependency injection for test context [[DefaultTestContext@148080bb testClass = UserTest, testInstance = com.flat.srm.system.UserTest@66480dd7, testMethod = [null], testException = [null], mergedContextConfiguration = [MergedContextConfiguration@dc24521 testClass = UserTest, locations = &apos;{classpath:spring/applicationContext.xml, classpath:spring/applicationContext-shiro.xml}&apos;, classes = &apos;{}&apos;, contextInitializerClasses = &apos;[]&apos;, activeProfiles = &apos;{}&apos;, propertySourceLocations = &apos;{}&apos;, propertySourceProperties = &apos;{}&apos;, contextLoader = &apos;org.springframework.test.context.support.DelegatingSmartContextLoader&apos;, parent = [null]]]].  
[DEBUG] 2017-08-24 15:26:45,314(136) --&gt; [main] org.springframework.test.context.support.AbstractDelegatingSmartContextLoader.delegateLoading(AbstractDelegatingSmartContextLoader.java:107): Delegating to GenericXmlContextLoader to load context from [MergedContextConfiguration@dc24521 testClass = UserTest, locations = &apos;{classpath:spring/applicationContext.xml, classpath:spring/applicationContext-shiro.xml}&apos;, classes = &apos;{}&apos;, contextInitializerClasses = &apos;[]&apos;, activeProfiles = &apos;{}&apos;, propertySourceLocations = &apos;{}&apos;, propertySourceProperties = &apos;{}&apos;, contextLoader = &apos;org.springframework.test.context.support.DelegatingSmartContextLoader&apos;, parent = [null]].  
[DEBUG] 2017-08-24 15:26:45,315(137) --&gt; [main] org.springframework.test.context.support.AbstractGenericContextLoader.loadContext(AbstractGenericContextLoader.java:107): Loading ApplicationContext for merged context configuration [[MergedContextConfiguration@dc24521 testClass = UserTest, locations = &apos;{classpath:spring/applicationContext.xml, classpath:spring/applicationContext-shiro.xml}&apos;, classes = &apos;{}&apos;, contextInitializerClasses = &apos;[]&apos;, activeProfiles = &apos;{}&apos;, propertySourceLocations = &apos;{}&apos;, propertySourceProperties = &apos;{}&apos;, contextLoader = &apos;org.springframework.test.context.support.DelegatingSmartContextLoader&apos;, parent = [null]]].  
[DEBUG] 2017-08-24 15:26:45,398(220) --&gt; [main] org.springframework.core.env.MutablePropertySources.addLast(MutablePropertySources.java:109): Adding [systemProperties] PropertySource with lowest search precedence  
[DEBUG] 2017-08-24 15:26:45,399(221) --&gt; [main] org.springframework.core.env.MutablePropertySources.addLast(MutablePropertySources.java:109): Adding [systemEnvironment] PropertySource with lowest search precedence  
[DEBUG] 2017-08-24 15:26:45,400(222) --&gt; [main] org.springframework.core.env.AbstractEnvironment.&lt;init&gt;(AbstractEnvironment.java:126): Initialized StandardEnvironment with PropertySources [systemProperties,systemEnvironment]  
[INFO ] 2017-08-24 15:26:45,409(231) --&gt; [main] org.springframework.beans.factory.xml.XmlBeanDefinitionReader.loadBeanDefinitions(XmlBeanDefinitionReader.java:317): Loading XML bean definitions from class path resource [spring/applicationContext.xml]  
[DEBUG] 2017-08-24 15:26:45,425(247) --&gt; [main] org.springframework.beans.factory.xml.DefaultDocumentLoader.loadDocument(DefaultDocumentLoader.java:73): Using JAXP provider [com.sun.org.apache.xerces.internal.jaxp.DocumentBuilderFactoryImpl]  
[DEBUG] 2017-08-24 15:26:45,451(273) --&gt; [main] org.springframework.beans.factory.xml.PluggableSchemaResolver.getSchemaMappings(PluggableSchemaResolver.java:141): Loading schema mappings from [META-INF/spring.schemas]  
[DEBUG] 2017-08-24 15:26:45,454(276) --&gt; [main] org.springframework.beans.factory.xml.PluggableSchemaResolver.getSchemaMappings(PluggableSchemaResolver.java:147): Loaded schema mappings: {http://www.springframework.org/schema/tx/spring-tx-2.5.xsd=org/springframework/transaction/config/spring-tx-2.5.xsd, http://www.springframework.org/schema/cache/spring-cache-4.2.xsd=org/springframework/cache/config/spring-cache-4.2.xsd, http://www.springframework.org/schema/aop/spring-aop-4.1.xsd=org/springframework/aop/config/spring-aop-4.1.xsd, http://www.springframework.org/schema/context/spring-context-3.1.xsd=org/springframework/context/config/spring-context-3.1.xsd, http://www.springframework.org/schema/jdbc/spring-jdbc-4.1.xsd=org/springframework/jdbc/config/spring-jdbc-4.1.xsd, http://www.springframework.org/schema/mvc/spring-mvc-4.1.xsd=org/springframework/web/servlet/config/spring-mvc-4.1.xsd, http://www.springframework.org/schema/util/spring-util-3.0.xsd=org/springframework/beans/factory/xml/spring-util-3.0.xsd, http://mybatis.org/schema/mybatis-spring-1.2.xsd=org/mybatis/spring/config/mybatis-spring-1.2.xsd, http://www.springframework.org/schema/tool/spring-tool.xsd=org/springframework/beans/factory/xml/spring-tool-4.2.xsd, http://www.springframework.org/schema/aop/spring-aop-3.2.xsd=org/springframework/aop/config/spring-aop-3.2.xsd, http://www.springframework.org/schema/lang/spring-lang-4.1.xsd=org/springframework/scripting/config/spring-lang-4.1.xsd, http://www.springframework.org/schema/context/spring-context-4.0.xsd=org/springframework/context/config/spring-context-4.0.xsd, http://www.springframework.org/schema/mvc/spring-mvc-3.2.xsd=org/springframework/web/servlet/config/spring-mvc-3.2.xsd, http://www.springframework.org/schema/beans/spring-beans-4.2.xsd=org/springframework/beans/factory/xml/spring-beans-4.2.xsd, http://www.springframework.org/schema/tool/spring-tool-4.1.xsd=org/springframework/beans/factory/xml/spring-tool-4.1.xsd, http://www.springframework.org/schema/lang/spring-lang-3.2.xsd=org/springframework/scripting/config/spring-lang-3.2.xsd, http://www.springframework.org/schema/cache/spring-cache-3.2.xsd=org/springframework/cache/config/spring-cache-3.2.xsd, http://www.springframework.org/schema/jee/spring-jee-4.1.xsd=org/springframework/ejb/config/spring-jee-4.1.xsd, http://www.springframework.org/schema/jdbc/spring-jdbc-3.1.xsd=org/springframework/jdbc/config/spring-jdbc-3.1.xsd, http://www.springframework.org/schema/util/spring-util-2.0.xsd=org/springframework/beans/factory/xml/spring-util-2.0.xsd, http://www.springframework.org/schema/task/spring-task-4.2.xsd=org/springframework/scheduling/config/spring-task-4.2.xsd, http://www.springframework.org/schema/tool/spring-tool-3.2.xsd=org/springframework/beans/factory/xml/spring-tool-3.2.xsd, http://www.springframework.org/schema/context/spring-context.xsd=org/springframework/context/config/spring-context-4.2.xsd, http://www.springframework.org/schema/tx/spring-tx-4.2.xsd=org/springframework/transaction/config/spring-tx-4.2.xsd, http://www.springframework.org/schema/cache/spring-cache-4.1.xsd=org/springframework/cache/config/spring-cache-4.1.xsd, http://www.springframework.org/schema/aop/spring-aop-4.0.xsd=org/springframework/aop/config/spring-aop-4.0.xsd, http://www.springframework.org/schema/jee/spring-jee-3.2.xsd=org/springframework/ejb/config/spring-jee-3.2.xsd, http://www.springframework.org/schema/context/spring-context-3.0.xsd=org/springframework/context/config/spring-context-3.0.xsd, http://www.springframework.org/schema/jdbc/spring-jdbc-4.0.xsd=org/springframework/jdbc/config/spring-jdbc-4.0.xsd, http://www.springframework.org/schema/mvc/spring-mvc-4.0.xsd=org/springframework/web/servlet/config/spring-mvc-4.0.xsd, http://www.springframework.org/schema/util/spring-util-2.5.xsd=org/springframework/beans/factory/xml/spring-util-2.5.xsd, http://www.springframework.org/schema/beans/spring-beans-3.2.xsd=org/springframework/beans/factory/xml/spring-beans-3.2.xsd, http://www.springframework.org/schema/aop/spring-aop-3.1.xsd=org/springframework/aop/config/spring-aop-3.1.xsd, http://www.springframework.org/schema/lang/spring-lang-4.0.xsd=org/springframework/scripting/config/spring-lang-4.0.xsd, http://www.springframework.org/schema/mvc/spring-mvc.xsd=org/springframework/web/servlet/config/spring-mvc-4.2.xsd, http://www.springframework.org/schema/mvc/spring-mvc-3.1.xsd=org/springframework/web/servlet/config/spring-mvc-3.1.xsd, http://www.springframework.org/schema/beans/spring-beans-4.1.xsd=org/springframework/beans/factory/xml/spring-beans-4.1.xsd, http://www.springframework.org/schema/tool/spring-tool-4.0.xsd=org/springframework/beans/factory/xml/spring-tool-4.0.xsd, http://www.springframework.org/schema/tx/spring-tx-3.2.xsd=org/springframework/transaction/config/spring-tx-3.2.xsd, http://www.springframework.org/schema/lang/spring-lang-3.1.xsd=org/springframework/scripting/config/spring-lang-3.1.xsd, http://www.springframework.org/schema/cache/spring-cache-3.1.xsd=org/springframework/cache/config/spring-cache-3.1.xsd, http://www.springframework.org/schema/jee/spring-jee-4.0.xsd=org/springframework/ejb/config/spring-jee-4.0.xsd, http://www.springframework.org/schema/jdbc/spring-jdbc-3.0.xsd=org/springframework/jdbc/config/spring-jdbc-3.0.xsd, http://www.springframework.org/schema/task/spring-task-4.1.xsd=org/springframework/scheduling/config/spring-task-4.1.xsd, http://www.springframework.org/schema/jdbc/spring-jdbc.xsd=org/springframework/jdbc/config/spring-jdbc-4.2.xsd, http://www.springframework.org/schema/tool/spring-tool-3.1.xsd=org/springframework/beans/factory/xml/spring-tool-3.1.xsd, http://www.springframework.org/schema/tx/spring-tx-4.1.xsd=org/springframework/transaction/config/spring-tx-4.1.xsd, http://www.springframework.org/schema/cache/spring-cache-4.0.xsd=org/springframework/cache/config/spring-cache-4.0.xsd, http://www.springframework.org/schema/jee/spring-jee-3.1.xsd=org/springframework/ejb/config/spring-jee-3.1.xsd, http://www.springframework.org/schema/util/spring-util-4.2.xsd=org/springframework/beans/factory/xml/spring-util-4.2.xsd, http://www.springframework.org/schema/task/spring-task-3.2.xsd=org/springframework/scheduling/config/spring-task-3.2.xsd, http://www.springframework.org/schema/beans/spring-beans-3.1.xsd=org/springframework/beans/factory/xml/spring-beans-3.1.xsd, http://www.springframework.org/schema/util/spring-util.xsd=org/springframework/beans/factory/xml/spring-util-4.2.xsd, http://www.springframework.org/schema/aop/spring-aop-3.0.xsd=org/springframework/aop/config/spring-aop-3.0.xsd, http://www.springframework.org/schema/mvc/spring-mvc-3.0.xsd=org/springframework/web/servlet/config/spring-mvc-3.0.xsd, http://www.springframework.org/schema/beans/spring-beans-4.0.xsd=org/springframework/beans/factory/xml/spring-beans-4.0.xsd, http://www.springframework.org/schema/beans/spring-beans.xsd=org/springframework/beans/factory/xml/spring-beans-4.2.xsd, http://mybatis.org/schema/mybatis-spring.xsd=org/mybatis/spring/config/mybatis-spring-1.2.xsd, http://www.springframework.org/schema/tx/spring-tx-3.1.xsd=org/springframework/transaction/config/spring-tx-3.1.xsd, http://www.springframework.org/schema/lang/spring-lang-3.0.xsd=org/springframework/scripting/config/spring-lang-3.0.xsd, http://www.springframework.org/schema/context/spring-context-2.5.xsd=org/springframework/context/config/spring-context-2.5.xsd, http://www.springframework.org/schema/task/spring-task-4.0.xsd=org/springframework/scheduling/config/spring-task-4.0.xsd, http://www.springframework.org/schema/tool/spring-tool-3.0.xsd=org/springframework/beans/factory/xml/spring-tool-3.0.xsd, http://www.springframework.org/schema/tx/spring-tx-4.0.xsd=org/springframework/transaction/config/spring-tx-4.0.xsd, http://www.springframework.org/schema/aop/spring-aop-2.0.xsd=org/springframework/aop/config/spring-aop-2.0.xsd, http://www.springframework.org/schema/jee/spring-jee-3.0.xsd=org/springframework/ejb/config/spring-jee-3.0.xsd, http://www.springframework.org/schema/util/spring-util-4.1.xsd=org/springframework/beans/factory/xml/spring-util-4.1.xsd, http://www.springframework.org/schema/task/spring-task-3.1.xsd=org/springframework/scheduling/config/spring-task-3.1.xsd, http://www.springframework.org/schema/beans/spring-beans-3.0.xsd=org/springframework/beans/factory/xml/spring-beans-3.0.xsd, http://www.springframework.org/schema/jee/spring-jee.xsd=org/springframework/ejb/config/spring-jee-4.2.xsd, http://www.springframework.org/schema/aop/spring-aop-2.5.xsd=org/springframework/aop/config/spring-aop-2.5.xsd, http://www.springframework.org/schema/lang/spring-lang-2.0.xsd=org/springframework/scripting/config/spring-lang-2.0.xsd, http://www.springframework.org/schema/util/spring-util-3.2.xsd=org/springframework/beans/factory/xml/spring-util-3.2.xsd, http://www.springframework.org/schema/task/spring-task.xsd=org/springframework/scheduling/config/spring-task-4.2.xsd, http://www.springframework.org/schema/tool/spring-tool-2.0.xsd=org/springframework/beans/factory/xml/spring-tool-2.0.xsd, http://www.springframework.org/schema/tx/spring-tx-3.0.xsd=org/springframework/transaction/config/spring-tx-3.0.xsd, http://www.springframework.org/schema/lang/spring-lang-2.5.xsd=org/springframework/scripting/config/spring-lang-2.5.xsd, http://www.springframework.org/schema/context/spring-context-4.2.xsd=org/springframework/context/config/spring-context-4.2.xsd, http://www.springframework.org/schema/jee/spring-jee-2.0.xsd=org/springframework/ejb/config/spring-jee-2.0.xsd, http://www.springframework.org/schema/tool/spring-tool-2.5.xsd=org/springframework/beans/factory/xml/spring-tool-2.5.xsd, http://www.springframework.org/schema/jee/spring-jee-2.5.xsd=org/springframework/ejb/config/spring-jee-2.5.xsd, http://www.springframework.org/schema/util/spring-util-4.0.xsd=org/springframework/beans/factory/xml/spring-util-4.0.xsd, http://www.springframework.org/schema/task/spring-task-3.0.xsd=org/springframework/scheduling/config/spring-task-3.0.xsd, http://www.springframework.org/schema/aop/spring-aop-4.2.xsd=org/springframework/aop/config/spring-aop-4.2.xsd, http://www.springframework.org/schema/lang/spring-lang.xsd=org/springframework/scripting/config/spring-lang-4.2.xsd, http://www.springframework.org/schema/context/spring-context-3.2.xsd=org/springframework/context/config/spring-context-3.2.xsd, http://www.springframework.org/schema/jdbc/spring-jdbc-4.2.xsd=org/springframework/jdbc/config/spring-jdbc-4.2.xsd, http://www.springframework.org/schema/mvc/spring-mvc-4.2.xsd=org/springframework/web/servlet/config/spring-mvc-4.2.xsd, http://www.springframework.org/schema/util/spring-util-3.1.xsd=org/springframework/beans/factory/xml/spring-util-3.1.xsd, http://www.springframework.org/schema/beans/spring-beans-2.0.xsd=org/springframework/beans/factory/xml/spring-beans-2.0.xsd, http://www.springframework.org/schema/cache/spring-cache.xsd=org/springframework/cache/config/spring-cache-4.2.xsd, http://www.springframework.org/schema/tx/spring-tx.xsd=org/springframework/transaction/config/spring-tx-4.2.xsd, http://www.springframework.org/schema/lang/spring-lang-4.2.xsd=org/springframework/scripting/config/spring-lang-4.2.xsd, http://www.springframework.org/schema/context/spring-context-4.1.xsd=org/springframework/context/config/spring-context-4.1.xsd, http://www.springframework.org/schema/beans/spring-beans-2.5.xsd=org/springframework/beans/factory/xml/spring-beans-2.5.xsd, http://www.springframework.org/schema/tool/spring-tool-4.2.xsd=org/springframework/beans/factory/xml/spring-tool-4.2.xsd, http://www.springframework.org/schema/tx/spring-tx-2.0.xsd=org/springframework/transaction/config/spring-tx-2.0.xsd, http://www.alibaba.com/schema/stat.xsd=META-INF/stat.xsd, http://www.springframework.org/schema/jee/spring-jee-4.2.xsd=org/springframework/ejb/config/spring-jee-4.2.xsd, http://www.springframework.org/schema/jdbc/spring-jdbc-3.2.xsd=org/springframework/jdbc/config/spring-jdbc-3.2.xsd, http://www.springframework.org/schema/aop/spring-aop.xsd=org/springframework/aop/config/spring-aop-4.2.xsd}  
[DEBUG] 2017-08-24 15:26:45,458(280) --&gt; [main] org.springframework.beans.factory.xml.PluggableSchemaResolver.resolveEntity(PluggableSchemaResolver.java:119): Found XML schema [http://www.springframework.org/schema/beans/spring-beans-4.2.xsd] in classpath: org/springframework/beans/factory/xml/spring-beans-4.2.xsd  
[DEBUG] 2017-08-24 15:26:45,499(321) --&gt; [main] org.springframework.beans.factory.xml.PluggableSchemaResolver.resolveEntity(PluggableSchemaResolver.java:119): Found XML schema [http://www.springframework.org/schema/context/spring-context-4.2.xsd] in classpath: org/springframework/context/config/spring-context-4.2.xsd  
[DEBUG] 2017-08-24 15:26:45,514(336) --&gt; [main] org.springframework.beans.factory.xml.PluggableSchemaResolver.resolveEntity(PluggableSchemaResolver.java:119): Found XML schema [http://www.springframework.org/schema/tool/spring-tool-4.1.xsd] in classpath: org/springframework/beans/factory/xml/spring-tool-4.1.xsd  
[DEBUG] 2017-08-24 15:26:45,535(357) --&gt; [main] org.springframework.beans.factory.xml.PluggableSchemaResolver.resolveEntity(PluggableSchemaResolver.java:119): Found XML schema [http://www.springframework.org/schema/tx/spring-tx-4.2.xsd] in classpath: org/springframework/transaction/config/spring-tx-4.2.xsd  
[DEBUG] 2017-08-24 15:26:45,564(386) --&gt; [main] org.springframework.beans.factory.xml.PluggableSchemaResolver.resolveEntity(PluggableSchemaResolver.java:119): Found XML schema [http://www.springframework.org/schema/aop/spring-aop-4.2.xsd] in classpath: org/springframework/aop/config/spring-aop-4.2.xsd  
[DEBUG] 2017-08-24 15:26:45,589(411) --&gt; [main] org.springframework.beans.factory.xml.DefaultBeanDefinitionDocumentReader.registerBeanDefinitions(DefaultBeanDefinitionDocumentReader.java:92): Loading bean definitions  
[DEBUG] 2017-08-24 15:26:45,599(421) --&gt; [main] org.springframework.beans.factory.xml.DefaultNamespaceHandlerResolver.getHandlerMappings(DefaultNamespaceHandlerResolver.java:157): Loaded NamespaceHandler mappings: {http://www.springframework.org/schema/p=org.springframework.beans.factory.xml.SimplePropertyNamespaceHandler, http://www.springframework.org/schema/mvc=org.springframework.web.servlet.config.MvcNamespaceHandler, http://www.springframework.org/schema/util=org.springframework.beans.factory.xml.UtilNamespaceHandler, http://www.alibaba.com/schema/stat=com.alibaba.druid.support.spring.stat.config.DruidStatNamespaceHandler, http://www.springframework.org/schema/jee=org.springframework.ejb.config.JeeNamespaceHandler, http://www.springframework.org/schema/aop=org.springframework.aop.config.AopNamespaceHandler, http://www.springframework.org/schema/jdbc=org.springframework.jdbc.config.JdbcNamespaceHandler, http://www.springframework.org/schema/cache=org.springframework.cache.config.CacheNamespaceHandler, http://mybatis.org/schema/mybatis-spring=org.mybatis.spring.config.NamespaceHandler, http://www.springframework.org/schema/c=org.springframework.beans.factory.xml.SimpleConstructorNamespaceHandler, http://www.springframework.org/schema/tx=org.springframework.transaction.config.TxNamespaceHandler, http://www.springframework.org/schema/task=org.springframework.scheduling.config.TaskNamespaceHandler, http://www.springframework.org/schema/lang=org.springframework.scripting.config.LangNamespaceHandler, http://www.springframework.org/schema/context=org.springframework.context.config.ContextNamespaceHandler}  
[DEBUG] 2017-08-24 15:26:45,627(449) --&gt; [main] org.springframework.context.annotation.ClassPathScanningCandidateComponentProvider.registerDefaultFilters(ClassPathScanningCandidateComponentProvider.java:252): JSR-330 &apos;javax.inject.Named&apos; annotation found and supported for component scanning  
[DEBUG] 2017-08-24 15:26:45,642(464) --&gt; [main] org.springframework.core.io.support.PathMatchingResourcePatternResolver.doFindMatchingFileSystemResources(PathMatchingResourcePatternResolver.java:631): Looking for matching resources in directory tree [D:\learning\development\IdesProjects\FLATSRM\target\test-classes\com\flat\srm]  
[DEBUG] 2017-08-24 15:26:45,643(465) --&gt; [main] org.springframework.core.io.support.PathMatchingResourcePatternResolver.doRetrieveMatchingFiles(PathMatchingResourcePatternResolver.java:693): Searching directory [D:\learning\development\IdesProjects\FLATSRM\target\test-classes\com\flat\srm] for files matching pattern [D:/learning/development/IdesProjects/FLATSRM/target/test-classes/com/flat/srm/**/*.class]  
[DEBUG] 2017-08-24 15:26:45,645(467) --&gt; [main] org.springframework.core.io.support.PathMatchingResourcePatternResolver.doRetrieveMatchingFiles(PathMatchingResourcePatternResolver.java:693): Searching directory [D:\learning\development\IdesProjects\FLATSRM\target\test-classes\com\flat\srm\dictionary] for files matching pattern [D:/learning/development/IdesProjects/FLATSRM/target/test-classes/com/flat/srm/**/*.class]  
[DEBUG] 2017-08-24 15:26:45,646(468) --&gt; [main] org.springframework.core.io.support.PathMatchingResourcePatternResolver.doRetrieveMatchingFiles(PathMatchingResourcePatternResolver.java:693): Searching directory [D:\learning\development\IdesProjects\FLATSRM\target\test-classes\com\flat\srm\system] for files matching pattern [D:/learning/development/IdesProjects/FLATSRM/target/test-classes/com/flat/srm/**/*.class]  
[DEBUG] 2017-08-24 15:26:45,648(470) --&gt; [main] org.springframework.core.io.support.PathMatchingResourcePatternResolver.doFindMatchingFileSystemResources(PathMatchingResourcePatternResolver.java:631): Looking for matching resources in directory tree [D:\learning\development\IdesProjects\FLATSRM\target\classes\com\flat\srm]  
[DEBUG] 2017-08-24 15:26:45,649(471) --&gt; [main] org.springframework.core.io.support.PathMatchingResourcePatternResolver.doRetrieveMatchingFiles(PathMatchingResourcePatternResolver.java:693): Searching directory [D:\learning\development\IdesProjects\FLATSRM\target\classes\com\flat\srm] for files matching pattern [D:/learning/development/IdesProjects/FLATSRM/target/classes/com/flat/srm/**/*.class]  
[DEBUG] 2017-08-24 15:26:45,650(472) --&gt; [main] org.springframework.core.io.support.PathMatchingResourcePatternResolver.doRetrieveMatchingFiles(PathMatchingResourcePatternResolver.java:693): Searching directory [D:\learning\development\IdesProjects\FLATSRM\target\classes\com\flat\srm\common] for files matching pattern [D:/learning/development/IdesProjects/FLATSRM/target/classes/com/flat/srm/**/*.class]  
[DEBUG] 2017-08-24 15:26:45,651(473) --&gt; [main] org.springframework.core.io.support.PathMatchingResourcePatternResolver.doRetrieveMatchingFiles(PathMatchingResourcePatternResolver.java:693): Searching directory [D:\learning\development\IdesProjects\FLATSRM\target\classes\com\flat\srm\common\core] for files matching pattern [D:/learning/development/IdesProjects/FLATSRM/target/classes/com/flat/srm/**/*.class]  
[DEBUG] 2017-08-24 15:26:45,652(474) --&gt; [main] org.springframework.core.io.support.PathMatchingResourcePatternResolver.doRetrieveMatchingFiles(PathMatchingResourcePatternResolver.java:693): Searching directory [D:\learning\development\IdesProjects\FLATSRM\target\classes\com\flat\srm\common\core\aop] for files matching pattern [D:/learning/development/IdesProjects/FLATSRM/target/classes/com/flat/srm/**/*.class]  
[DEBUG] 2017-08-24 15:26:45,656(478) --&gt; [main] org.springframework.core.io.support.PathMatchingResourcePatternResolver.doRetrieveMatchingFiles(PathMatchingResourcePatternResolver.java:693): Searching directory [D:\learning\development\IdesProjects\FLATSRM\target\classes\com\flat\srm\common\core\des] for files matching pattern [D:/learning/development/IdesProjects/FLATSRM/target/classes/com/flat/srm/**/*.class]  
[DEBUG] 2017-08-24 15:26:45,658(480) --&gt; [main] org.springframework.core.io.support.PathMatchingResourcePatternResolver.doRetrieveMatchingFiles(PathMatchingResourcePatternResolver.java:693): Searching directory [D:\learning\development\IdesProjects\FLATSRM\target\classes\com\flat\srm\common\datasource] for files matching pattern [D:/learning/development/IdesProjects/FLATSRM/target/classes/com/flat/srm/**/*.class]  
[DEBUG] 2017-08-24 15:26:45,659(481) --&gt; [main] org.springframework.core.io.support.PathMatchingResourcePatternResolver.doRetrieveMatchingFiles(PathMatchingResourcePatternResolver.java:693): Searching directory [D:\learning\development\IdesProjects\FLATSRM\target\classes\com\flat\srm\common\ex] for files matching pattern [D:/learning/development/IdesProjects/FLATSRM/target/classes/com/flat/srm/**/*.class]  
[DEBUG] 2017-08-24 15:26:45,660(482) --&gt; [main] org.springframework.core.io.support.PathMatchingResourcePatternResolver.doRetrieveMatchingFiles(PathMatchingResourcePatternResolver.java:693): Searching directory [D:\learning\development\IdesProjects\FLATSRM\target\classes\com\flat\srm\common\publicBean] for files matching pattern [D:/learning/development/IdesProjects/FLATSRM/target/classes/com/flat/srm/**/*.class]  
[DEBUG] 2017-08-24 15:26:45,661(483) --&gt; [main] org.springframework.core.io.support.PathMatchingResourcePatternResolver.doRetrieveMatchingFiles(PathMatchingResourcePatternResolver.java:693): Searching directory [D:\learning\development\IdesProjects\FLATSRM\target\classes\com\flat\srm\common\security] for files matching pattern [D:/learning/development/IdesProjects/FLATSRM/target/classes/com/flat/srm/**/*.class]  
[DEBUG] 2017-08-24 15:26:45,662(484) --&gt; [main] org.springframework.core.io.support.PathMatchingResourcePatternResolver.doRetrieveMatchingFiles(PathMatchingResourcePatternResolver.java:693): Searching directory [D:\learning\development\IdesProjects\FLATSRM\target\classes\com\flat\srm\common\security\bean] for files matching pattern [D:/learning/development/IdesProjects/FLATSRM/target/classes/com/flat/srm/**/*.class]  
[DEBUG] 2017-08-24 15:26:45,663(485) --&gt; [main] org.springframework.core.io.support.PathMatchingResourcePatternResolver.doRetrieveMatchingFiles(PathMatchingResourcePatternResolver.java:693): Searching directory [D:\learning\development\IdesProjects\FLATSRM\target\classes\com\flat\srm\common\security\filter] for files matching pattern [D:/learning/development/IdesProjects/FLATSRM/target/classes/com/flat/srm/**/*.class]  
[DEBUG] 2017-08-24 15:26:45,664(486) --&gt; [main] org.springframework.core.io.support.PathMatchingResourcePatternResolver.doRetrieveMatchingFiles(PathMatchingResourcePatternResolver.java:693): Searching directory [D:\learning\development\IdesProjects\FLATSRM\target\classes\com\flat\srm\common\security\listenter] for files matching pattern [D:/learning/development/IdesProjects/FLATSRM/target/classes/com/flat/srm/**/*.class]  
[DEBUG] 2017-08-24 15:26:45,665(487) --&gt; [main] org.springframework.core.io.support.PathMatchingResourcePatternResolver.doRetrieveMatchingFiles(PathMatchingResourcePatternResolver.java:693): Searching directory [D:\learning\development\IdesProjects\FLATSRM\target\classes\com\flat\srm\common\tag] for files matching pattern [D:/learning/development/IdesProjects/FLATSRM/target/classes/com/flat/srm/**/*.class]  
[DEBUG] 2017-08-24 15:26:45,668(490) --&gt; [main] org.springframework.core.io.support.PathMatchingResourcePatternResolver.doRetrieveMatchingFiles(PathMatchingResourcePatternResolver.java:693): Searching directory [D:\learning\development\IdesProjects\FLATSRM\target\classes\com\flat\srm\common\util] for files matching pattern [D:/learning/development/IdesProjects/FLATSRM/target/classes/com/flat/srm/**/*.class]  
[DEBUG] 2017-08-24 15:26:45,669(491) --&gt; [main] org.springframework.core.io.support.PathMatchingResourcePatternResolver.doRetrieveMatchingFiles(PathMatchingResourcePatternResolver.java:693): Searching directory [D:\learning\development\IdesProjects\FLATSRM\target\classes\com\flat\srm\common\util\ip] for files matching pattern [D:/learning/development/IdesProjects/FLATSRM/target/classes/com/flat/srm/**/*.class]  
[DEBUG] 2017-08-24 15:26:45,671(493) --&gt; [main] org.springframework.core.io.support.PathMatchingResourcePatternResolver.doRetrieveMatchingFiles(PathMatchingResourcePatternResolver.java:693): Searching directory [D:\learning\development\IdesProjects\FLATSRM\target\classes\com\flat\srm\dictionary] for files matching pattern [D:/learning/development/IdesProjects/FLATSRM/target/classes/com/flat/srm/**/*.class]  
[DEBUG] 2017-08-24 15:26:45,673(495) --&gt; [main] org.springframework.core.io.support.PathMatchingResourcePatternResolver.doRetrieveMatchingFiles(PathMatchingResourcePatternResolver.java:693): Searching directory [D:\learning\development\IdesProjects\FLATSRM\target\classes\com\flat\srm\dictionary\bean] for files matching pattern [D:/learning/development/IdesProjects/FLATSRM/target/classes/com/flat/srm/**/*.class]  
[DEBUG] 2017-08-24 15:26:45,676(498) --&gt; [main] org.springframework.core.io.support.PathMatchingResourcePatternResolver.doRetrieveMatchingFiles(PathMatchingResourcePatternResolver.java:693): Searching directory [D:\learning\development\IdesProjects\FLATSRM\target\classes\com\flat\srm\dictionary\dao] for files matching pattern [D:/learning/development/IdesProjects/FLATSRM/target/classes/com/flat/srm/**/*.class]  
[DEBUG] 2017-08-24 15:26:45,677(499) --&gt; [main] org.springframework.core.io.support.PathMatchingResourcePatternResolver.doRetrieveMatchingFiles(PathMatchingResourcePatternResolver.java:693): Searching directory [D:\learning\development\IdesProjects\FLATSRM\target\classes\com\flat\srm\dictionary\dao\supplier] for files matching pattern [D:/learning/development/IdesProjects/FLATSRM/target/classes/com/flat/srm/**/*.class]  
[DEBUG] 2017-08-24 15:26:45,678(500) --&gt; [main] org.springframework.core.io.support.PathMatchingResourcePatternResolver.doRetrieveMatchingFiles(PathMatchingResourcePatternResolver.java:693): Searching directory [D:\learning\development\IdesProjects\FLATSRM\target\classes\com\flat\srm\dictionary\dao\supplierPicture] for files matching pattern [D:/learning/development/IdesProjects/FLATSRM/target/classes/com/flat/srm/**/*.class]  
[DEBUG] 2017-08-24 15:26:45,678(500) --&gt; [main] org.springframework.core.io.support.PathMatchingResourcePatternResolver.doRetrieveMatchingFiles(PathMatchingResourcePatternResolver.java:693): Searching directory [D:\learning\development\IdesProjects\FLATSRM\target\classes\com\flat\srm\dictionary\service] for files matching pattern [D:/learning/development/IdesProjects/FLATSRM/target/classes/com/flat/srm/**/*.class]  
[DEBUG] 2017-08-24 15:26:45,679(501) --&gt; [main] org.springframework.core.io.support.PathMatchingResourcePatternResolver.doRetrieveMatchingFiles(PathMatchingResourcePatternResolver.java:693): Searching directory [D:\learning\development\IdesProjects\FLATSRM\target\classes\com\flat\srm\dictionary\service\supplier] for files matching pattern [D:/learning/development/IdesProjects/FLATSRM/target/classes/com/flat/srm/**/*.class]  
[DEBUG] 2017-08-24 15:26:45,679(501) --&gt; [main] org.springframework.core.io.support.PathMatchingResourcePatternResolver.doRetrieveMatchingFiles(PathMatchingResourcePatternResolver.java:693): Searching directory [D:\learning\development\IdesProjects\FLATSRM\target\classes\com\flat\srm\dictionary\service\supplier\impl] for files matching pattern [D:/learning/development/IdesProjects/FLATSRM/target/classes/com/flat/srm/**/*.class]  
[DEBUG] 2017-08-24 15:26:45,680(502) --&gt; [main] org.springframework.core.io.support.PathMatchingResourcePatternResolver.doRetrieveMatchingFiles(PathMatchingResourcePatternResolver.java:693): Searching directory [D:\learning\development\IdesProjects\FLATSRM\target\classes\com\flat\srm\dictionary\service\supplierPicture] for files matching pattern [D:/learning/development/IdesProjects/FLATSRM/target/classes/com/flat/srm/**/*.class]  
[DEBUG] 2017-08-24 15:26:45,681(503) --&gt; [main] org.springframework.core.io.support.PathMatchingResourcePatternResolver.doRetrieveMatchingFiles(PathMatchingResourcePatternResolver.java:693): Searching directory [D:\learning\development\IdesProjects\FLATSRM\target\classes\com\flat\srm\dictionary\service\supplierPicture\impl] for files matching pattern [D:/learning/development/IdesProjects/FLATSRM/target/classes/com/flat/srm/**/*.class]  
[DEBUG] 2017-08-24 15:26:45,681(503) --&gt; [main] org.springframework.core.io.support.PathMatchingResourcePatternResolver.doRetrieveMatchingFiles(PathMatchingResourcePatternResolver.java:693): Searching directory [D:\learning\development\IdesProjects\FLATSRM\target\classes\com\flat\srm\dictionary\web] for files matching pattern [D:/learning/development/IdesProjects/FLATSRM/target/classes/com/flat/srm/**/*.class]  
[DEBUG] 2017-08-24 15:26:45,687(509) --&gt; [main] org.springframework.core.io.support.PathMatchingResourcePatternResolver.doRetrieveMatchingFiles(PathMatchingResourcePatternResolver.java:693): Searching directory [D:\learning\development\IdesProjects\FLATSRM\target\classes\com\flat\srm\system] for files matching pattern [D:/learning/development/IdesProjects/FLATSRM/target/classes/com/flat/srm/**/*.class]  
[DEBUG] 2017-08-24 15:26:45,688(510) --&gt; [main] org.springframework.core.io.support.PathMatchingResourcePatternResolver.doRetrieveMatchingFiles(PathMatchingResourcePatternResolver.java:693): Searching directory [D:\learning\development\IdesProjects\FLATSRM\target\classes\com\flat\srm\system\bean] for files matching pattern [D:/learning/development/IdesProjects/FLATSRM/target/classes/com/flat/srm/**/*.class]  
[DEBUG] 2017-08-24 15:26:45,689(511) --&gt; [main] org.springframework.core.io.support.PathMatchingResourcePatternResolver.doRetrieveMatchingFiles(PathMatchingResourcePatternResolver.java:693): Searching directory [D:\learning\development\IdesProjects\FLATSRM\target\classes\com\flat\srm\system\dao] for files matching pattern [D:/learning/development/IdesProjects/FLATSRM/target/classes/com/flat/srm/**/*.class]  
[DEBUG] 2017-08-24 15:26:45,690(512) --&gt; [main] org.springframework.core.io.support.PathMatchingResourcePatternResolver.doRetrieveMatchingFiles(PathMatchingResourcePatternResolver.java:693): Searching directory [D:\learning\development\IdesProjects\FLATSRM\target\classes\com\flat\srm\system\dao\adminlog] for files matching pattern [D:/learning/development/IdesProjects/FLATSRM/target/classes/com/flat/srm/**/*.class]  
[DEBUG] 2017-08-24 15:26:45,692(514) --&gt; [main] org.springframework.core.io.support.PathMatchingResourcePatternResolver.doRetrieveMatchingFiles(PathMatchingResourcePatternResolver.java:693): Searching directory [D:\learning\development\IdesProjects\FLATSRM\target\classes\com\flat\srm\system\dao\authorization] for files matching pattern [D:/learning/development/IdesProjects/FLATSRM/target/classes/com/flat/srm/**/*.class]  
[DEBUG] 2017-08-24 15:26:45,693(515) --&gt; [main] org.springframework.core.io.support.PathMatchingResourcePatternResolver.doRetrieveMatchingFiles(PathMatchingResourcePatternResolver.java:693): Searching directory [D:\learning\development\IdesProjects\FLATSRM\target\classes\com\flat\srm\system\dao\permissions] for files matching pattern [D:/learning/development/IdesProjects/FLATSRM/target/classes/com/flat/srm/**/*.class]  
[DEBUG] 2017-08-24 15:26:45,694(516) --&gt; [main] org.springframework.core.io.support.PathMatchingResourcePatternResolver.doRetrieveMatchingFiles(PathMatchingResourcePatternResolver.java:693): Searching directory [D:\learning\development\IdesProjects\FLATSRM\target\classes\com\flat\srm\system\dao\role] for files matching pattern [D:/learning/development/IdesProjects/FLATSRM/target/classes/com/flat/srm/**/*.class]  
[DEBUG] 2017-08-24 15:26:45,695(517) --&gt; [main] org.springframework.core.io.support.PathMatchingResourcePatternResolver.doRetrieveMatchingFiles(PathMatchingResourcePatternResolver.java:693): Searching directory [D:\learning\development\IdesProjects\FLATSRM\target\classes\com\flat\srm\system\dao\user] for files matching pattern [D:/learning/development/IdesProjects/FLATSRM/target/classes/com/flat/srm/**/*.class]  
[DEBUG] 2017-08-24 15:26:45,696(518) --&gt; [main] org.springframework.core.io.support.PathMatchingResourcePatternResolver.doRetrieveMatchingFiles(PathMatchingResourcePatternResolver.java:693): Searching directory [D:\learning\development\IdesProjects\FLATSRM\target\classes\com\flat\srm\system\service] for files matching pattern [D:/learning/development/IdesProjects/FLATSRM/target/classes/com/flat/srm/**/*.class]  
[DEBUG] 2017-08-24 15:26:45,696(518) --&gt; [main] org.springframework.core.io.support.PathMatchingResourcePatternResolver.doRetrieveMatchingFiles(PathMatchingResourcePatternResolver.java:693): Searching directory [D:\learning\development\IdesProjects\FLATSRM\target\classes\com\flat\srm\system\service\authorization] for files matching pattern [D:/learning/development/IdesProjects/FLATSRM/target/classes/com/flat/srm/**/*.class]  
[DEBUG] 2017-08-24 15:26:45,699(521) --&gt; [main] org.springframework.core.io.support.PathMatchingResourcePatternResolver.doRetrieveMatchingFiles(PathMatchingResourcePatternResolver.java:693): Searching directory [D:\learning\development\IdesProjects\FLATSRM\target\classes\com\flat\srm\system\service\authorization\impl] for files matching pattern [D:/learning/development/IdesProjects/FLATSRM/target/classes/com/flat/srm/**/*.class]  
[DEBUG] 2017-08-24 15:26:45,700(522) --&gt; [main] org.springframework.core.io.support.PathMatchingResourcePatternResolver.doRetrieveMatchingFiles(PathMatchingResourcePatternResolver.java:693): Searching directory [D:\learning\development\IdesProjects\FLATSRM\target\classes\com\flat\srm\system\service\permissions] for files matching pattern [D:/learning/development/IdesProjects/FLATSRM/target/classes/com/flat/srm/**/*.class]  
[DEBUG] 2017-08-24 15:26:45,701(523) --&gt; [main] org.springframework.core.io.support.PathMatchingResourcePatternResolver.doRetrieveMatchingFiles(PathMatchingResourcePatternResolver.java:693): Searching directory [D:\learning\development\IdesProjects\FLATSRM\target\classes\com\flat\srm\system\service\permissions\impl] for files matching pattern [D:/learning/development/IdesProjects/FLATSRM/target/classes/com/flat/srm/**/*.class]  
[DEBUG] 2017-08-24 15:26:45,702(524) --&gt; [main] org.springframework.core.io.support.PathMatchingResourcePatternResolver.doRetrieveMatchingFiles(PathMatchingResourcePatternResolver.java:693): Searching directory [D:\learning\development\IdesProjects\FLATSRM\target\classes\com\flat\srm\system\service\role] for files matching pattern [D:/learning/development/IdesProjects/FLATSRM/target/classes/com/flat/srm/**/*.class]  
[DEBUG] 2017-08-24 15:26:45,702(524) --&gt; [main] org.springframework.core.io.support.PathMatchingResourcePatternResolver.doRetrieveMatchingFiles(PathMatchingResourcePatternResolver.java:693): Searching directory [D:\learning\development\IdesProjects\FLATSRM\target\classes\com\flat\srm\system\service\role\impl] for files matching pattern [D:/learning/development/IdesProjects/FLATSRM/target/classes/com/flat/srm/**/*.class]  
[DEBUG] 2017-08-24 15:26:45,703(525) --&gt; [main] org.springframework.core.io.support.PathMatchingResourcePatternResolver.doRetrieveMatchingFiles(PathMatchingResourcePatternResolver.java:693): Searching directory [D:\learning\development\IdesProjects\FLATSRM\target\classes\com\flat\srm\system\service\user] for files matching pattern [D:/learning/development/IdesProjects/FLATSRM/target/classes/com/flat/srm/**/*.class]  
[DEBUG] 2017-08-24 15:26:45,703(525) --&gt; [main] org.springframework.core.io.support.PathMatchingResourcePatternResolver.doRetrieveMatchingFiles(PathMatchingResourcePatternResolver.java:693): Searching directory [D:\learning\development\IdesProjects\FLATSRM\target\classes\com\flat\srm\system\service\user\impl] for files matching pattern [D:/learning/development/IdesProjects/FLATSRM/target/classes/com/flat/srm/**/*.class]  
[DEBUG] 2017-08-24 15:26:45,706(528) --&gt; [main] org.springframework.core.io.support.PathMatchingResourcePatternResolver.doRetrieveMatchingFiles(PathMatchingResourcePatternResolver.java:693): Searching directory [D:\learning\development\IdesProjects\FLATSRM\target\classes\com\flat\srm\system\web] for files matching pattern [D:/learning/development/IdesProjects/FLATSRM/target/classes/com/flat/srm/**/*.class]  
[DEBUG] 2017-08-24 15:26:45,739(561) --&gt; [main] org.springframework.core.io.support.PathMatchingResourcePatternResolver.findPathMatchingResources(PathMatchingResourcePatternResolver.java:424): Resolved location pattern [classpath*:com/flat/srm/**/*.class] to resources [file [D:\learning\development\IdesProjects\FLATSRM\target\test-classes\com\flat\srm\dictionary\SupplierText.class], file [D:\learning\development\IdesProjects\FLATSRM\target\test-classes\com\flat\srm\system\UserTest.class], file [D:\learning\development\IdesProjects\FLATSRM\target\classes\com\flat\srm\common\core\aop\LogInterceptor.class], file [D:\learning\development\IdesProjects\FLATSRM\target\classes\com\flat\srm\common\core\aop\ThrowingInterceptor.class], file [D:\learning\development\IdesProjects\FLATSRM\target\classes\com\flat\srm\common\core\BaseController.class], file [D:\learning\development\IdesProjects\FLATSRM\target\classes\com\flat\srm\common\core\BasePathExpsoer.class], file [D:\learning\development\IdesProjects\FLATSRM\target\classes\com\flat\srm\common\core\des\DESUtils.class], file [D:\learning\development\IdesProjects\FLATSRM\target\classes\com\flat\srm\common\core\des\EncryptPropertyPlaceholderConfigurer.class], file [D:\learning\development\IdesProjects\FLATSRM\target\classes\com\flat\srm\common\core\ExamplePlugin.class], file [D:\learning\development\IdesProjects\FLATSRM\target\classes\com\flat\srm\common\core\UTF8StringHttpMessageConverter.class], file [D:\learning\development\IdesProjects\FLATSRM\target\classes\com\flat\srm\common\datasource\DataSourceContextHolder.class], file [D:\learning\development\IdesProjects\FLATSRM\target\classes\com\flat\srm\common\datasource\DataSourceType.class], file [D:\learning\development\IdesProjects\FLATSRM\target\classes\com\flat\srm\common\datasource\DynamicDataSource.class], file [D:\learning\development\IdesProjects\FLATSRM\target\classes\com\flat\srm\common\ex\MyExceptionHandler.class], file [D:\learning\development\IdesProjects\FLATSRM\target\classes\com\flat\srm\common\publicBean\TzParams.class], file [D:\learning\development\IdesProjects\FLATSRM\target\classes\com\flat\srm\common\security\bean\ShiroToken.class], file [D:\learning\development\IdesProjects\FLATSRM\target\classes\com\flat\srm\common\security\filter\LoginFormAuthFilter.class], file [D:\learning\development\IdesProjects\FLATSRM\target\classes\com\flat\srm\common\security\listenter\CustomSessionListener.class], file [D:\learning\development\IdesProjects\FLATSRM\target\classes\com\flat\srm\common\security\ShiroSessionUtil.class], file [D:\learning\development\IdesProjects\FLATSRM\target\classes\com\flat\srm\common\security\UserRealm.class], file [D:\learning\development\IdesProjects\FLATSRM\target\classes\com\flat\srm\common\tag\ContentListTag.class], file [D:\learning\development\IdesProjects\FLATSRM\target\classes\com\flat\srm\common\tag\FindRoleTag.class], file [D:\learning\development\IdesProjects\FLATSRM\target\classes\com\flat\srm\common\tag\JgzFunctions.class], file [D:\learning\development\IdesProjects\FLATSRM\target\classes\com\flat\srm\common\tag\jgzRMB.class], file [D:\learning\development\IdesProjects\FLATSRM\target\classes\com\flat\srm\common\tag\JgzTagCx.class], file [D:\learning\development\IdesProjects\FLATSRM\target\classes\com\flat\srm\common\tag\PermissionsTag.class], file [D:\learning\development\IdesProjects\FLATSRM\target\classes\com\flat\srm\common\tag\TextTag.class], file [D:\learning\development\IdesProjects\FLATSRM\target\classes\com\flat\srm\common\tag\TzElseTag.class], file [D:\learning\development\IdesProjects\FLATSRM\target\classes\com\flat\srm\common\tag\TzIFTag.class], file [D:\learning\development\IdesProjects\FLATSRM\target\classes\com\flat\srm\common\tag\TzThenTag.class], file [D:\learning\development\IdesProjects\FLATSRM\target\classes\com\flat\srm\common\util\BooleanEditor.class], file [D:\learning\development\IdesProjects\FLATSRM\target\classes\com\flat\srm\common\util\DateEditor.class], file [D:\learning\development\IdesProjects\FLATSRM\target\classes\com\flat\srm\common\util\DateFormateEditor.class], file [D:\learning\development\IdesProjects\FLATSRM\target\classes\com\flat\srm\common\util\ip\IPEntry.class], file [D:\learning\development\IdesProjects\FLATSRM\target\classes\com\flat\srm\common\util\ip\IPLocation.class], file [D:\learning\development\IdesProjects\FLATSRM\target\classes\com\flat\srm\common\util\ip\IPSeeker.class], file [D:\learning\development\IdesProjects\FLATSRM\target\classes\com\flat\srm\common\util\ip\LogFactory.class], file [D:\learning\development\IdesProjects\FLATSRM\target\classes\com\flat\srm\common\util\ip\Message.class], file [D:\learning\development\IdesProjects\FLATSRM\target\classes\com\flat\srm\common\util\ip\TmIPSeeker.class], file [D:\learning\development\IdesProjects\FLATSRM\target\classes\com\flat\srm\common\util\ip\TmIpUtil.class], file [D:\learning\development\IdesProjects\FLATSRM\target\classes\com\flat\srm\common\util\ip\TmStringSubUtil.class], file [D:\learning\development\IdesProjects\FLATSRM\target\classes\com\flat\srm\common\util\ip\Util.class], file [D:\learning\development\IdesProjects\FLATSRM\target\classes\com\flat\srm\common\util\JgzConstant.class], file [D:\learning\development\IdesProjects\FLATSRM\target\classes\com\flat\srm\common\util\LoggerUtils.class], file [D:\learning\development\IdesProjects\FLATSRM\target\classes\com\flat\srm\common\util\SerializeUtil.class], file [D:\learning\development\IdesProjects\FLATSRM\target\classes\com\flat\srm\common\util\StringToDateConvert.class], file [D:\learning\development\IdesProjects\FLATSRM\target\classes\com\flat\srm\common\util\stringUtil.class], file [D:\learning\development\IdesProjects\FLATSRM\target\classes\com\flat\srm\common\util\TmFileUtil$1.class], file [D:\learning\development\IdesProjects\FLATSRM\target\classes\com\flat\srm\common\util\TmFileUtil$2.class], file [D:\learning\development\IdesProjects\FLATSRM\target\classes\com\flat\srm\common\util\TmFileUtil$3.class], file [D:\learning\development\IdesProjects\FLATSRM\target\classes\com\flat\srm\common\util\TmFileUtil.class], file [D:\learning\development\IdesProjects\FLATSRM\target\classes\com\flat\srm\common\util\TmStringUtils$1.class], file [D:\learning\development\IdesProjects\FLATSRM\target\classes\com\flat\srm\common\util\TmStringUtils$ENCODING.class], file [D:\learning\development\IdesProjects\FLATSRM\target\classes\com\flat\srm\common\util\TmStringUtils.class], file [D:\learning\development\IdesProjects\FLATSRM\target\classes\com\flat\srm\dictionary\bean\Supplier.class], file [D:\learning\development\IdesProjects\FLATSRM\target\classes\com\flat\srm\dictionary\bean\SupplierPicture.class], file [D:\learning\development\IdesProjects\FLATSRM\target\classes\com\flat\srm\dictionary\dao\supplier\ISupplierMapper.class], file [D:\learning\development\IdesProjects\FLATSRM\target\classes\com\flat\srm\dictionary\dao\supplierPicture\ISupplierPictureMapper.class], file [D:\learning\development\IdesProjects\FLATSRM\target\classes\com\flat\srm\dictionary\service\supplier\impl\SupplierServiceImpl.class], file [D:\learning\development\IdesProjects\FLATSRM\target\classes\com\flat\srm\dictionary\service\supplier\ISupplierService.class], file [D:\learning\development\IdesProjects\FLATSRM\target\classes\com\flat\srm\dictionary\service\supplierPicture\impl\SupplierPictureImpl.class], file [D:\learning\development\IdesProjects\FLATSRM\target\classes\com\flat\srm\dictionary\service\supplierPicture\ISupplierPictureService.class], file [D:\learning\development\IdesProjects\FLATSRM\target\classes\com\flat\srm\dictionary\web\SupplierController.class], file [D:\learning\development\IdesProjects\FLATSRM\target\classes\com\flat\srm\system\bean\AdminLog.class], file [D:\learning\development\IdesProjects\FLATSRM\target\classes\com\flat\srm\system\bean\Authorization.class], file [D:\learning\development\IdesProjects\FLATSRM\target\classes\com\flat\srm\system\bean\Permissions.class], file [D:\learning\development\IdesProjects\FLATSRM\target\classes\com\flat\srm\system\bean\Role.class], file [D:\learning\development\IdesProjects\FLATSRM\target\classes\com\flat\srm\system\bean\User.class], file [D:\learning\development\IdesProjects\FLATSRM\target\classes\com\flat\srm\system\dao\adminlog\IAdminLogMapper.class], file [D:\learning\development\IdesProjects\FLATSRM\target\classes\com\flat\srm\system\dao\authorization\IAuthorizationMapper.class], file [D:\learning\development\IdesProjects\FLATSRM\target\classes\com\flat\srm\system\dao\permissions\IPermissionsMapper.class], file [D:\learning\development\IdesProjects\FLATSRM\target\classes\com\flat\srm\system\dao\role\IRoleMapper.class], file [D:\learning\development\IdesProjects\FLATSRM\target\classes\com\flat\srm\system\dao\user\IUserMapper.class], file [D:\learning\development\IdesProjects\FLATSRM\target\classes\com\flat\srm\system\service\authorization\IAuthorizationService.class], file [D:\learning\development\IdesProjects\FLATSRM\target\classes\com\flat\srm\system\service\authorization\impl\AuthorizationServiceImpl.class], file [D:\learning\development\IdesProjects\FLATSRM\target\classes\com\flat\srm\system\service\permissions\impl\PermissionsServiceImpl.class], file [D:\learning\development\IdesProjects\FLATSRM\target\classes\com\flat\srm\system\service\permissions\IPermissionsService.class], file [D:\learning\development\IdesProjects\FLATSRM\target\classes\com\flat\srm\system\service\role\impl\RoleServiceImpl.class], file [D:\learning\development\IdesProjects\FLATSRM\target\classes\com\flat\srm\system\service\role\IRoleService.class], file [D:\learning\development\IdesProjects\FLATSRM\target\classes\com\flat\srm\system\service\user\impl\UserServiceImpl.class], file [D:\learning\development\IdesProjects\FLATSRM\target\classes\com\flat\srm\system\service\user\IUserService.class], file [D:\learning\development\IdesProjects\FLATSRM\target\classes\com\flat\srm\system\web\authorizationController.class], file [D:\learning\development\IdesProjects\FLATSRM\target\classes\com\flat\srm\system\web\CaptchaImageCreateController.class], file [D:\learning\development\IdesProjects\FLATSRM\target\classes\com\flat\srm\system\web\DictionaryController.class], file [D:\learning\development\IdesProjects\FLATSRM\target\classes\com\flat\srm\system\web\ErrorController.class], file [D:\learning\development\IdesProjects\FLATSRM\target\classes\com\flat\srm\system\web\IndexController.class], file [D:\learning\development\IdesProjects\FLATSRM\target\classes\com\flat\srm\system\web\LoginController.class], file [D:\learning\development\IdesProjects\FLATSRM\target\classes\com\flat\srm\system\web\PermissionsMGController.class], file [D:\learning\development\IdesProjects\FLATSRM\target\classes\com\flat\srm\system\web\RegisteredController.class], file [D:\learning\development\IdesProjects\FLATSRM\target\classes\com\flat\srm\system\web\RoleMGController.class], file [D:\learning\development\IdesProjects\FLATSRM\target\classes\com\flat\srm\system\web\UploadController.class], file [D:\learning\development\IdesProjects\FLATSRM\target\classes\com\flat\srm\system\web\UserMGController.class]]  
[DEBUG] 2017-08-24 15:26:45,806(628) --&gt; [main] org.springframework.context.annotation.ClassPathScanningCandidateComponentProvider.findCandidateComponents(ClassPathScanningCandidateComponentProvider.java:292): Ignored because not a concrete top-level class: file [D:\learning\development\IdesProjects\FLATSRM\target\classes\com\flat\srm\dictionary\dao\supplier\ISupplierMapper.class]  
[DEBUG] 2017-08-24 15:26:45,809(631) --&gt; [main] org.springframework.context.annotation.ClassPathScanningCandidateComponentProvider.findCandidateComponents(ClassPathScanningCandidateComponentProvider.java:292): Ignored because not a concrete top-level class: file [D:\learning\development\IdesProjects\FLATSRM\target\classes\com\flat\srm\dictionary\dao\supplierPicture\ISupplierPictureMapper.class]  
[DEBUG] 2017-08-24 15:26:45,811(633) --&gt; [main] org.springframework.context.annotation.ClassPathScanningCandidateComponentProvider.findCandidateComponents(ClassPathScanningCandidateComponentProvider.java:286): Identified candidate component class: file [D:\learning\development\IdesProjects\FLATSRM\target\classes\com\flat\srm\dictionary\service\supplier\impl\SupplierServiceImpl.class]  
[DEBUG] 2017-08-24 15:26:45,812(634) --&gt; [main] org.springframework.context.annotation.ClassPathScanningCandidateComponentProvider.findCandidateComponents(ClassPathScanningCandidateComponentProvider.java:286): Identified candidate component class: file [D:\learning\development\IdesProjects\FLATSRM\target\classes\com\flat\srm\dictionary\service\supplierPicture\impl\SupplierPictureImpl.class]  
[DEBUG] 2017-08-24 15:26:45,820(642) --&gt; [main] org.springframework.context.annotation.ClassPathScanningCandidateComponentProvider.findCandidateComponents(ClassPathScanningCandidateComponentProvider.java:292): Ignored because not a concrete top-level class: file [D:\learning\development\IdesProjects\FLATSRM\target\classes\com\flat\srm\system\dao\adminlog\IAdminLogMapper.class]  
[DEBUG] 2017-08-24 15:26:45,821(643) --&gt; [main] org.springframework.context.annotation.ClassPathScanningCandidateComponentProvider.findCandidateComponents(ClassPathScanningCandidateComponentProvider.java:292): Ignored because not a concrete top-level class: file [D:\learning\development\IdesProjects\FLATSRM\target\classes\com\flat\srm\system\dao\authorization\IAuthorizationMapper.class]  
[DEBUG] 2017-08-24 15:26:45,821(643) --&gt; [main] org.springframework.context.annotation.ClassPathScanningCandidateComponentProvider.findCandidateComponents(ClassPathScanningCandidateComponentProvider.java:292): Ignored because not a concrete top-level class: file [D:\learning\development\IdesProjects\FLATSRM\target\classes\com\flat\srm\system\dao\permissions\IPermissionsMapper.class]  
[DEBUG] 2017-08-24 15:26:45,822(644) --&gt; [main] org.springframework.context.annotation.ClassPathScanningCandidateComponentProvider.findCandidateComponents(ClassPathScanningCandidateComponentProvider.java:292): Ignored because not a concrete top-level class: file [D:\learning\development\IdesProjects\FLATSRM\target\classes\com\flat\srm\system\dao\role\IRoleMapper.class]  
[DEBUG] 2017-08-24 15:26:45,824(646) --&gt; [main] org.springframework.context.annotation.ClassPathScanningCandidateComponentProvider.findCandidateComponents(ClassPathScanningCandidateComponentProvider.java:292): Ignored because not a concrete top-level class: file [D:\learning\development\IdesProjects\FLATSRM\target\classes\com\flat\srm\system\dao\user\IUserMapper.class]  
[DEBUG] 2017-08-24 15:26:45,825(647) --&gt; [main] org.springframework.context.annotation.ClassPathScanningCandidateComponentProvider.findCandidateComponents(ClassPathScanningCandidateComponentProvider.java:286): Identified candidate component class: file [D:\learning\development\IdesProjects\FLATSRM\target\classes\com\flat\srm\system\service\authorization\impl\AuthorizationServiceImpl.class]  
[DEBUG] 2017-08-24 15:26:45,825(647) --&gt; [main] org.springframework.context.annotation.ClassPathScanningCandidateComponentProvider.findCandidateComponents(ClassPathScanningCandidateComponentProvider.java:286): Identified candidate component class: file [D:\learning\development\IdesProjects\FLATSRM\target\classes\com\flat\srm\system\service\permissions\impl\PermissionsServiceImpl.class]  
[DEBUG] 2017-08-24 15:26:45,826(648) --&gt; [main] org.springframework.context.annotation.ClassPathScanningCandidateComponentProvider.findCandidateComponents(ClassPathScanningCandidateComponentProvider.java:286): Identified candidate component class: file [D:\learning\development\IdesProjects\FLATSRM\target\classes\com\flat\srm\system\service\role\impl\RoleServiceImpl.class]  
[DEBUG] 2017-08-24 15:26:45,827(649) --&gt; [main] org.springframework.context.annotation.ClassPathScanningCandidateComponentProvider.findCandidateComponents(ClassPathScanningCandidateComponentProvider.java:286): Identified candidate component class: file [D:\learning\development\IdesProjects\FLATSRM\target\classes\com\flat\srm\system\service\user\impl\UserServiceImpl.class]  
[DEBUG] 2017-08-24 15:26:45,851(673) --&gt; [main] org.springframework.beans.factory.xml.BeanDefinitionParserDelegate.parseBeanDefinitionElement(BeanDefinitionParserDelegate.java:481): Neither XML &apos;id&apos; nor &apos;name&apos; specified - using generated bean name [com.flat.srm.common.core.des.EncryptPropertyPlaceholderConfigurer#0]  
[DEBUG] 2017-08-24 15:26:45,862(684) --&gt; [main] org.springframework.beans.factory.xml.BeanDefinitionParserDelegate.parseBeanDefinitionElement(BeanDefinitionParserDelegate.java:481): Neither XML &apos;id&apos; nor &apos;name&apos; specified - using generated bean name [org.mybatis.spring.mapper.MapperScannerConfigurer#0]  
[DEBUG] 2017-08-24 15:26:45,886(708) --&gt; [main] org.springframework.beans.factory.xml.BeanDefinitionParserDelegate.parseBeanDefinitionElement(BeanDefinitionParserDelegate.java:481): Neither XML &apos;id&apos; nor &apos;name&apos; specified - using generated bean name [com.google.code.kaptcha.util.Config#353d0772]  
[DEBUG] 2017-08-24 15:26:45,887(709) --&gt; [main] org.springframework.beans.factory.support.AbstractBeanDefinitionReader.loadBeanDefinitions(AbstractBeanDefinitionReader.java:224): Loaded 23 bean definitions from location pattern [classpath:spring/applicationContext.xml]  
[INFO ] 2017-08-24 15:26:45,888(710) --&gt; [main] org.springframework.beans.factory.xml.XmlBeanDefinitionReader.loadBeanDefinitions(XmlBeanDefinitionReader.java:317): Loading XML bean definitions from class path resource [spring/applicationContext-shiro.xml]  
[DEBUG] 2017-08-24 15:26:45,892(714) --&gt; [main] org.springframework.beans.factory.xml.DefaultDocumentLoader.loadDocument(DefaultDocumentLoader.java:73): Using JAXP provider [com.sun.org.apache.xerces.internal.jaxp.DocumentBuilderFactoryImpl]  
[DEBUG] 2017-08-24 15:26:45,894(716) --&gt; [main] org.springframework.beans.factory.xml.PluggableSchemaResolver.resolveEntity(PluggableSchemaResolver.java:119): Found XML schema [http://www.springframework.org/schema/beans/spring-beans-4.2.xsd] in classpath: org/springframework/beans/factory/xml/spring-beans-4.2.xsd  
[DEBUG] 2017-08-24 15:26:45,921(743) --&gt; [main] org.springframework.beans.factory.xml.DefaultBeanDefinitionDocumentReader.registerBeanDefinitions(DefaultBeanDefinitionDocumentReader.java:92): Loading bean definitions  
[DEBUG] 2017-08-24 15:26:45,929(751) --&gt; [main] org.springframework.beans.factory.support.AbstractBeanDefinitionReader.loadBeanDefinitions(AbstractBeanDefinitionReader.java:224): Loaded 10 bean definitions from location pattern [classpath:spring/applicationContext-shiro.xml]  
[INFO ] 2017-08-24 15:26:45,933(755) --&gt; [main] org.springframework.context.support.AbstractApplicationContext.prepareRefresh(AbstractApplicationContext.java:573): Refreshing org.springframework.context.support.GenericApplicationContext@5bc79255: startup date [Thu Aug 24 15:26:45 CST 2017]; root of context hierarchy  
[DEBUG] 2017-08-24 15:26:45,933(755) --&gt; [main] org.springframework.context.support.AbstractApplicationContext.obtainFreshBeanFactory(AbstractApplicationContext.java:607): Bean factory for org.springframework.context.support.GenericApplicationContext@5bc79255: org.springframework.beans.factory.support.DefaultListableBeanFactory@654f0d9c: defining beans [org.springframework.context.annotation.internalConfigurationAnnotationProcessor,org.springframework.context.annotation.internalAutowiredAnnotationProcessor,org.springframework.context.annotation.internalRequiredAnnotationProcessor,org.springframework.context.annotation.internalCommonAnnotationProcessor,org.springframework.context.event.internalEventListenerProcessor,org.springframework.context.event.internalEventListenerFactory,supplierServiceImpl,supplierPictureImpl,authorizationServiceImpl,permissionsServiceImpl,roleServiceImpl,userServiceImpl,com.flat.srm.common.core.des.EncryptPropertyPlaceholderConfigurer#0,org.springframework.context.support.PropertySourcesPlaceholderConfigurer#0,dataSourceMysql,dynamicDataSource,sqlSessionFactory,org.mybatis.spring.mapper.MapperScannerConfigurer#0,txManage,txAdvice,org.springframework.aop.config.internalAutoProxyCreator,org.springframework.aop.support.DefaultBeanFactoryPointcutAdvisor#0,captchaProducer,sessionDAO,shiroFilter,securityManager,userRealm,cacheManager,sessionIdCookie,sessionManager,loginFormAuthFilter,logoutFilter,sessionListener]; root of factory hierarchy  
[DEBUG] 2017-08-24 15:26:46,006(828) --&gt; [main] org.springframework.beans.factory.support.DefaultSingletonBeanRegistry.getSingleton(DefaultSingletonBeanRegistry.java:221): Creating shared instance of singleton bean &apos;org.springframework.context.annotation.internalConfigurationAnnotationProcessor&apos;  
[DEBUG] 2017-08-24 15:26:46,007(829) --&gt; [main] org.springframework.beans.factory.support.AbstractAutowireCapableBeanFactory.createBean(AbstractAutowireCapableBeanFactory.java:448): Creating instance of bean &apos;org.springframework.context.annotation.internalConfigurationAnnotationProcessor&apos;  
[DEBUG] 2017-08-24 15:26:46,022(844) --&gt; [main] org.springframework.beans.factory.support.AbstractAutowireCapableBeanFactory.doCreateBean(AbstractAutowireCapableBeanFactory.java:529): Eagerly caching bean &apos;org.springframework.context.annotation.internalConfigurationAnnotationProcessor&apos; to allow for resolving potential circular references  
[DEBUG] 2017-08-24 15:26:46,024(846) --&gt; [main] org.springframework.beans.factory.support.AbstractAutowireCapableBeanFactory.createBean(AbstractAutowireCapableBeanFactory.java:484): Finished creating instance of bean &apos;org.springframework.context.annotation.internalConfigurationAnnotationProcessor&apos;  
[DEBUG] 2017-08-24 15:26:46,162(984) --&gt; [main] org.springframework.beans.factory.support.DefaultSingletonBeanRegistry.getSingleton(DefaultSingletonBeanRegistry.java:221): Creating shared instance of singleton bean &apos;org.mybatis.spring.mapper.MapperScannerConfigurer#0&apos;  
[DEBUG] 2017-08-24 15:26:46,162(984) --&gt; [main] org.springframework.beans.factory.support.AbstractAutowireCapableBeanFactory.createBean(AbstractAutowireCapableBeanFactory.java:448): Creating instance of bean &apos;org.mybatis.spring.mapper.MapperScannerConfigurer#0&apos;  
[DEBUG] 2017-08-24 15:26:46,163(985) --&gt; [main] org.springframework.beans.factory.support.AbstractAutowireCapableBeanFactory.doCreateBean(AbstractAutowireCapableBeanFactory.java:529): Eagerly caching bean &apos;org.mybatis.spring.mapper.MapperScannerConfigurer#0&apos; to allow for resolving potential circular references  
[DEBUG] 2017-08-24 15:26:46,203(1025) --&gt; [main] org.springframework.beans.factory.support.AbstractAutowireCapableBeanFactory.invokeInitMethods(AbstractAutowireCapableBeanFactory.java:1620): Invoking afterPropertiesSet() on bean with name &apos;org.mybatis.spring.mapper.MapperScannerConfigurer#0&apos;  
[DEBUG] 2017-08-24 15:26:46,203(1025) --&gt; [main] org.springframework.beans.factory.support.AbstractAutowireCapableBeanFactory.createBean(AbstractAutowireCapableBeanFactory.java:484): Finished creating instance of bean &apos;org.mybatis.spring.mapper.MapperScannerConfigurer#0&apos;  
[DEBUG] 2017-08-24 15:26:46,206(1028) --&gt; [main] org.springframework.core.env.MutablePropertySources.addLast(MutablePropertySources.java:109): Adding [systemProperties] PropertySource with lowest search precedence  
[DEBUG] 2017-08-24 15:26:46,206(1028) --&gt; [main] org.springframework.core.env.MutablePropertySources.addLast(MutablePropertySources.java:109): Adding [systemEnvironment] PropertySource with lowest search precedence  
[DEBUG] 2017-08-24 15:26:46,207(1029) --&gt; [main] org.springframework.core.env.AbstractEnvironment.&lt;init&gt;(AbstractEnvironment.java:126): Initialized StandardEnvironment with PropertySources [systemProperties,systemEnvironment]  
[DEBUG] 2017-08-24 15:26:46,210(1032) --&gt; [main] org.springframework.core.io.support.PathMatchingResourcePatternResolver.doFindMatchingFileSystemResources(PathMatchingResourcePatternResolver.java:631): Looking for matching resources in directory tree [D:\learning\development\IdesProjects\FLATSRM\target\test-classes\com\flat\srm]  
[DEBUG] 2017-08-24 15:26:46,212(1034) --&gt; [main] org.springframework.core.io.support.PathMatchingResourcePatternResolver.doRetrieveMatchingFiles(PathMatchingResourcePatternResolver.java:693): Searching directory [D:\learning\development\IdesProjects\FLATSRM\target\test-classes\com\flat\srm] for files matching pattern [D:/learning/development/IdesProjects/FLATSRM/target/test-classes/com/flat/srm/*/dao/**/*.class]  
[DEBUG] 2017-08-24 15:26:46,212(1034) --&gt; [main] org.springframework.core.io.support.PathMatchingResourcePatternResolver.doRetrieveMatchingFiles(PathMatchingResourcePatternResolver.java:693): Searching directory [D:\learning\development\IdesProjects\FLATSRM\target\test-classes\com\flat\srm\dictionary] for files matching pattern [D:/learning/development/IdesProjects/FLATSRM/target/test-classes/com/flat/srm/*/dao/**/*.class]  
[DEBUG] 2017-08-24 15:26:46,213(1035) --&gt; [main] org.springframework.core.io.support.PathMatchingResourcePatternResolver.doRetrieveMatchingFiles(PathMatchingResourcePatternResolver.java:693): Searching directory [D:\learning\development\IdesProjects\FLATSRM\target\test-classes\com\flat\srm\system] for files matching pattern [D:/learning/development/IdesProjects/FLATSRM/target/test-classes/com/flat/srm/*/dao/**/*.class]  
[DEBUG] 2017-08-24 15:26:46,213(1035) --&gt; [main] org.springframework.core.io.support.PathMatchingResourcePatternResolver.doFindMatchingFileSystemResources(PathMatchingResourcePatternResolver.java:631): Looking for matching resources in directory tree [D:\learning\development\IdesProjects\FLATSRM\target\classes\com\flat\srm]  
[DEBUG] 2017-08-24 15:26:46,214(1036) --&gt; [main] org.springframework.core.io.support.PathMatchingResourcePatternResolver.doRetrieveMatchingFiles(PathMatchingResourcePatternResolver.java:693): Searching directory [D:\learning\development\IdesProjects\FLATSRM\target\classes\com\flat\srm] for files matching pattern [D:/learning/development/IdesProjects/FLATSRM/target/classes/com/flat/srm/*/dao/**/*.class]  
[DEBUG] 2017-08-24 15:26:46,214(1036) --&gt; [main] org.springframework.core.io.support.PathMatchingResourcePatternResolver.doRetrieveMatchingFiles(PathMatchingResourcePatternResolver.java:693): Searching directory [D:\learning\development\IdesProjects\FLATSRM\target\classes\com\flat\srm\common] for files matching pattern [D:/learning/development/IdesProjects/FLATSRM/target/classes/com/flat/srm/*/dao/**/*.class]  
[DEBUG] 2017-08-24 15:26:46,215(1037) --&gt; [main] org.springframework.core.io.support.PathMatchingResourcePatternResolver.doRetrieveMatchingFiles(PathMatchingResourcePatternResolver.java:693): Searching directory [D:\learning\development\IdesProjects\FLATSRM\target\classes\com\flat\srm\dictionary] for files matching pattern [D:/learning/development/IdesProjects/FLATSRM/target/classes/com/flat/srm/*/dao/**/*.class]  
[DEBUG] 2017-08-24 15:26:46,216(1038) --&gt; [main] org.springframework.core.io.support.PathMatchingResourcePatternResolver.doRetrieveMatchingFiles(PathMatchingResourcePatternResolver.java:693): Searching directory [D:\learning\development\IdesProjects\FLATSRM\target\classes\com\flat\srm\dictionary\dao] for files matching pattern [D:/learning/development/IdesProjects/FLATSRM/target/classes/com/flat/srm/*/dao/**/*.class]  
[DEBUG] 2017-08-24 15:26:46,216(1038) --&gt; [main] org.springframework.core.io.support.PathMatchingResourcePatternResolver.doRetrieveMatchingFiles(PathMatchingResourcePatternResolver.java:693): Searching directory [D:\learning\development\IdesProjects\FLATSRM\target\classes\com\flat\srm\dictionary\dao\supplier] for files matching pattern [D:/learning/development/IdesProjects/FLATSRM/target/classes/com/flat/srm/*/dao/**/*.class]  
[DEBUG] 2017-08-24 15:26:46,219(1041) --&gt; [main] org.springframework.core.io.support.PathMatchingResourcePatternResolver.doRetrieveMatchingFiles(PathMatchingResourcePatternResolver.java:693): Searching directory [D:\learning\development\IdesProjects\FLATSRM\target\classes\com\flat\srm\dictionary\dao\supplierPicture] for files matching pattern [D:/learning/development/IdesProjects/FLATSRM/target/classes/com/flat/srm/*/dao/**/*.class]  
[DEBUG] 2017-08-24 15:26:46,219(1041) --&gt; [main] org.springframework.core.io.support.PathMatchingResourcePatternResolver.doRetrieveMatchingFiles(PathMatchingResourcePatternResolver.java:693): Searching directory [D:\learning\development\IdesProjects\FLATSRM\target\classes\com\flat\srm\system] for files matching pattern [D:/learning/development/IdesProjects/FLATSRM/target/classes/com/flat/srm/*/dao/**/*.class]  
[DEBUG] 2017-08-24 15:26:46,220(1042) --&gt; [main] org.springframework.core.io.support.PathMatchingResourcePatternResolver.doRetrieveMatchingFiles(PathMatchingResourcePatternResolver.java:693): Searching directory [D:\learning\development\IdesProjects\FLATSRM\target\classes\com\flat\srm\system\dao] for files matching pattern [D:/learning/development/IdesProjects/FLATSRM/target/classes/com/flat/srm/*/dao/**/*.class]  
[DEBUG] 2017-08-24 15:26:46,220(1042) --&gt; [main] org.springframework.core.io.support.PathMatchingResourcePatternResolver.doRetrieveMatchingFiles(PathMatchingResourcePatternResolver.java:693): Searching directory [D:\learning\development\IdesProjects\FLATSRM\target\classes\com\flat\srm\system\dao\adminlog] for files matching pattern [D:/learning/development/IdesProjects/FLATSRM/target/classes/com/flat/srm/*/dao/**/*.class]  
[DEBUG] 2017-08-24 15:26:46,222(1044) --&gt; [main] org.springframework.core.io.support.PathMatchingResourcePatternResolver.doRetrieveMatchingFiles(PathMatchingResourcePatternResolver.java:693): Searching directory [D:\learning\development\IdesProjects\FLATSRM\target\classes\com\flat\srm\system\dao\authorization] for files matching pattern [D:/learning/development/IdesProjects/FLATSRM/target/classes/com/flat/srm/*/dao/**/*.class]  
[DEBUG] 2017-08-24 15:26:46,223(1045) --&gt; [main] org.springframework.core.io.support.PathMatchingResourcePatternResolver.doRetrieveMatchingFiles(PathMatchingResourcePatternResolver.java:693): Searching directory [D:\learning\development\IdesProjects\FLATSRM\target\classes\com\flat\srm\system\dao\permissions] for files matching pattern [D:/learning/development/IdesProjects/FLATSRM/target/classes/com/flat/srm/*/dao/**/*.class]  
[DEBUG] 2017-08-24 15:26:46,224(1046) --&gt; [main] org.springframework.core.io.support.PathMatchingResourcePatternResolver.doRetrieveMatchingFiles(PathMatchingResourcePatternResolver.java:693): Searching directory [D:\learning\development\IdesProjects\FLATSRM\target\classes\com\flat\srm\system\dao\role] for files matching pattern [D:/learning/development/IdesProjects/FLATSRM/target/classes/com/flat/srm/*/dao/**/*.class]  
[DEBUG] 2017-08-24 15:26:46,225(1047) --&gt; [main] org.springframework.core.io.support.PathMatchingResourcePatternResolver.doRetrieveMatchingFiles(PathMatchingResourcePatternResolver.java:693): Searching directory [D:\learning\development\IdesProjects\FLATSRM\target\classes\com\flat\srm\system\dao\user] for files matching pattern [D:/learning/development/IdesProjects/FLATSRM/target/classes/com/flat/srm/*/dao/**/*.class]  
[DEBUG] 2017-08-24 15:26:46,225(1047) --&gt; [main] org.springframework.core.io.support.PathMatchingResourcePatternResolver.findPathMatchingResources(PathMatchingResourcePatternResolver.java:424): Resolved location pattern [classpath*:com/flat/srm/*/dao/**/*.class] to resources [file [D:\learning\development\IdesProjects\FLATSRM\target\classes\com\flat\srm\dictionary\dao\supplier\ISupplierMapper.class], file [D:\learning\development\IdesProjects\FLATSRM\target\classes\com\flat\srm\dictionary\dao\supplierPicture\ISupplierPictureMapper.class], file [D:\learning\development\IdesProjects\FLATSRM\target\classes\com\flat\srm\system\dao\adminlog\IAdminLogMapper.class], file [D:\learning\development\IdesProjects\FLATSRM\target\classes\com\flat\srm\system\dao\authorization\IAuthorizationMapper.class], file [D:\learning\development\IdesProjects\FLATSRM\target\classes\com\flat\srm\system\dao\permissions\IPermissionsMapper.class], file [D:\learning\development\IdesProjects\FLATSRM\target\classes\com\flat\srm\system\dao\role\IRoleMapper.class], file [D:\learning\development\IdesProjects\FLATSRM\target\classes\com\flat\srm\system\dao\user\IUserMapper.class]]  
[DEBUG] 2017-08-24 15:26:46,226(1048) --&gt; [main] org.springframework.context.annotation.ClassPathScanningCandidateComponentProvider.findCandidateComponents(ClassPathScanningCandidateComponentProvider.java:286): Identified candidate component class: file [D:\learning\development\IdesProjects\FLATSRM\target\classes\com\flat\srm\dictionary\dao\supplier\ISupplierMapper.class]  
[DEBUG] 2017-08-24 15:26:46,227(1049) --&gt; [main] org.springframework.context.annotation.ClassPathScanningCandidateComponentProvider.findCandidateComponents(ClassPathScanningCandidateComponentProvider.java:286): Identified candidate component class: file [D:\learning\development\IdesProjects\FLATSRM\target\classes\com\flat\srm\dictionary\dao\supplierPicture\ISupplierPictureMapper.class]  
[DEBUG] 2017-08-24 15:26:46,228(1050) --&gt; [main] org.springframework.context.annotation.ClassPathScanningCandidateComponentProvider.findCandidateComponents(ClassPathScanningCandidateComponentProvider.java:286): Identified candidate component class: file [D:\learning\development\IdesProjects\FLATSRM\target\classes\com\flat\srm\system\dao\adminlog\IAdminLogMapper.class]  
[DEBUG] 2017-08-24 15:26:46,229(1051) --&gt; [main] org.springframework.context.annotation.ClassPathScanningCandidateComponentProvider.findCandidateComponents(ClassPathScanningCandidateComponentProvider.java:286): Identified candidate component class: file [D:\learning\development\IdesProjects\FLATSRM\target\classes\com\flat\srm\system\dao\authorization\IAuthorizationMapper.class]  
[DEBUG] 2017-08-24 15:26:46,230(1052) --&gt; [main] org.springframework.context.annotation.ClassPathScanningCandidateComponentProvider.findCandidateComponents(ClassPathScanningCandidateComponentProvider.java:286): Identified candidate component class: file [D:\learning\development\IdesProjects\FLATSRM\target\classes\com\flat\srm\system\dao\permissions\IPermissionsMapper.class]  
[DEBUG] 2017-08-24 15:26:46,230(1052) --&gt; [main] org.springframework.context.annotation.ClassPathScanningCandidateComponentProvider.findCandidateComponents(ClassPathScanningCandidateComponentProvider.java:286): Identified candidate component class: file [D:\learning\development\IdesProjects\FLATSRM\target\classes\com\flat\srm\system\dao\role\IRoleMapper.class]  
[DEBUG] 2017-08-24 15:26:46,231(1053) --&gt; [main] org.springframework.context.annotation.ClassPathScanningCandidateComponentProvider.findCandidateComponents(ClassPathScanningCandidateComponentProvider.java:286): Identified candidate component class: file [D:\learning\development\IdesProjects\FLATSRM\target\classes\com\flat\srm\system\dao\user\IUserMapper.class]  
[DEBUG] 2017-08-24 15:26:46,231(1053) --&gt; [main] org.mybatis.spring.mapper.ClassPathMapperScanner.processBeanDefinitions(ClassPathMapperScanner.java:181): Creating MapperFactoryBean with name &apos;ISupplierMapper&apos; and &apos;com.flat.srm.dictionary.dao.supplier.ISupplierMapper&apos; mapperInterface  
[DEBUG] 2017-08-24 15:26:46,232(1054) --&gt; [main] org.mybatis.spring.mapper.ClassPathMapperScanner.processBeanDefinitions(ClassPathMapperScanner.java:181): Creating MapperFactoryBean with name &apos;ISupplierPictureMapper&apos; and &apos;com.flat.srm.dictionary.dao.supplierPicture.ISupplierPictureMapper&apos; mapperInterface  
[DEBUG] 2017-08-24 15:26:46,232(1054) --&gt; [main] org.mybatis.spring.mapper.ClassPathMapperScanner.processBeanDefinitions(ClassPathMapperScanner.java:181): Creating MapperFactoryBean with name &apos;IAdminLogMapper&apos; and &apos;com.flat.srm.system.dao.adminlog.IAdminLogMapper&apos; mapperInterface  
[DEBUG] 2017-08-24 15:26:46,232(1054) --&gt; [main] org.mybatis.spring.mapper.ClassPathMapperScanner.processBeanDefinitions(ClassPathMapperScanner.java:181): Creating MapperFactoryBean with name &apos;IAuthorizationMapper&apos; and &apos;com.flat.srm.system.dao.authorization.IAuthorizationMapper&apos; mapperInterface  
[DEBUG] 2017-08-24 15:26:46,233(1055) --&gt; [main] org.mybatis.spring.mapper.ClassPathMapperScanner.processBeanDefinitions(ClassPathMapperScanner.java:181): Creating MapperFactoryBean with name &apos;IPermissionsMapper&apos; and &apos;com.flat.srm.system.dao.permissions.IPermissionsMapper&apos; mapperInterface  
[DEBUG] 2017-08-24 15:26:46,233(1055) --&gt; [main] org.mybatis.spring.mapper.ClassPathMapperScanner.processBeanDefinitions(ClassPathMapperScanner.java:181): Creating MapperFactoryBean with name &apos;IRoleMapper&apos; and &apos;com.flat.srm.system.dao.role.IRoleMapper&apos; mapperInterface  
[DEBUG] 2017-08-24 15:26:46,233(1055) --&gt; [main] org.mybatis.spring.mapper.ClassPathMapperScanner.processBeanDefinitions(ClassPathMapperScanner.java:181): Creating MapperFactoryBean with name &apos;IUserMapper&apos; and &apos;com.flat.srm.system.dao.user.IUserMapper&apos; mapperInterface  
[DEBUG] 2017-08-24 15:26:46,237(1059) --&gt; [main] org.springframework.beans.factory.support.DefaultSingletonBeanRegistry.getSingleton(DefaultSingletonBeanRegistry.java:221): Creating shared instance of singleton bean &apos;com.flat.srm.common.core.des.EncryptPropertyPlaceholderConfigurer#0&apos;  
[DEBUG] 2017-08-24 15:26:46,238(1060) --&gt; [main] org.springframework.beans.factory.support.AbstractAutowireCapableBeanFactory.createBean(AbstractAutowireCapableBeanFactory.java:448): Creating instance of bean &apos;com.flat.srm.common.core.des.EncryptPropertyPlaceholderConfigurer#0&apos;  
[DEBUG] 2017-08-24 15:26:46,239(1061) --&gt; [main] org.springframework.beans.factory.support.AbstractAutowireCapableBeanFactory.doCreateBean(AbstractAutowireCapableBeanFactory.java:529): Eagerly caching bean &apos;com.flat.srm.common.core.des.EncryptPropertyPlaceholderConfigurer#0&apos; to allow for resolving potential circular references  
[DEBUG] 2017-08-24 15:26:46,248(1070) --&gt; [main] org.springframework.beans.factory.support.AbstractAutowireCapableBeanFactory.createBean(AbstractAutowireCapableBeanFactory.java:484): Finished creating instance of bean &apos;com.flat.srm.common.core.des.EncryptPropertyPlaceholderConfigurer#0&apos;  
[DEBUG] 2017-08-24 15:26:46,249(1071) --&gt; [main] org.springframework.beans.factory.support.DefaultSingletonBeanRegistry.getSingleton(DefaultSingletonBeanRegistry.java:221): Creating shared instance of singleton bean &apos;org.springframework.context.support.PropertySourcesPlaceholderConfigurer#0&apos;  
[DEBUG] 2017-08-24 15:26:46,249(1071) --&gt; [main] org.springframework.beans.factory.support.AbstractAutowireCapableBeanFactory.createBean(AbstractAutowireCapableBeanFactory.java:448): Creating instance of bean &apos;org.springframework.context.support.PropertySourcesPlaceholderConfigurer#0&apos;  
[DEBUG] 2017-08-24 15:26:46,249(1071) --&gt; [main] org.springframework.beans.factory.support.AbstractAutowireCapableBeanFactory.doCreateBean(AbstractAutowireCapableBeanFactory.java:529): Eagerly caching bean &apos;org.springframework.context.support.PropertySourcesPlaceholderConfigurer#0&apos; to allow for resolving potential circular references  
[DEBUG] 2017-08-24 15:26:46,253(1075) --&gt; [main] org.springframework.beans.factory.support.AbstractAutowireCapableBeanFactory.createBean(AbstractAutowireCapableBeanFactory.java:484): Finished creating instance of bean &apos;org.springframework.context.support.PropertySourcesPlaceholderConfigurer#0&apos;  
[INFO ] 2017-08-24 15:26:46,254(1076) --&gt; [main] org.springframework.core.io.support.PropertiesLoaderSupport.loadProperties(PropertiesLoaderSupport.java:172): Loading properties file from class path resource [db/db.properties]  
[DEBUG] 2017-08-24 15:26:46,656(1478) --&gt; [main] org.springframework.core.env.MutablePropertySources.addLast(MutablePropertySources.java:109): Adding [environmentProperties] PropertySource with lowest search precedence  
[INFO ] 2017-08-24 15:26:46,656(1478) --&gt; [main] org.springframework.core.io.support.PropertiesLoaderSupport.loadProperties(PropertiesLoaderSupport.java:172): Loading properties file from class path resource [db/db.properties]  
[DEBUG] 2017-08-24 15:26:46,657(1479) --&gt; [main] org.springframework.core.env.MutablePropertySources.addLast(MutablePropertySources.java:109): Adding [localProperties] PropertySource with lowest search precedence  
[DEBUG] 2017-08-24 15:26:46,660(1482) --&gt; [main] org.springframework.beans.factory.support.DefaultSingletonBeanRegistry.getSingleton(DefaultSingletonBeanRegistry.java:221): Creating shared instance of singleton bean &apos;org.springframework.context.annotation.internalAutowiredAnnotationProcessor&apos;  
[DEBUG] 2017-08-24 15:26:46,660(1482) --&gt; [main] org.springframework.beans.factory.support.AbstractAutowireCapableBeanFactory.createBean(AbstractAutowireCapableBeanFactory.java:448): Creating instance of bean &apos;org.springframework.context.annotation.internalAutowiredAnnotationProcessor&apos;  
[INFO ] 2017-08-24 15:26:46,661(1483) --&gt; [main] org.springframework.beans.factory.annotation.AutowiredAnnotationBeanPostProcessor.&lt;init&gt;(AutowiredAnnotationBeanPostProcessor.java:153): JSR-330 &apos;javax.inject.Inject&apos; annotation found and supported for autowiring  
[DEBUG] 2017-08-24 15:26:46,661(1483) --&gt; [main] org.springframework.beans.factory.support.AbstractAutowireCapableBeanFactory.doCreateBean(AbstractAutowireCapableBeanFactory.java:529): Eagerly caching bean &apos;org.springframework.context.annotation.internalAutowiredAnnotationProcessor&apos; to allow for resolving potential circular references  
[DEBUG] 2017-08-24 15:26:46,661(1483) --&gt; [main] org.springframework.beans.factory.support.AbstractAutowireCapableBeanFactory.createBean(AbstractAutowireCapableBeanFactory.java:484): Finished creating instance of bean &apos;org.springframework.context.annotation.internalAutowiredAnnotationProcessor&apos;  
[DEBUG] 2017-08-24 15:26:46,661(1483) --&gt; [main] org.springframework.beans.factory.support.DefaultSingletonBeanRegistry.getSingleton(DefaultSingletonBeanRegistry.java:221): Creating shared instance of singleton bean &apos;org.springframework.context.annotation.internalRequiredAnnotationProcessor&apos;  
[DEBUG] 2017-08-24 15:26:46,662(1484) --&gt; [main] org.springframework.beans.factory.support.AbstractAutowireCapableBeanFactory.createBean(AbstractAutowireCapableBeanFactory.java:448): Creating instance of bean &apos;org.springframework.context.annotation.internalRequiredAnnotationProcessor&apos;  
[DEBUG] 2017-08-24 15:26:46,662(1484) --&gt; [main] org.springframework.beans.factory.support.AbstractAutowireCapableBeanFactory.doCreateBean(AbstractAutowireCapableBeanFactory.java:529): Eagerly caching bean &apos;org.springframework.context.annotation.internalRequiredAnnotationProcessor&apos; to allow for resolving potential circular references  
[DEBUG] 2017-08-24 15:26:46,662(1484) --&gt; [main] org.springframework.beans.factory.support.AbstractAutowireCapableBeanFactory.createBean(AbstractAutowireCapableBeanFactory.java:484): Finished creating instance of bean &apos;org.springframework.context.annotation.internalRequiredAnnotationProcessor&apos;  
[DEBUG] 2017-08-24 15:26:46,662(1484) --&gt; [main] org.springframework.beans.factory.support.DefaultSingletonBeanRegistry.getSingleton(DefaultSingletonBeanRegistry.java:221): Creating shared instance of singleton bean &apos;org.springframework.context.annotation.internalCommonAnnotationProcessor&apos;  
[DEBUG] 2017-08-24 15:26:46,663(1485) --&gt; [main] org.springframework.beans.factory.support.AbstractAutowireCapableBeanFactory.createBean(AbstractAutowireCapableBeanFactory.java:448): Creating instance of bean &apos;org.springframework.context.annotation.internalCommonAnnotationProcessor&apos;  
[DEBUG] 2017-08-24 15:26:46,665(1487) --&gt; [main] org.springframework.beans.factory.support.AbstractAutowireCapableBeanFactory.doCreateBean(AbstractAutowireCapableBeanFactory.java:529): Eagerly caching bean &apos;org.springframework.context.annotation.internalCommonAnnotationProcessor&apos; to allow for resolving potential circular references  
[DEBUG] 2017-08-24 15:26:46,665(1487) --&gt; [main] org.springframework.beans.factory.support.AbstractAutowireCapableBeanFactory.createBean(AbstractAutowireCapableBeanFactory.java:484): Finished creating instance of bean &apos;org.springframework.context.annotation.internalCommonAnnotationProcessor&apos;  
[DEBUG] 2017-08-24 15:26:46,666(1488) --&gt; [main] org.springframework.beans.factory.support.DefaultSingletonBeanRegistry.getSingleton(DefaultSingletonBeanRegistry.java:221): Creating shared instance of singleton bean &apos;org.springframework.context.annotation.ConfigurationClassPostProcessor.importAwareProcessor&apos;  
[DEBUG] 2017-08-24 15:26:46,666(1488) --&gt; [main] org.springframework.beans.factory.support.AbstractAutowireCapableBeanFactory.createBean(AbstractAutowireCapableBeanFactory.java:448): Creating instance of bean &apos;org.springframework.context.annotation.ConfigurationClassPostProcessor.importAwareProcessor&apos;  
[DEBUG] 2017-08-24 15:26:46,666(1488) --&gt; [main] org.springframework.beans.factory.support.AbstractAutowireCapableBeanFactory.doCreateBean(AbstractAutowireCapableBeanFactory.java:529): Eagerly caching bean &apos;org.springframework.context.annotation.ConfigurationClassPostProcessor.importAwareProcessor&apos; to allow for resolving potential circular references  
[DEBUG] 2017-08-24 15:26:46,666(1488) --&gt; [main] org.springframework.beans.factory.support.AbstractAutowireCapableBeanFactory.createBean(AbstractAutowireCapableBeanFactory.java:484): Finished creating instance of bean &apos;org.springframework.context.annotation.ConfigurationClassPostProcessor.importAwareProcessor&apos;  
[DEBUG] 2017-08-24 15:26:46,666(1488) --&gt; [main] org.springframework.beans.factory.support.DefaultSingletonBeanRegistry.getSingleton(DefaultSingletonBeanRegistry.java:221): Creating shared instance of singleton bean &apos;org.springframework.context.annotation.ConfigurationClassPostProcessor.enhancedConfigurationProcessor&apos;  
[DEBUG] 2017-08-24 15:26:46,667(1489) --&gt; [main] org.springframework.beans.factory.support.AbstractAutowireCapableBeanFactory.createBean(AbstractAutowireCapableBeanFactory.java:448): Creating instance of bean &apos;org.springframework.context.annotation.ConfigurationClassPostProcessor.enhancedConfigurationProcessor&apos;  
[DEBUG] 2017-08-24 15:26:46,667(1489) --&gt; [main] org.springframework.beans.factory.support.AbstractAutowireCapableBeanFactory.doCreateBean(AbstractAutowireCapableBeanFactory.java:529): Eagerly caching bean &apos;org.springframework.context.annotation.ConfigurationClassPostProcessor.enhancedConfigurationProcessor&apos; to allow for resolving potential circular references  
[DEBUG] 2017-08-24 15:26:46,667(1489) --&gt; [main] org.springframework.beans.factory.support.AbstractAutowireCapableBeanFactory.createBean(AbstractAutowireCapableBeanFactory.java:484): Finished creating instance of bean &apos;org.springframework.context.annotation.ConfigurationClassPostProcessor.enhancedConfigurationProcessor&apos;  
[DEBUG] 2017-08-24 15:26:46,667(1489) --&gt; [main] org.springframework.beans.factory.support.DefaultSingletonBeanRegistry.getSingleton(DefaultSingletonBeanRegistry.java:221): Creating shared instance of singleton bean &apos;org.springframework.aop.config.internalAutoProxyCreator&apos;  
[DEBUG] 2017-08-24 15:26:46,668(1490) --&gt; [main] org.springframework.beans.factory.support.AbstractAutowireCapableBeanFactory.createBean(AbstractAutowireCapableBeanFactory.java:448): Creating instance of bean &apos;org.springframework.aop.config.internalAutoProxyCreator&apos;  
[DEBUG] 2017-08-24 15:26:46,684(1506) --&gt; [main] org.springframework.beans.factory.support.AbstractAutowireCapableBeanFactory.doCreateBean(AbstractAutowireCapableBeanFactory.java:529): Eagerly caching bean &apos;org.springframework.aop.config.internalAutoProxyCreator&apos; to allow for resolving potential circular references  
[DEBUG] 2017-08-24 15:26:46,694(1516) --&gt; [main] org.springframework.beans.factory.support.AbstractAutowireCapableBeanFactory.createBean(AbstractAutowireCapableBeanFactory.java:484): Finished creating instance of bean &apos;org.springframework.aop.config.internalAutoProxyCreator&apos;  
[DEBUG] 2017-08-24 15:26:46,694(1516) --&gt; [main] org.springframework.beans.factory.support.DefaultSingletonBeanRegistry.getSingleton(DefaultSingletonBeanRegistry.java:221): Creating shared instance of singleton bean &apos;shiroFilter&apos;  
[DEBUG] 2017-08-24 15:26:46,695(1517) --&gt; [main] org.springframework.beans.factory.support.AbstractAutowireCapableBeanFactory.createBean(AbstractAutowireCapableBeanFactory.java:448): Creating instance of bean &apos;shiroFilter&apos;  
[DEBUG] 2017-08-24 15:26:46,695(1517) --&gt; [main] org.springframework.beans.factory.support.DefaultSingletonBeanRegistry.getSingleton(DefaultSingletonBeanRegistry.java:221): Creating shared instance of singleton bean &apos;org.springframework.aop.support.DefaultBeanFactoryPointcutAdvisor#0&apos;  
[DEBUG] 2017-08-24 15:26:46,696(1518) --&gt; [main] org.springframework.beans.factory.support.AbstractAutowireCapableBeanFactory.createBean(AbstractAutowireCapableBeanFactory.java:448): Creating instance of bean &apos;org.springframework.aop.support.DefaultBeanFactoryPointcutAdvisor#0&apos;  
[DEBUG] 2017-08-24 15:26:46,697(1519) --&gt; [main] org.springframework.beans.factory.support.AbstractAutowireCapableBeanFactory.doCreateBean(AbstractAutowireCapableBeanFactory.java:529): Eagerly caching bean &apos;org.springframework.aop.support.DefaultBeanFactoryPointcutAdvisor#0&apos; to allow for resolving potential circular references  
[DEBUG] 2017-08-24 15:26:46,701(1523) --&gt; [main] org.springframework.beans.factory.support.AbstractAutowireCapableBeanFactory.createBean(AbstractAutowireCapableBeanFactory.java:448): Creating instance of bean &apos;(inner bean)#eadd4fb&apos;  
[DEBUG] 2017-08-24 15:26:46,720(1542) --&gt; [main] org.springframework.beans.factory.support.AbstractAutowireCapableBeanFactory.createBean(AbstractAutowireCapableBeanFactory.java:484): Finished creating instance of bean &apos;(inner bean)#eadd4fb&apos;  
[INFO ] 2017-08-24 15:26:46,722(1544) --&gt; [main] org.springframework.context.support.PostProcessorRegistrationDelegate$BeanPostProcessorChecker.postProcessAfterInitialization(PostProcessorRegistrationDelegate.java:328): Bean &apos;org.springframework.aop.support.DefaultBeanFactoryPointcutAdvisor#0&apos; of type [class org.springframework.aop.support.DefaultBeanFactoryPointcutAdvisor] is not eligible for getting processed by all BeanPostProcessors (for example: not eligible for auto-proxying)  
[DEBUG] 2017-08-24 15:26:46,723(1545) --&gt; [main] org.springframework.beans.factory.support.AbstractAutowireCapableBeanFactory.createBean(AbstractAutowireCapableBeanFactory.java:484): Finished creating instance of bean &apos;org.springframework.aop.support.DefaultBeanFactoryPointcutAdvisor#0&apos;  
SLF4J: Failed to load class &quot;org.slf4j.impl.StaticLoggerBinder&quot;.
SLF4J: Defaulting to no-operation (NOP) logger implementation
SLF4J: See http://www.slf4j.org/codes.html#StaticLoggerBinder for further details.
[DEBUG] 2017-08-24 15:26:46,747(1569) --&gt; [main] org.springframework.beans.factory.support.AbstractAutowireCapableBeanFactory.doCreateBean(AbstractAutowireCapableBeanFactory.java:529): Eagerly caching bean &apos;shiroFilter&apos; to allow for resolving potential circular references  
[DEBUG] 2017-08-24 15:26:46,750(1572) --&gt; [main] org.springframework.beans.factory.support.DefaultSingletonBeanRegistry.getSingleton(DefaultSingletonBeanRegistry.java:221): Creating shared instance of singleton bean &apos;securityManager&apos;  
[DEBUG] 2017-08-24 15:26:46,751(1573) --&gt; [main] org.springframework.beans.factory.support.AbstractAutowireCapableBeanFactory.createBean(AbstractAutowireCapableBeanFactory.java:448): Creating instance of bean &apos;securityManager&apos;  
[DEBUG] 2017-08-24 15:26:46,751(1573) --&gt; [main] org.springframework.beans.factory.support.AbstractBeanFactory.doGetBean(AbstractBeanFactory.java:250): Returning cached instance of singleton bean &apos;org.springframework.aop.support.DefaultBeanFactoryPointcutAdvisor#0&apos;  
[DEBUG] 2017-08-24 15:26:46,963(1785) --&gt; [main] org.springframework.beans.factory.support.AbstractAutowireCapableBeanFactory.doCreateBean(AbstractAutowireCapableBeanFactory.java:529): Eagerly caching bean &apos;securityManager&apos; to allow for resolving potential circular references  
[DEBUG] 2017-08-24 15:26:46,978(1800) --&gt; [main] org.springframework.beans.factory.support.DefaultSingletonBeanRegistry.getSingleton(DefaultSingletonBeanRegistry.java:221): Creating shared instance of singleton bean &apos;userRealm&apos;  
[DEBUG] 2017-08-24 15:26:46,978(1800) --&gt; [main] org.springframework.beans.factory.support.AbstractAutowireCapableBeanFactory.createBean(AbstractAutowireCapableBeanFactory.java:448): Creating instance of bean &apos;userRealm&apos;  
[DEBUG] 2017-08-24 15:26:46,979(1801) --&gt; [main] org.springframework.beans.factory.support.AbstractBeanFactory.doGetBean(AbstractBeanFactory.java:250): Returning cached instance of singleton bean &apos;org.springframework.aop.support.DefaultBeanFactoryPointcutAdvisor#0&apos;  
[DEBUG] 2017-08-24 15:26:46,986(1808) --&gt; [main] org.springframework.beans.factory.annotation.InjectionMetadata.checkConfigMembers(InjectionMetadata.java:72): Registered injected element on class [com.flat.srm.common.security.UserRealm]: AutowiredFieldElement for private com.flat.srm.system.service.user.IUserService com.flat.srm.common.security.UserRealm.userService  
[DEBUG] 2017-08-24 15:26:46,987(1809) --&gt; [main] org.springframework.beans.factory.annotation.InjectionMetadata.checkConfigMembers(InjectionMetadata.java:72): Registered injected element on class [com.flat.srm.common.security.UserRealm]: AutowiredFieldElement for private org.apache.shiro.session.mgt.eis.SessionDAO com.flat.srm.common.security.UserRealm.sessionDAO  
[DEBUG] 2017-08-24 15:26:46,987(1809) --&gt; [main] org.springframework.beans.factory.annotation.InjectionMetadata.checkConfigMembers(InjectionMetadata.java:72): Registered injected element on class [com.flat.srm.common.security.UserRealm]: AutowiredFieldElement for private com.flat.srm.system.service.authorization.IAuthorizationService com.flat.srm.common.security.UserRealm.authorizationService  
[DEBUG] 2017-08-24 15:26:46,987(1809) --&gt; [main] org.springframework.beans.factory.support.AbstractAutowireCapableBeanFactory.doCreateBean(AbstractAutowireCapableBeanFactory.java:529): Eagerly caching bean &apos;userRealm&apos; to allow for resolving potential circular references  
[DEBUG] 2017-08-24 15:26:46,995(1817) --&gt; [main] org.springframework.beans.factory.annotation.InjectionMetadata.inject(InjectionMetadata.java:86): Processing injected element of bean &apos;userRealm&apos;: AutowiredFieldElement for private com.flat.srm.system.service.user.IUserService com.flat.srm.common.security.UserRealm.userService  
[DEBUG] 2017-08-24 15:26:46,997(1819) --&gt; [main] org.springframework.beans.factory.support.AbstractBeanFactory.doGetBean(AbstractBeanFactory.java:250): Returning cached instance of singleton bean &apos;org.springframework.aop.support.DefaultBeanFactoryPointcutAdvisor#0&apos;  
[DEBUG] 2017-08-24 15:26:47,012(1834) --&gt; [main] org.springframework.beans.factory.support.AbstractBeanFactory.doGetBean(AbstractBeanFactory.java:250): Returning cached instance of singleton bean &apos;org.springframework.aop.support.DefaultBeanFactoryPointcutAdvisor#0&apos;  
[DEBUG] 2017-08-24 15:26:47,012(1834) --&gt; [main] org.springframework.beans.factory.support.AbstractBeanFactory.doGetBean(AbstractBeanFactory.java:250): Returning cached instance of singleton bean &apos;org.springframework.aop.support.DefaultBeanFactoryPointcutAdvisor#0&apos;  
[DEBUG] 2017-08-24 15:26:47,032(1854) --&gt; [main] org.aspectj.weaver.tools.CommonsTrace.enter(CommonsTrace.java:29): 15:26:47.031 main &gt; org.aspectj.weaver.World$TypeMap.&lt;init&gt; org.aspectj.weaver.World$TypeMap@651aed93 org.aspectj.weaver.reflect.ReflectionWorld@4dd6fd0a  
[DEBUG] 2017-08-24 15:26:47,032(1854) --&gt; [main] org.aspectj.weaver.tools.CommonsTrace.exit(CommonsTrace.java:53): 15:26:47.032 main &lt; org.aspectj.weaver.World$TypeMap.&lt;init&gt;  
[DEBUG] 2017-08-24 15:26:47,034(1856) --&gt; [main] org.aspectj.weaver.tools.CommonsTrace.enter(CommonsTrace.java:29): 15:26:47.034 main &gt; org.aspectj.weaver.CrosscuttingMembersSet.&lt;init&gt; org.aspectj.weaver.CrosscuttingMembersSet@6692b6c6 org.aspectj.weaver.reflect.ReflectionWorld@4dd6fd0a  
[DEBUG] 2017-08-24 15:26:47,034(1856) --&gt; [main] org.aspectj.weaver.tools.CommonsTrace.exit(CommonsTrace.java:53): 15:26:47.034 main &lt; org.aspectj.weaver.CrosscuttingMembersSet.&lt;init&gt;  
[DEBUG] 2017-08-24 15:26:47,037(1859) --&gt; [main] org.aspectj.weaver.tools.CommonsTrace.enter(CommonsTrace.java:29): 15:26:47.037 main &gt; org.aspectj.weaver.Lint.&lt;init&gt; org.aspectj.weaver.Lint@50313382 org.aspectj.weaver.reflect.ReflectionWorld@4dd6fd0a  
[DEBUG] 2017-08-24 15:26:47,037(1859) --&gt; [main] org.aspectj.weaver.tools.CommonsTrace.exit(CommonsTrace.java:53): 15:26:47.037 main &lt; org.aspectj.weaver.Lint.&lt;init&gt;  
[DEBUG] 2017-08-24 15:26:47,038(1860) --&gt; [main] org.aspectj.weaver.tools.CommonsTrace.enter(CommonsTrace.java:35): 15:26:47.038 main &gt; org.aspectj.weaver.World.&lt;init&gt; org.aspectj.weaver.reflect.ReflectionWorld@4dd6fd0a  
[DEBUG] 2017-08-24 15:26:47,041(1863) --&gt; [main] org.aspectj.weaver.tools.CommonsTrace.enter(CommonsTrace.java:29): 15:26:47.041 main &gt; org.aspectj.weaver.Dump.registerNode class org.aspectj.weaver.reflect.ReflectionWorld, org.aspectj.weaver.reflect.ReflectionWorld@4dd6fd0a  
[DEBUG] 2017-08-24 15:26:47,042(1864) --&gt; [main] org.aspectj.weaver.tools.CommonsTrace.exit(CommonsTrace.java:41): 15:26:47.042 main &lt; org.aspectj.weaver.Dump.registerNode 1  
[DEBUG] 2017-08-24 15:26:47,061(1883) --&gt; [main] org.aspectj.weaver.tools.CommonsTrace.exit(CommonsTrace.java:53): 15:26:47.061 main &lt; org.aspectj.weaver.World.&lt;init&gt;  
[DEBUG] 2017-08-24 15:26:47,063(1885) --&gt; [main] org.aspectj.weaver.tools.CommonsTrace.enter(CommonsTrace.java:29): 15:26:47.062 main &gt; org.aspectj.weaver.World$TypeMap.&lt;init&gt; org.aspectj.weaver.World$TypeMap@2d9caaeb org.aspectj.weaver.reflect.ReflectionWorld@42a15bdc  
[DEBUG] 2017-08-24 15:26:47,063(1885) --&gt; [main] org.aspectj.weaver.tools.CommonsTrace.exit(CommonsTrace.java:53): 15:26:47.063 main &lt; org.aspectj.weaver.World$TypeMap.&lt;init&gt;  
[DEBUG] 2017-08-24 15:26:47,063(1885) --&gt; [main] org.aspectj.weaver.tools.CommonsTrace.enter(CommonsTrace.java:29): 15:26:47.063 main &gt; org.aspectj.weaver.CrosscuttingMembersSet.&lt;init&gt; org.aspectj.weaver.CrosscuttingMembersSet@44a59da3 org.aspectj.weaver.reflect.ReflectionWorld@42a15bdc  
[DEBUG] 2017-08-24 15:26:47,064(1886) --&gt; [main] org.aspectj.weaver.tools.CommonsTrace.exit(CommonsTrace.java:53): 15:26:47.064 main &lt; org.aspectj.weaver.CrosscuttingMembersSet.&lt;init&gt;  
[DEBUG] 2017-08-24 15:26:47,064(1886) --&gt; [main] org.aspectj.weaver.tools.CommonsTrace.enter(CommonsTrace.java:29): 15:26:47.064 main &gt; org.aspectj.weaver.Lint.&lt;init&gt; org.aspectj.weaver.Lint@27e47833 org.aspectj.weaver.reflect.ReflectionWorld@42a15bdc  
[DEBUG] 2017-08-24 15:26:47,064(1886) --&gt; [main] org.aspectj.weaver.tools.CommonsTrace.exit(CommonsTrace.java:53): 15:26:47.064 main &lt; org.aspectj.weaver.Lint.&lt;init&gt;  
[DEBUG] 2017-08-24 15:26:47,064(1886) --&gt; [main] org.aspectj.weaver.tools.CommonsTrace.enter(CommonsTrace.java:35): 15:26:47.064 main &gt; org.aspectj.weaver.World.&lt;init&gt; org.aspectj.weaver.reflect.ReflectionWorld@42a15bdc  
[DEBUG] 2017-08-24 15:26:47,065(1887) --&gt; [main] org.aspectj.weaver.tools.CommonsTrace.enter(CommonsTrace.java:29): 15:26:47.065 main &gt; org.aspectj.weaver.Dump.registerNode class org.aspectj.weaver.reflect.ReflectionWorld, org.aspectj.weaver.reflect.ReflectionWorld@42a15bdc  
[DEBUG] 2017-08-24 15:26:47,065(1887) --&gt; [main] org.aspectj.weaver.tools.CommonsTrace.exit(CommonsTrace.java:41): 15:26:47.065 main &lt; org.aspectj.weaver.Dump.registerNode 2  
[DEBUG] 2017-08-24 15:26:47,065(1887) --&gt; [main] org.aspectj.weaver.tools.CommonsTrace.exit(CommonsTrace.java:53): 15:26:47.065 main &lt; org.aspectj.weaver.World.&lt;init&gt;  
[DEBUG] 2017-08-24 15:26:47,124(1946) --&gt; [main] org.springframework.beans.factory.support.AbstractBeanFactory.doGetBean(AbstractBeanFactory.java:246): Returning eagerly cached instance of singleton bean &apos;shiroFilter&apos; that is not fully initialized yet - a consequence of a circular reference  
[DEBUG] 2017-08-24 15:26:47,125(1947) --&gt; [main] org.springframework.beans.factory.support.AbstractBeanFactory.doGetBean(AbstractBeanFactory.java:250): Returning cached instance of singleton bean &apos;org.springframework.aop.support.DefaultBeanFactoryPointcutAdvisor#0&apos;  
[DEBUG] 2017-08-24 15:26:47,131(1953) --&gt; [main] org.springframework.beans.factory.support.AbstractBeanFactory.doGetBean(AbstractBeanFactory.java:250): Returning cached instance of singleton bean &apos;org.springframework.aop.support.DefaultBeanFactoryPointcutAdvisor#0&apos;  
[DEBUG] 2017-08-24 15:26:47,132(1954) --&gt; [main] org.springframework.beans.factory.support.AbstractBeanFactory.doGetBean(AbstractBeanFactory.java:250): Returning cached instance of singleton bean &apos;org.springframework.aop.support.DefaultBeanFactoryPointcutAdvisor#0&apos;  
[DEBUG] 2017-08-24 15:26:47,133(1955) --&gt; [main] org.springframework.beans.factory.support.AbstractBeanFactory.doGetBean(AbstractBeanFactory.java:250): Returning cached instance of singleton bean &apos;org.springframework.aop.support.DefaultBeanFactoryPointcutAdvisor#0&apos;  
[DEBUG] 2017-08-24 15:26:47,134(1956) --&gt; [main] org.springframework.beans.factory.support.AbstractBeanFactory.doGetBean(AbstractBeanFactory.java:250): Returning cached instance of singleton bean &apos;org.springframework.aop.support.DefaultBeanFactoryPointcutAdvisor#0&apos;  
[DEBUG] 2017-08-24 15:26:47,135(1957) --&gt; [main] org.springframework.beans.factory.support.AbstractBeanFactory.doGetBean(AbstractBeanFactory.java:250): Returning cached instance of singleton bean &apos;org.springframework.aop.support.DefaultBeanFactoryPointcutAdvisor#0&apos;  
[DEBUG] 2017-08-24 15:26:47,136(1958) --&gt; [main] org.springframework.beans.factory.support.AbstractBeanFactory.doGetBean(AbstractBeanFactory.java:250): Returning cached instance of singleton bean &apos;org.springframework.aop.support.DefaultBeanFactoryPointcutAdvisor#0&apos;  
[DEBUG] 2017-08-24 15:26:47,137(1959) --&gt; [main] org.springframework.beans.factory.support.DefaultSingletonBeanRegistry.getSingleton(DefaultSingletonBeanRegistry.java:221): Creating shared instance of singleton bean &apos;userServiceImpl&apos;  
[DEBUG] 2017-08-24 15:26:47,138(1960) --&gt; [main] org.springframework.beans.factory.support.AbstractAutowireCapableBeanFactory.createBean(AbstractAutowireCapableBeanFactory.java:448): Creating instance of bean &apos;userServiceImpl&apos;  
[DEBUG] 2017-08-24 15:26:47,138(1960) --&gt; [main] org.springframework.beans.factory.support.AbstractBeanFactory.doGetBean(AbstractBeanFactory.java:250): Returning cached instance of singleton bean &apos;org.springframework.aop.support.DefaultBeanFactoryPointcutAdvisor#0&apos;  
[DEBUG] 2017-08-24 15:26:47,140(1962) --&gt; [main] org.springframework.beans.factory.annotation.InjectionMetadata.checkConfigMembers(InjectionMetadata.java:72): Registered injected element on class [com.flat.srm.system.service.user.impl.UserServiceImpl]: AutowiredFieldElement for private com.flat.srm.system.dao.user.IUserMapper com.flat.srm.system.service.user.impl.UserServiceImpl.userMapper  
[DEBUG] 2017-08-24 15:26:47,140(1962) --&gt; [main] org.springframework.beans.factory.annotation.InjectionMetadata.checkConfigMembers(InjectionMetadata.java:72): Registered injected element on class [com.flat.srm.system.service.user.impl.UserServiceImpl]: AutowiredFieldElement for private org.apache.shiro.session.mgt.eis.SessionDAO com.flat.srm.system.service.user.impl.UserServiceImpl.sessionDAO  
[DEBUG] 2017-08-24 15:26:47,140(1962) --&gt; [main] org.springframework.beans.factory.support.AbstractAutowireCapableBeanFactory.doCreateBean(AbstractAutowireCapableBeanFactory.java:529): Eagerly caching bean &apos;userServiceImpl&apos; to allow for resolving potential circular references  
[DEBUG] 2017-08-24 15:26:47,143(1965) --&gt; [main] org.springframework.beans.factory.annotation.InjectionMetadata.inject(InjectionMetadata.java:86): Processing injected element of bean &apos;userServiceImpl&apos;: AutowiredFieldElement for private com.flat.srm.system.dao.user.IUserMapper com.flat.srm.system.service.user.impl.UserServiceImpl.userMapper  
[DEBUG] 2017-08-24 15:26:47,144(1966) --&gt; [main] org.springframework.beans.factory.support.DefaultSingletonBeanRegistry.getSingleton(DefaultSingletonBeanRegistry.java:221): Creating shared instance of singleton bean &apos;IUserMapper&apos;  
[DEBUG] 2017-08-24 15:26:47,144(1966) --&gt; [main] org.springframework.beans.factory.support.AbstractAutowireCapableBeanFactory.createBean(AbstractAutowireCapableBeanFactory.java:448): Creating instance of bean &apos;IUserMapper&apos;  
[DEBUG] 2017-08-24 15:26:47,144(1966) --&gt; [main] org.springframework.beans.factory.support.AbstractBeanFactory.doGetBean(AbstractBeanFactory.java:250): Returning cached instance of singleton bean &apos;org.springframework.aop.support.DefaultBeanFactoryPointcutAdvisor#0&apos;  
[DEBUG] 2017-08-24 15:26:47,145(1967) --&gt; [main] org.springframework.beans.factory.support.AbstractAutowireCapableBeanFactory.doCreateBean(AbstractAutowireCapableBeanFactory.java:529): Eagerly caching bean &apos;IUserMapper&apos; to allow for resolving potential circular references  
[DEBUG] 2017-08-24 15:26:47,153(1975) --&gt; [main] org.springframework.beans.factory.support.DefaultSingletonBeanRegistry.getSingleton(DefaultSingletonBeanRegistry.java:221): Creating shared instance of singleton bean &apos;sqlSessionFactory&apos;  
[DEBUG] 2017-08-24 15:26:47,154(1976) --&gt; [main] org.springframework.beans.factory.support.AbstractAutowireCapableBeanFactory.createBean(AbstractAutowireCapableBeanFactory.java:448): Creating instance of bean &apos;sqlSessionFactory&apos;  
[DEBUG] 2017-08-24 15:26:47,154(1976) --&gt; [main] org.springframework.beans.factory.support.AbstractBeanFactory.doGetBean(AbstractBeanFactory.java:250): Returning cached instance of singleton bean &apos;org.springframework.aop.support.DefaultBeanFactoryPointcutAdvisor#0&apos;  
[DEBUG] 2017-08-24 15:26:47,156(1978) --&gt; [main] org.springframework.beans.factory.support.AbstractAutowireCapableBeanFactory.doCreateBean(AbstractAutowireCapableBeanFactory.java:529): Eagerly caching bean &apos;sqlSessionFactory&apos; to allow for resolving potential circular references  
[DEBUG] 2017-08-24 15:26:47,161(1983) --&gt; [main] org.springframework.beans.factory.support.DefaultSingletonBeanRegistry.getSingleton(DefaultSingletonBeanRegistry.java:221): Creating shared instance of singleton bean &apos;dynamicDataSource&apos;  
[DEBUG] 2017-08-24 15:26:47,162(1984) --&gt; [main] org.springframework.beans.factory.support.AbstractAutowireCapableBeanFactory.createBean(AbstractAutowireCapableBeanFactory.java:448): Creating instance of bean &apos;dynamicDataSource&apos;  
[DEBUG] 2017-08-24 15:26:47,162(1984) --&gt; [main] org.springframework.beans.factory.support.AbstractBeanFactory.doGetBean(AbstractBeanFactory.java:250): Returning cached instance of singleton bean &apos;org.springframework.aop.support.DefaultBeanFactoryPointcutAdvisor#0&apos;  
[DEBUG] 2017-08-24 15:26:47,166(1988) --&gt; [main] org.springframework.beans.factory.support.AbstractAutowireCapableBeanFactory.doCreateBean(AbstractAutowireCapableBeanFactory.java:529): Eagerly caching bean &apos;dynamicDataSource&apos; to allow for resolving potential circular references  
[DEBUG] 2017-08-24 15:26:47,178(2000) --&gt; [main] org.springframework.beans.factory.support.DefaultSingletonBeanRegistry.getSingleton(DefaultSingletonBeanRegistry.java:221): Creating shared instance of singleton bean &apos;dataSourceMysql&apos;  
[DEBUG] 2017-08-24 15:26:47,178(2000) --&gt; [main] org.springframework.beans.factory.support.AbstractAutowireCapableBeanFactory.createBean(AbstractAutowireCapableBeanFactory.java:448): Creating instance of bean &apos;dataSourceMysql&apos;  
[DEBUG] 2017-08-24 15:26:47,179(2001) --&gt; [main] org.springframework.beans.factory.support.AbstractBeanFactory.doGetBean(AbstractBeanFactory.java:250): Returning cached instance of singleton bean &apos;org.springframework.aop.support.DefaultBeanFactoryPointcutAdvisor#0&apos;  
[DEBUG] 2017-08-24 15:26:47,229(2051) --&gt; [main] org.springframework.beans.factory.support.AbstractAutowireCapableBeanFactory.doCreateBean(AbstractAutowireCapableBeanFactory.java:529): Eagerly caching bean &apos;dataSourceMysql&apos; to allow for resolving potential circular references  
[DEBUG] 2017-08-24 15:26:47,299(2121) --&gt; [main] org.springframework.beans.factory.support.AbstractAutowireCapableBeanFactory.invokeCustomInitMethod(AbstractAutowireCapableBeanFactory.java:1678): Invoking init method  &apos;init&apos; on bean with name &apos;dataSourceMysql&apos;  
[INFO ] 2017-08-24 15:26:47,842(2664) --&gt; [main] com.alibaba.druid.pool.DruidDataSource.init(DruidDataSource.java:669): {dataSource-1} inited  
[INFO ] 2017-08-24 15:26:47,843(2665) --&gt; [main] org.springframework.context.support.PostProcessorRegistrationDelegate$BeanPostProcessorChecker.postProcessAfterInitialization(PostProcessorRegistrationDelegate.java:328): Bean &apos;dataSourceMysql&apos; of type [class com.alibaba.druid.pool.DruidDataSource] is not eligible for getting processed by all BeanPostProcessors (for example: not eligible for auto-proxying)  
[DEBUG] 2017-08-24 15:26:47,844(2666) --&gt; [main] org.springframework.beans.factory.support.AbstractBeanFactory.doGetBean(AbstractBeanFactory.java:250): Returning cached instance of singleton bean &apos;org.springframework.aop.support.DefaultBeanFactoryPointcutAdvisor#0&apos;  
[DEBUG] 2017-08-24 15:26:47,844(2666) --&gt; [main] org.springframework.beans.factory.support.AbstractBeanFactory.doGetBean(AbstractBeanFactory.java:250): Returning cached instance of singleton bean &apos;org.springframework.aop.support.DefaultBeanFactoryPointcutAdvisor#0&apos;  
[DEBUG] 2017-08-24 15:26:47,845(2667) --&gt; [main] org.springframework.beans.factory.support.AbstractAutowireCapableBeanFactory.createBean(AbstractAutowireCapableBeanFactory.java:484): Finished creating instance of bean &apos;dataSourceMysql&apos;  
[DEBUG] 2017-08-24 15:26:47,847(2669) --&gt; [main] org.springframework.beans.factory.support.AbstractBeanFactory.doGetBean(AbstractBeanFactory.java:250): Returning cached instance of singleton bean &apos;dataSourceMysql&apos;  
[DEBUG] 2017-08-24 15:26:47,847(2669) --&gt; [main] org.springframework.beans.factory.support.AbstractAutowireCapableBeanFactory.invokeInitMethods(AbstractAutowireCapableBeanFactory.java:1620): Invoking afterPropertiesSet() on bean with name &apos;dynamicDataSource&apos;  
[INFO ] 2017-08-24 15:26:47,848(2670) --&gt; [main] org.springframework.context.support.PostProcessorRegistrationDelegate$BeanPostProcessorChecker.postProcessAfterInitialization(PostProcessorRegistrationDelegate.java:328): Bean &apos;dynamicDataSource&apos; of type [class com.flat.srm.common.datasource.DynamicDataSource] is not eligible for getting processed by all BeanPostProcessors (for example: not eligible for auto-proxying)  
[DEBUG] 2017-08-24 15:26:47,848(2670) --&gt; [main] org.springframework.beans.factory.support.AbstractBeanFactory.doGetBean(AbstractBeanFactory.java:250): Returning cached instance of singleton bean &apos;org.springframework.aop.support.DefaultBeanFactoryPointcutAdvisor#0&apos;  
[DEBUG] 2017-08-24 15:26:47,848(2670) --&gt; [main] org.springframework.beans.factory.support.AbstractBeanFactory.doGetBean(AbstractBeanFactory.java:250): Returning cached instance of singleton bean &apos;org.springframework.aop.support.DefaultBeanFactoryPointcutAdvisor#0&apos;  
[DEBUG] 2017-08-24 15:26:47,849(2671) --&gt; [main] org.springframework.beans.factory.support.AbstractAutowireCapableBeanFactory.createBean(AbstractAutowireCapableBeanFactory.java:484): Finished creating instance of bean &apos;dynamicDataSource&apos;  
[DEBUG] 2017-08-24 15:26:47,849(2671) --&gt; [main] org.springframework.core.io.support.PathMatchingResourcePatternResolver.doFindMatchingFileSystemResources(PathMatchingResourcePatternResolver.java:631): Looking for matching resources in directory tree [D:\learning\development\IdesProjects\FLATSRM\target\test-classes\com\flat\srm]  
[DEBUG] 2017-08-24 15:26:47,850(2672) --&gt; [main] org.springframework.core.io.support.PathMatchingResourcePatternResolver.doRetrieveMatchingFiles(PathMatchingResourcePatternResolver.java:693): Searching directory [D:\learning\development\IdesProjects\FLATSRM\target\test-classes\com\flat\srm] for files matching pattern [D:/learning/development/IdesProjects/FLATSRM/target/test-classes/com/flat/srm/*/dao/*/*.xml]  
[DEBUG] 2017-08-24 15:26:47,851(2673) --&gt; [main] org.springframework.core.io.support.PathMatchingResourcePatternResolver.doRetrieveMatchingFiles(PathMatchingResourcePatternResolver.java:693): Searching directory [D:\learning\development\IdesProjects\FLATSRM\target\test-classes\com\flat\srm\dictionary] for files matching pattern [D:/learning/development/IdesProjects/FLATSRM/target/test-classes/com/flat/srm/*/dao/*/*.xml]  
[DEBUG] 2017-08-24 15:26:47,851(2673) --&gt; [main] org.springframework.core.io.support.PathMatchingResourcePatternResolver.doRetrieveMatchingFiles(PathMatchingResourcePatternResolver.java:693): Searching directory [D:\learning\development\IdesProjects\FLATSRM\target\test-classes\com\flat\srm\system] for files matching pattern [D:/learning/development/IdesProjects/FLATSRM/target/test-classes/com/flat/srm/*/dao/*/*.xml]  
[DEBUG] 2017-08-24 15:26:47,852(2674) --&gt; [main] org.springframework.core.io.support.PathMatchingResourcePatternResolver.findPathMatchingResources(PathMatchingResourcePatternResolver.java:424): Resolved location pattern [classpath:com/flat/srm/*/dao/*/*.xml] to resources []  
[DEBUG] 2017-08-24 15:26:47,854(2676) --&gt; [main] org.springframework.beans.factory.support.AbstractAutowireCapableBeanFactory.invokeInitMethods(AbstractAutowireCapableBeanFactory.java:1620): Invoking afterPropertiesSet() on bean with name &apos;sqlSessionFactory&apos;  
[DEBUG] 2017-08-24 15:26:47,996(2818) --&gt; [main] org.apache.ibatis.logging.LogFactory.setImplementation(LogFactory.java:135): Logging initialized using &apos;class org.apache.ibatis.logging.log4j.Log4jImpl&apos; adapter.  
[INFO ] 2017-08-24 15:26:48,000(2822) --&gt; [main] org.springframework.context.support.PostProcessorRegistrationDelegate$BeanPostProcessorChecker.postProcessAfterInitialization(PostProcessorRegistrationDelegate.java:328): Bean &apos;sqlSessionFactory&apos; of type [class org.mybatis.spring.SqlSessionFactoryBean] is not eligible for getting processed by all BeanPostProcessors (for example: not eligible for auto-proxying)  
[DEBUG] 2017-08-24 15:26:48,000(2822) --&gt; [main] org.springframework.beans.factory.support.AbstractBeanFactory.doGetBean(AbstractBeanFactory.java:250): Returning cached instance of singleton bean &apos;org.springframework.aop.support.DefaultBeanFactoryPointcutAdvisor#0&apos;  
[DEBUG] 2017-08-24 15:26:48,001(2823) --&gt; [main] org.springframework.beans.factory.support.AbstractBeanFactory.doGetBean(AbstractBeanFactory.java:250): Returning cached instance of singleton bean &apos;org.springframework.aop.support.DefaultBeanFactoryPointcutAdvisor#0&apos;  
[DEBUG] 2017-08-24 15:26:48,001(2823) --&gt; [main] org.springframework.beans.factory.support.AbstractAutowireCapableBeanFactory.createBean(AbstractAutowireCapableBeanFactory.java:484): Finished creating instance of bean &apos;sqlSessionFactory&apos;  
[INFO ] 2017-08-24 15:26:48,002(2824) --&gt; [main] org.springframework.context.support.PostProcessorRegistrationDelegate$BeanPostProcessorChecker.postProcessAfterInitialization(PostProcessorRegistrationDelegate.java:328): Bean &apos;sqlSessionFactory&apos; of type [class org.apache.ibatis.session.defaults.DefaultSqlSessionFactory] is not eligible for getting processed by all BeanPostProcessors (for example: not eligible for auto-proxying)  
[DEBUG] 2017-08-24 15:26:48,002(2824) --&gt; [main] org.springframework.beans.factory.support.AbstractBeanFactory.doGetBean(AbstractBeanFactory.java:250): Returning cached instance of singleton bean &apos;org.springframework.aop.support.DefaultBeanFactoryPointcutAdvisor#0&apos;  
[DEBUG] 2017-08-24 15:26:48,003(2825) --&gt; [main] org.springframework.beans.factory.support.AbstractBeanFactory.doGetBean(AbstractBeanFactory.java:250): Returning cached instance of singleton bean &apos;org.springframework.aop.support.DefaultBeanFactoryPointcutAdvisor#0&apos;  
[DEBUG] 2017-08-24 15:26:48,010(2832) --&gt; [main] org.springframework.beans.factory.support.AbstractAutowireCapableBeanFactory.invokeInitMethods(AbstractAutowireCapableBeanFactory.java:1620): Invoking afterPropertiesSet() on bean with name &apos;IUserMapper&apos;  
[INFO ] 2017-08-24 15:26:48,135(2957) --&gt; [main] org.springframework.context.support.PostProcessorRegistrationDelegate$BeanPostProcessorChecker.postProcessAfterInitialization(PostProcessorRegistrationDelegate.java:328): Bean &apos;IUserMapper&apos; of type [class org.mybatis.spring.mapper.MapperFactoryBean] is not eligible for getting processed by all BeanPostProcessors (for example: not eligible for auto-proxying)  
[DEBUG] 2017-08-24 15:26:48,136(2958) --&gt; [main] org.springframework.beans.factory.support.AbstractBeanFactory.doGetBean(AbstractBeanFactory.java:250): Returning cached instance of singleton bean &apos;org.springframework.aop.support.DefaultBeanFactoryPointcutAdvisor#0&apos;  
[DEBUG] 2017-08-24 15:26:48,136(2958) --&gt; [main] org.springframework.beans.factory.support.AbstractBeanFactory.doGetBean(AbstractBeanFactory.java:250): Returning cached instance of singleton bean &apos;org.springframework.aop.support.DefaultBeanFactoryPointcutAdvisor#0&apos;  
[DEBUG] 2017-08-24 15:26:48,137(2959) --&gt; [main] org.springframework.beans.factory.support.AbstractAutowireCapableBeanFactory.createBean(AbstractAutowireCapableBeanFactory.java:484): Finished creating instance of bean &apos;IUserMapper&apos;  
[INFO ] 2017-08-24 15:26:48,139(2961) --&gt; [main] org.springframework.context.support.PostProcessorRegistrationDelegate$BeanPostProcessorChecker.postProcessAfterInitialization(PostProcessorRegistrationDelegate.java:328): Bean &apos;IUserMapper&apos; of type [class com.sun.proxy.$Proxy20] is not eligible for getting processed by all BeanPostProcessors (for example: not eligible for auto-proxying)  
[DEBUG] 2017-08-24 15:26:48,140(2962) --&gt; [main] org.springframework.beans.factory.support.AbstractBeanFactory.doGetBean(AbstractBeanFactory.java:250): Returning cached instance of singleton bean &apos;org.springframework.aop.support.DefaultBeanFactoryPointcutAdvisor#0&apos;  
[DEBUG] 2017-08-24 15:26:48,141(2963) --&gt; [main] org.springframework.beans.factory.support.AbstractBeanFactory.doGetBean(AbstractBeanFactory.java:250): Returning cached instance of singleton bean &apos;org.springframework.aop.support.DefaultBeanFactoryPointcutAdvisor#0&apos;  
[DEBUG] 2017-08-24 15:26:48,142(2964) --&gt; [main] org.springframework.beans.factory.annotation.AutowiredAnnotationBeanPostProcessor.registerDependentBeans(AutowiredAnnotationBeanPostProcessor.java:490): Autowiring by type from bean name &apos;userServiceImpl&apos; to bean named &apos;IUserMapper&apos;  
[DEBUG] 2017-08-24 15:26:48,142(2964) --&gt; [main] org.springframework.beans.factory.annotation.InjectionMetadata.inject(InjectionMetadata.java:86): Processing injected element of bean &apos;userServiceImpl&apos;: AutowiredFieldElement for private org.apache.shiro.session.mgt.eis.SessionDAO com.flat.srm.system.service.user.impl.UserServiceImpl.sessionDAO  
[DEBUG] 2017-08-24 15:26:48,143(2965) --&gt; [main] org.springframework.beans.factory.support.DefaultSingletonBeanRegistry.getSingleton(DefaultSingletonBeanRegistry.java:221): Creating shared instance of singleton bean &apos;sessionDAO&apos;  
[DEBUG] 2017-08-24 15:26:48,146(2968) --&gt; [main] org.springframework.beans.factory.support.AbstractAutowireCapableBeanFactory.createBean(AbstractAutowireCapableBeanFactory.java:448): Creating instance of bean &apos;sessionDAO&apos;  
[DEBUG] 2017-08-24 15:26:48,147(2969) --&gt; [main] org.springframework.beans.factory.support.AbstractBeanFactory.doGetBean(AbstractBeanFactory.java:250): Returning cached instance of singleton bean &apos;org.springframework.aop.support.DefaultBeanFactoryPointcutAdvisor#0&apos;  
[DEBUG] 2017-08-24 15:26:48,148(2970) --&gt; [main] org.springframework.beans.factory.support.AbstractAutowireCapableBeanFactory.doCreateBean(AbstractAutowireCapableBeanFactory.java:529): Eagerly caching bean &apos;sessionDAO&apos; to allow for resolving potential circular references  
[INFO ] 2017-08-24 15:26:48,151(2973) --&gt; [main] org.springframework.context.support.PostProcessorRegistrationDelegate$BeanPostProcessorChecker.postProcessAfterInitialization(PostProcessorRegistrationDelegate.java:328): Bean &apos;sessionDAO&apos; of type [class org.apache.shiro.session.mgt.eis.MemorySessionDAO] is not eligible for getting processed by all BeanPostProcessors (for example: not eligible for auto-proxying)  
[DEBUG] 2017-08-24 15:26:48,152(2974) --&gt; [main] org.springframework.beans.factory.support.AbstractBeanFactory.doGetBean(AbstractBeanFactory.java:250): Returning cached instance of singleton bean &apos;org.springframework.aop.support.DefaultBeanFactoryPointcutAdvisor#0&apos;  
[DEBUG] 2017-08-24 15:26:48,152(2974) --&gt; [main] org.springframework.beans.factory.support.AbstractBeanFactory.doGetBean(AbstractBeanFactory.java:250): Returning cached instance of singleton bean &apos;org.springframework.aop.support.DefaultBeanFactoryPointcutAdvisor#0&apos;  
[DEBUG] 2017-08-24 15:26:48,152(2974) --&gt; [main] org.springframework.beans.factory.support.AbstractAutowireCapableBeanFactory.createBean(AbstractAutowireCapableBeanFactory.java:484): Finished creating instance of bean &apos;sessionDAO&apos;  
[DEBUG] 2017-08-24 15:26:48,153(2975) --&gt; [main] org.springframework.beans.factory.annotation.AutowiredAnnotationBeanPostProcessor.registerDependentBeans(AutowiredAnnotationBeanPostProcessor.java:490): Autowiring by type from bean name &apos;userServiceImpl&apos; to bean named &apos;sessionDAO&apos;  
[INFO ] 2017-08-24 15:26:48,153(2975) --&gt; [main] org.springframework.context.support.PostProcessorRegistrationDelegate$BeanPostProcessorChecker.postProcessAfterInitialization(PostProcessorRegistrationDelegate.java:328): Bean &apos;userServiceImpl&apos; of type [class com.flat.srm.system.service.user.impl.UserServiceImpl] is not eligible for getting processed by all BeanPostProcessors (for example: not eligible for auto-proxying)  
[DEBUG] 2017-08-24 15:26:48,153(2975) --&gt; [main] org.springframework.beans.factory.support.AbstractBeanFactory.doGetBean(AbstractBeanFactory.java:250): Returning cached instance of singleton bean &apos;org.springframework.aop.support.DefaultBeanFactoryPointcutAdvisor#0&apos;  
[DEBUG] 2017-08-24 15:26:48,154(2976) --&gt; [main] org.springframework.beans.factory.support.AbstractBeanFactory.doGetBean(AbstractBeanFactory.java:250): Returning cached instance of singleton bean &apos;org.springframework.aop.support.DefaultBeanFactoryPointcutAdvisor#0&apos;  
[DEBUG] 2017-08-24 15:26:48,175(2997) --&gt; [main] org.springframework.beans.factory.support.DefaultSingletonBeanRegistry.getSingleton(DefaultSingletonBeanRegistry.java:221): Creating shared instance of singleton bean &apos;txAdvice&apos;  
[DEBUG] 2017-08-24 15:26:48,176(2998) --&gt; [main] org.springframework.beans.factory.support.AbstractAutowireCapableBeanFactory.createBean(AbstractAutowireCapableBeanFactory.java:448): Creating instance of bean &apos;txAdvice&apos;  
[DEBUG] 2017-08-24 15:26:48,179(3001) --&gt; [main] org.springframework.beans.factory.support.AbstractAutowireCapableBeanFactory.doCreateBean(AbstractAutowireCapableBeanFactory.java:529): Eagerly caching bean &apos;txAdvice&apos; to allow for resolving potential circular references  
[DEBUG] 2017-08-24 15:26:48,184(3006) --&gt; [main] org.springframework.beans.factory.support.DefaultSingletonBeanRegistry.getSingleton(DefaultSingletonBeanRegistry.java:221): Creating shared instance of singleton bean &apos;txManage&apos;  
[DEBUG] 2017-08-24 15:26:48,185(3007) --&gt; [main] org.springframework.beans.factory.support.AbstractAutowireCapableBeanFactory.createBean(AbstractAutowireCapableBeanFactory.java:448): Creating instance of bean &apos;txManage&apos;  
[DEBUG] 2017-08-24 15:26:48,186(3008) --&gt; [main] org.springframework.beans.factory.support.AbstractBeanFactory.doGetBean(AbstractBeanFactory.java:250): Returning cached instance of singleton bean &apos;org.springframework.aop.support.DefaultBeanFactoryPointcutAdvisor#0&apos;  
[DEBUG] 2017-08-24 15:26:48,191(3013) --&gt; [main] org.springframework.beans.factory.support.AbstractAutowireCapableBeanFactory.doCreateBean(AbstractAutowireCapableBeanFactory.java:529): Eagerly caching bean &apos;txManage&apos; to allow for resolving potential circular references  
[DEBUG] 2017-08-24 15:26:48,195(3017) --&gt; [main] org.springframework.beans.factory.support.AbstractBeanFactory.doGetBean(AbstractBeanFactory.java:250): Returning cached instance of singleton bean &apos;dynamicDataSource&apos;  
[DEBUG] 2017-08-24 15:26:48,196(3018) --&gt; [main] org.springframework.beans.factory.support.AbstractAutowireCapableBeanFactory.invokeInitMethods(AbstractAutowireCapableBeanFactory.java:1620): Invoking afterPropertiesSet() on bean with name &apos;txManage&apos;  
[INFO ] 2017-08-24 15:26:48,196(3018) --&gt; [main] org.springframework.context.support.PostProcessorRegistrationDelegate$BeanPostProcessorChecker.postProcessAfterInitialization(PostProcessorRegistrationDelegate.java:328): Bean &apos;txManage&apos; of type [class org.springframework.jdbc.datasource.DataSourceTransactionManager] is not eligible for getting processed by all BeanPostProcessors (for example: not eligible for auto-proxying)  
[DEBUG] 2017-08-24 15:26:48,197(3019) --&gt; [main] org.springframework.beans.factory.support.AbstractBeanFactory.doGetBean(AbstractBeanFactory.java:250): Returning cached instance of singleton bean &apos;org.springframework.aop.support.DefaultBeanFactoryPointcutAdvisor#0&apos;  
[DEBUG] 2017-08-24 15:26:48,197(3019) --&gt; [main] org.springframework.beans.factory.support.AbstractBeanFactory.doGetBean(AbstractBeanFactory.java:250): Returning cached instance of singleton bean &apos;org.springframework.aop.support.DefaultBeanFactoryPointcutAdvisor#0&apos;  
[DEBUG] 2017-08-24 15:26:48,197(3019) --&gt; [main] org.springframework.beans.factory.support.AbstractAutowireCapableBeanFactory.createBean(AbstractAutowireCapableBeanFactory.java:484): Finished creating instance of bean &apos;txManage&apos;  
[DEBUG] 2017-08-24 15:26:48,199(3021) --&gt; [main] org.springframework.beans.factory.support.AbstractAutowireCapableBeanFactory.createBean(AbstractAutowireCapableBeanFactory.java:448): Creating instance of bean &apos;(inner bean)#4b672daa&apos;  
[DEBUG] 2017-08-24 15:26:48,199(3021) --&gt; [main] org.springframework.beans.factory.support.AbstractBeanFactory.doGetBean(AbstractBeanFactory.java:250): Returning cached instance of singleton bean &apos;org.springframework.aop.support.DefaultBeanFactoryPointcutAdvisor#0&apos;  
[DEBUG] 2017-08-24 15:26:48,202(3024) --&gt; [main] org.springframework.transaction.interceptor.NameMatchTransactionAttributeSource.addTransactionalMethod(NameMatchTransactionAttributeSource.java:96): Adding transactional method [find*] with attribute [PROPAGATION_REQUIRED,ISOLATION_DEFAULT]  
[DEBUG] 2017-08-24 15:26:48,202(3024) --&gt; [main] org.springframework.transaction.interceptor.NameMatchTransactionAttributeSource.addTransactionalMethod(NameMatchTransactionAttributeSource.java:96): Adding transactional method [add*] with attribute [PROPAGATION_REQUIRED,ISOLATION_DEFAULT]  
[DEBUG] 2017-08-24 15:26:48,202(3024) --&gt; [main] org.springframework.transaction.interceptor.NameMatchTransactionAttributeSource.addTransactionalMethod(NameMatchTransactionAttributeSource.java:96): Adding transactional method [update*] with attribute [PROPAGATION_REQUIRED,ISOLATION_DEFAULT]  
[DEBUG] 2017-08-24 15:26:48,203(3025) --&gt; [main] org.springframework.transaction.interceptor.NameMatchTransactionAttributeSource.addTransactionalMethod(NameMatchTransactionAttributeSource.java:96): Adding transactional method [delete*] with attribute [PROPAGATION_REQUIRED,ISOLATION_DEFAULT]  
[DEBUG] 2017-08-24 15:26:48,203(3025) --&gt; [main] org.springframework.transaction.interceptor.NameMatchTransactionAttributeSource.addTransactionalMethod(NameMatchTransactionAttributeSource.java:96): Adding transactional method [save*] with attribute [PROPAGATION_REQUIRED,ISOLATION_DEFAULT,-java.lang.Exception]  
[INFO ] 2017-08-24 15:26:48,203(3025) --&gt; [main] org.springframework.context.support.PostProcessorRegistrationDelegate$BeanPostProcessorChecker.postProcessAfterInitialization(PostProcessorRegistrationDelegate.java:328): Bean &apos;(inner bean)#4b672daa&apos; of type [class org.springframework.transaction.interceptor.NameMatchTransactionAttributeSource] is not eligible for getting processed by all BeanPostProcessors (for example: not eligible for auto-proxying)  
[DEBUG] 2017-08-24 15:26:48,204(3026) --&gt; [main] org.springframework.beans.factory.support.AbstractBeanFactory.doGetBean(AbstractBeanFactory.java:250): Returning cached instance of singleton bean &apos;org.springframework.aop.support.DefaultBeanFactoryPointcutAdvisor#0&apos;  
[DEBUG] 2017-08-24 15:26:48,204(3026) --&gt; [main] org.springframework.beans.factory.support.AbstractBeanFactory.doGetBean(AbstractBeanFactory.java:250): Returning cached instance of singleton bean &apos;org.springframework.aop.support.DefaultBeanFactoryPointcutAdvisor#0&apos;  
[DEBUG] 2017-08-24 15:26:48,205(3027) --&gt; [main] org.springframework.beans.factory.support.AbstractAutowireCapableBeanFactory.createBean(AbstractAutowireCapableBeanFactory.java:484): Finished creating instance of bean &apos;(inner bean)#4b672daa&apos;  
[DEBUG] 2017-08-24 15:26:48,205(3027) --&gt; [main] org.springframework.beans.factory.support.AbstractAutowireCapableBeanFactory.invokeInitMethods(AbstractAutowireCapableBeanFactory.java:1620): Invoking afterPropertiesSet() on bean with name &apos;txAdvice&apos;  
[INFO ] 2017-08-24 15:26:48,205(3027) --&gt; [main] org.springframework.context.support.PostProcessorRegistrationDelegate$BeanPostProcessorChecker.postProcessAfterInitialization(PostProcessorRegistrationDelegate.java:328): Bean &apos;txAdvice&apos; of type [class org.springframework.transaction.interceptor.TransactionInterceptor] is not eligible for getting processed by all BeanPostProcessors (for example: not eligible for auto-proxying)  
[DEBUG] 2017-08-24 15:26:48,205(3027) --&gt; [main] org.springframework.beans.factory.support.AbstractAutowireCapableBeanFactory.createBean(AbstractAutowireCapableBeanFactory.java:484): Finished creating instance of bean &apos;txAdvice&apos;  
[DEBUG] 2017-08-24 15:26:48,214(3036) --&gt; [main] org.springframework.aop.framework.autoproxy.AbstractAutoProxyCreator.buildAdvisors(AbstractAutoProxyCreator.java:505): Creating implicit proxy for bean &apos;userServiceImpl&apos; with 0 common interceptors and 2 specific interceptors  
[DEBUG] 2017-08-24 15:26:48,222(3044) --&gt; [main] org.springframework.aop.framework.CglibAopProxy.getProxy(CglibAopProxy.java:158): Creating CGLIB proxy: target source is SingletonTargetSource for target object [com.flat.srm.system.service.user.impl.UserServiceImpl@4a3329b9]  
[DEBUG] 2017-08-24 15:26:48,273(3095) --&gt; [main] org.springframework.aop.framework.CglibAopProxy$ProxyCallbackFilter.accept(CglibAopProxy.java:831): Unable to apply any optimisations to advised method: public int com.flat.srm.system.service.user.impl.UserServiceImpl.update(com.flat.srm.system.bean.User)  
[DEBUG] 2017-08-24 15:26:48,274(3096) --&gt; [main] org.springframework.aop.framework.CglibAopProxy$ProxyCallbackFilter.accept(CglibAopProxy.java:831): Unable to apply any optimisations to advised method: public int com.flat.srm.system.service.user.impl.UserServiceImpl.save(com.flat.srm.system.bean.User)  
[DEBUG] 2017-08-24 15:26:48,274(3096) --&gt; [main] org.springframework.aop.framework.CglibAopProxy$ProxyCallbackFilter.accept(CglibAopProxy.java:831): Unable to apply any optimisations to advised method: public com.flat.srm.system.bean.User com.flat.srm.system.service.user.impl.UserServiceImpl.findUser(com.flat.srm.common.publicBean.TzParams)  
[DEBUG] 2017-08-24 15:26:48,275(3097) --&gt; [main] org.springframework.aop.framework.CglibAopProxy$ProxyCallbackFilter.accept(CglibAopProxy.java:831): Unable to apply any optimisations to advised method: public java.util.List com.flat.srm.system.service.user.impl.UserServiceImpl.findUsers(com.flat.srm.common.publicBean.TzParams)  
[DEBUG] 2017-08-24 15:26:48,275(3097) --&gt; [main] org.springframework.aop.framework.CglibAopProxy$ProxyCallbackFilter.accept(CglibAopProxy.java:831): Unable to apply any optimisations to advised method: public java.util.List com.flat.srm.system.service.user.impl.UserServiceImpl.userRoles(java.lang.Long)  
[DEBUG] 2017-08-24 15:26:48,275(3097) --&gt; [main] org.springframework.aop.framework.CglibAopProxy$ProxyCallbackFilter.accept(CglibAopProxy.java:831): Unable to apply any optimisations to advised method: public com.flat.srm.system.bean.User com.flat.srm.system.service.user.impl.UserServiceImpl.getLogin(java.lang.String)  
[DEBUG] 2017-08-24 15:26:48,276(3098) --&gt; [main] org.springframework.aop.framework.CglibAopProxy$ProxyCallbackFilter.accept(CglibAopProxy.java:831): Unable to apply any optimisations to advised method: public java.lang.Integer com.flat.srm.system.service.user.impl.UserServiceImpl.pNodeUpdate(java.lang.String,java.lang.Long)  
[DEBUG] 2017-08-24 15:26:48,276(3098) --&gt; [main] org.springframework.aop.framework.CglibAopProxy$ProxyCallbackFilter.accept(CglibAopProxy.java:831): Unable to apply any optimisations to advised method: public java.lang.Integer com.flat.srm.system.service.user.impl.UserServiceImpl.u_rDelete(java.lang.Long)  
[DEBUG] 2017-08-24 15:26:48,277(3099) --&gt; [main] org.springframework.aop.framework.CglibAopProxy$ProxyCallbackFilter.accept(CglibAopProxy.java:831): Unable to apply any optimisations to advised method: public java.lang.Integer com.flat.srm.system.service.user.impl.UserServiceImpl.updeletePass(com.flat.srm.system.bean.User)  
[DEBUG] 2017-08-24 15:26:48,277(3099) --&gt; [main] org.springframework.aop.framework.CglibAopProxy$ProxyCallbackFilter.accept(CglibAopProxy.java:831): Unable to apply any optimisations to advised method: public java.util.Map com.flat.srm.system.service.user.impl.UserServiceImpl.findRegisteredUsers(com.flat.srm.common.publicBean.TzParams)  
[DEBUG] 2017-08-24 15:26:48,278(3100) --&gt; [main] org.springframework.aop.framework.CglibAopProxy$ProxyCallbackFilter.accept(CglibAopProxy.java:831): Unable to apply any optimisations to advised method: public java.lang.String com.flat.srm.system.service.user.impl.UserServiceImpl.saveAll(java.lang.String,java.lang.String) throws java.lang.Exception  
[DEBUG] 2017-08-24 15:26:48,278(3100) --&gt; [main] org.springframework.aop.framework.CglibAopProxy$ProxyCallbackFilter.accept(CglibAopProxy.java:831): Unable to apply any optimisations to advised method: public java.lang.String com.flat.srm.system.service.user.impl.UserServiceImpl.saveToAuditUser(com.flat.srm.system.bean.User)  
[DEBUG] 2017-08-24 15:26:48,278(3100) --&gt; [main] org.springframework.aop.framework.CglibAopProxy$ProxyCallbackFilter.accept(CglibAopProxy.java:831): Unable to apply any optimisations to advised method: public int com.flat.srm.system.service.user.impl.UserServiceImpl.deleteAll(java.lang.Long) throws java.lang.Exception  
[DEBUG] 2017-08-24 15:26:48,279(3101) --&gt; [main] org.springframework.aop.framework.CglibAopProxy$ProxyCallbackFilter.accept(CglibAopProxy.java:831): Unable to apply any optimisations to advised method: public java.lang.Boolean com.flat.srm.system.service.user.impl.UserServiceImpl.kickedOutUser(java.lang.String)  
[DEBUG] 2017-08-24 15:26:48,279(3101) --&gt; [main] org.springframework.aop.framework.CglibAopProxy$ProxyCallbackFilter.accept(CglibAopProxy.java:831): Unable to apply any optimisations to advised method: public java.util.List com.flat.srm.system.service.user.impl.UserServiceImpl.findUserDictionary(com.flat.srm.common.publicBean.TzParams)  
[DEBUG] 2017-08-24 15:26:48,280(3102) --&gt; [main] org.springframework.aop.framework.CglibAopProxy$ProxyCallbackFilter.accept(CglibAopProxy.java:782): Found finalize() method - using NO_OVERRIDE  
[DEBUG] 2017-08-24 15:26:48,280(3102) --&gt; [main] org.springframework.aop.framework.CglibAopProxy$ProxyCallbackFilter.accept(CglibAopProxy.java:794): Found &apos;equals&apos; method: public boolean java.lang.Object.equals(java.lang.Object)  
[DEBUG] 2017-08-24 15:26:48,280(3102) --&gt; [main] org.springframework.aop.framework.CglibAopProxy$ProxyCallbackFilter.accept(CglibAopProxy.java:831): Unable to apply any optimisations to advised method: public java.lang.String java.lang.Object.toString()  
[DEBUG] 2017-08-24 15:26:48,280(3102) --&gt; [main] org.springframework.aop.framework.CglibAopProxy$ProxyCallbackFilter.accept(CglibAopProxy.java:799): Found &apos;hashCode&apos; method: public native int java.lang.Object.hashCode()  
[DEBUG] 2017-08-24 15:26:48,281(3103) --&gt; [main] org.springframework.aop.framework.CglibAopProxy$ProxyCallbackFilter.accept(CglibAopProxy.java:831): Unable to apply any optimisations to advised method: protected native java.lang.Object java.lang.Object.clone() throws java.lang.CloneNotSupportedException  
[DEBUG] 2017-08-24 15:26:48,281(3103) --&gt; [main] org.springframework.aop.framework.CglibAopProxy$ProxyCallbackFilter.accept(CglibAopProxy.java:788): Method is declared on Advised interface: public abstract int org.springframework.aop.framework.Advised.indexOf(org.springframework.aop.Advisor)  
[DEBUG] 2017-08-24 15:26:48,281(3103) --&gt; [main] org.springframework.aop.framework.CglibAopProxy$ProxyCallbackFilter.accept(CglibAopProxy.java:788): Method is declared on Advised interface: public abstract int org.springframework.aop.framework.Advised.indexOf(org.aopalliance.aop.Advice)  
[DEBUG] 2017-08-24 15:26:48,282(3104) --&gt; [main] org.springframework.aop.framework.CglibAopProxy$ProxyCallbackFilter.accept(CglibAopProxy.java:788): Method is declared on Advised interface: public abstract boolean org.springframework.aop.framework.Advised.isFrozen()  
[DEBUG] 2017-08-24 15:26:48,282(3104) --&gt; [main] org.springframework.aop.framework.CglibAopProxy$ProxyCallbackFilter.accept(CglibAopProxy.java:788): Method is declared on Advised interface: public abstract void org.springframework.aop.framework.Advised.setTargetSource(org.springframework.aop.TargetSource)  
[DEBUG] 2017-08-24 15:26:48,282(3104) --&gt; [main] org.springframework.aop.framework.CglibAopProxy$ProxyCallbackFilter.accept(CglibAopProxy.java:788): Method is declared on Advised interface: public abstract boolean org.springframework.aop.framework.Advised.isExposeProxy()  
[DEBUG] 2017-08-24 15:26:48,282(3104) --&gt; [main] org.springframework.aop.framework.CglibAopProxy$ProxyCallbackFilter.accept(CglibAopProxy.java:788): Method is declared on Advised interface: public abstract org.springframework.aop.TargetSource org.springframework.aop.framework.Advised.getTargetSource()  
[DEBUG] 2017-08-24 15:26:48,283(3105) --&gt; [main] org.springframework.aop.framework.CglibAopProxy$ProxyCallbackFilter.accept(CglibAopProxy.java:788): Method is declared on Advised interface: public abstract void org.springframework.aop.framework.Advised.setPreFiltered(boolean)  
[DEBUG] 2017-08-24 15:26:48,283(3105) --&gt; [main] org.springframework.aop.framework.CglibAopProxy$ProxyCallbackFilter.accept(CglibAopProxy.java:788): Method is declared on Advised interface: public abstract void org.springframework.aop.framework.Advised.addAdvisor(int,org.springframework.aop.Advisor) throws org.springframework.aop.framework.AopConfigException  
[DEBUG] 2017-08-24 15:26:48,283(3105) --&gt; [main] org.springframework.aop.framework.CglibAopProxy$ProxyCallbackFilter.accept(CglibAopProxy.java:788): Method is declared on Advised interface: public abstract void org.springframework.aop.framework.Advised.addAdvisor(org.springframework.aop.Advisor) throws org.springframework.aop.framework.AopConfigException  
[DEBUG] 2017-08-24 15:26:48,283(3105) --&gt; [main] org.springframework.aop.framework.CglibAopProxy$ProxyCallbackFilter.accept(CglibAopProxy.java:788): Method is declared on Advised interface: public abstract void org.springframework.aop.framework.Advised.setExposeProxy(boolean)  
[DEBUG] 2017-08-24 15:26:48,284(3106) --&gt; [main] org.springframework.aop.framework.CglibAopProxy$ProxyCallbackFilter.accept(CglibAopProxy.java:788): Method is declared on Advised interface: public abstract boolean org.springframework.aop.framework.Advised.isProxyTargetClass()  
[DEBUG] 2017-08-24 15:26:48,284(3106) --&gt; [main] org.springframework.aop.framework.CglibAopProxy$ProxyCallbackFilter.accept(CglibAopProxy.java:788): Method is declared on Advised interface: public abstract boolean org.springframework.aop.framework.Advised.isInterfaceProxied(java.lang.Class)  
[DEBUG] 2017-08-24 15:26:48,284(3106) --&gt; [main] org.springframework.aop.framework.CglibAopProxy$ProxyCallbackFilter.accept(CglibAopProxy.java:788): Method is declared on Advised interface: public abstract java.lang.Class[] org.springframework.aop.framework.Advised.getProxiedInterfaces()  
[DEBUG] 2017-08-24 15:26:48,284(3106) --&gt; [main] org.springframework.aop.framework.CglibAopProxy$ProxyCallbackFilter.accept(CglibAopProxy.java:788): Method is declared on Advised interface: public abstract java.lang.String org.springframework.aop.framework.Advised.toProxyConfigString()  
[DEBUG] 2017-08-24 15:26:48,285(3107) --&gt; [main] org.springframework.aop.framework.CglibAopProxy$ProxyCallbackFilter.accept(CglibAopProxy.java:788): Method is declared on Advised interface: public abstract org.springframework.aop.Advisor[] org.springframework.aop.framework.Advised.getAdvisors()  
[DEBUG] 2017-08-24 15:26:48,285(3107) --&gt; [main] org.springframework.aop.framework.CglibAopProxy$ProxyCallbackFilter.accept(CglibAopProxy.java:788): Method is declared on Advised interface: public abstract void org.springframework.aop.framework.Advised.addAdvice(org.aopalliance.aop.Advice) throws org.springframework.aop.framework.AopConfigException  
[DEBUG] 2017-08-24 15:26:48,285(3107) --&gt; [main] org.springframework.aop.framework.CglibAopProxy$ProxyCallbackFilter.accept(CglibAopProxy.java:788): Method is declared on Advised interface: public abstract void org.springframework.aop.framework.Advised.addAdvice(int,org.aopalliance.aop.Advice) throws org.springframework.aop.framework.AopConfigException  
[DEBUG] 2017-08-24 15:26:48,285(3107) --&gt; [main] org.springframework.aop.framework.CglibAopProxy$ProxyCallbackFilter.accept(CglibAopProxy.java:788): Method is declared on Advised interface: public abstract boolean org.springframework.aop.framework.Advised.isPreFiltered()  
[DEBUG] 2017-08-24 15:26:48,286(3108) --&gt; [main] org.springframework.aop.framework.CglibAopProxy$ProxyCallbackFilter.accept(CglibAopProxy.java:788): Method is declared on Advised interface: public abstract void org.springframework.aop.framework.Advised.removeAdvisor(int) throws org.springframework.aop.framework.AopConfigException  
[DEBUG] 2017-08-24 15:26:48,286(3108) --&gt; [main] org.springframework.aop.framework.CglibAopProxy$ProxyCallbackFilter.accept(CglibAopProxy.java:788): Method is declared on Advised interface: public abstract boolean org.springframework.aop.framework.Advised.removeAdvisor(org.springframework.aop.Advisor)  
[DEBUG] 2017-08-24 15:26:48,286(3108) --&gt; [main] org.springframework.aop.framework.CglibAopProxy$ProxyCallbackFilter.accept(CglibAopProxy.java:788): Method is declared on Advised interface: public abstract boolean org.springframework.aop.framework.Advised.replaceAdvisor(org.springframework.aop.Advisor,org.springframework.aop.Advisor) throws org.springframework.aop.framework.AopConfigException  
[DEBUG] 2017-08-24 15:26:48,286(3108) --&gt; [main] org.springframework.aop.framework.CglibAopProxy$ProxyCallbackFilter.accept(CglibAopProxy.java:788): Method is declared on Advised interface: public abstract boolean org.springframework.aop.framework.Advised.removeAdvice(org.aopalliance.aop.Advice)  
[DEBUG] 2017-08-24 15:26:48,287(3109) --&gt; [main] org.springframework.aop.framework.CglibAopProxy$ProxyCallbackFilter.accept(CglibAopProxy.java:788): Method is declared on Advised interface: public abstract java.lang.Class org.springframework.aop.TargetClassAware.getTargetClass()  
[DEBUG] 2017-08-24 15:26:48,307(3129) --&gt; [main] org.springframework.beans.factory.support.AbstractAutowireCapableBeanFactory.createBean(AbstractAutowireCapableBeanFactory.java:484): Finished creating instance of bean &apos;userServiceImpl&apos;  
[DEBUG] 2017-08-24 15:26:48,308(3130) --&gt; [main] org.springframework.beans.factory.annotation.AutowiredAnnotationBeanPostProcessor.registerDependentBeans(AutowiredAnnotationBeanPostProcessor.java:490): Autowiring by type from bean name &apos;userRealm&apos; to bean named &apos;userServiceImpl&apos;  
[DEBUG] 2017-08-24 15:26:48,308(3130) --&gt; [main] org.springframework.beans.factory.annotation.InjectionMetadata.inject(InjectionMetadata.java:86): Processing injected element of bean &apos;userRealm&apos;: AutowiredFieldElement for private org.apache.shiro.session.mgt.eis.SessionDAO com.flat.srm.common.security.UserRealm.sessionDAO  
[DEBUG] 2017-08-24 15:26:48,308(3130) --&gt; [main] org.springframework.beans.factory.support.AbstractBeanFactory.doGetBean(AbstractBeanFactory.java:250): Returning cached instance of singleton bean &apos;sessionDAO&apos;  
[DEBUG] 2017-08-24 15:26:48,308(3130) --&gt; [main] org.springframework.beans.factory.annotation.AutowiredAnnotationBeanPostProcessor.registerDependentBeans(AutowiredAnnotationBeanPostProcessor.java:490): Autowiring by type from bean name &apos;userRealm&apos; to bean named &apos;sessionDAO&apos;  
[DEBUG] 2017-08-24 15:26:48,309(3131) --&gt; [main] org.springframework.beans.factory.annotation.InjectionMetadata.inject(InjectionMetadata.java:86): Processing injected element of bean &apos;userRealm&apos;: AutowiredFieldElement for private com.flat.srm.system.service.authorization.IAuthorizationService com.flat.srm.common.security.UserRealm.authorizationService  
[DEBUG] 2017-08-24 15:26:48,309(3131) --&gt; [main] org.springframework.beans.factory.support.DefaultSingletonBeanRegistry.getSingleton(DefaultSingletonBeanRegistry.java:221): Creating shared instance of singleton bean &apos;authorizationServiceImpl&apos;  
[DEBUG] 2017-08-24 15:26:48,309(3131) --&gt; [main] org.springframework.beans.factory.support.AbstractAutowireCapableBeanFactory.createBean(AbstractAutowireCapableBeanFactory.java:448): Creating instance of bean &apos;authorizationServiceImpl&apos;  
[DEBUG] 2017-08-24 15:26:48,309(3131) --&gt; [main] org.springframework.beans.factory.support.AbstractBeanFactory.doGetBean(AbstractBeanFactory.java:250): Returning cached instance of singleton bean &apos;org.springframework.aop.support.DefaultBeanFactoryPointcutAdvisor#0&apos;  
[DEBUG] 2017-08-24 15:26:48,310(3132) --&gt; [main] org.springframework.beans.factory.annotation.InjectionMetadata.checkConfigMembers(InjectionMetadata.java:72): Registered injected element on class [com.flat.srm.system.service.authorization.impl.AuthorizationServiceImpl]: AutowiredFieldElement for private com.flat.srm.system.dao.authorization.IAuthorizationMapper com.flat.srm.system.service.authorization.impl.AuthorizationServiceImpl.authorizationMapper  
[DEBUG] 2017-08-24 15:26:48,310(3132) --&gt; [main] org.springframework.beans.factory.support.AbstractAutowireCapableBeanFactory.doCreateBean(AbstractAutowireCapableBeanFactory.java:529): Eagerly caching bean &apos;authorizationServiceImpl&apos; to allow for resolving potential circular references  
[DEBUG] 2017-08-24 15:26:48,312(3134) --&gt; [main] org.springframework.beans.factory.annotation.InjectionMetadata.inject(InjectionMetadata.java:86): Processing injected element of bean &apos;authorizationServiceImpl&apos;: AutowiredFieldElement for private com.flat.srm.system.dao.authorization.IAuthorizationMapper com.flat.srm.system.service.authorization.impl.AuthorizationServiceImpl.authorizationMapper  
[DEBUG] 2017-08-24 15:26:48,312(3134) --&gt; [main] org.springframework.beans.factory.support.DefaultSingletonBeanRegistry.getSingleton(DefaultSingletonBeanRegistry.java:221): Creating shared instance of singleton bean &apos;IAuthorizationMapper&apos;  
[DEBUG] 2017-08-24 15:26:48,312(3134) --&gt; [main] org.springframework.beans.factory.support.AbstractAutowireCapableBeanFactory.createBean(AbstractAutowireCapableBeanFactory.java:448): Creating instance of bean &apos;IAuthorizationMapper&apos;  
[DEBUG] 2017-08-24 15:26:48,313(3135) --&gt; [main] org.springframework.beans.factory.support.AbstractBeanFactory.doGetBean(AbstractBeanFactory.java:250): Returning cached instance of singleton bean &apos;org.springframework.aop.support.DefaultBeanFactoryPointcutAdvisor#0&apos;  
[DEBUG] 2017-08-24 15:26:48,313(3135) --&gt; [main] org.springframework.beans.factory.support.AbstractAutowireCapableBeanFactory.doCreateBean(AbstractAutowireCapableBeanFactory.java:529): Eagerly caching bean &apos;IAuthorizationMapper&apos; to allow for resolving potential circular references  
[DEBUG] 2017-08-24 15:26:48,314(3136) --&gt; [main] org.springframework.beans.factory.support.AbstractBeanFactory.doGetBean(AbstractBeanFactory.java:250): Returning cached instance of singleton bean &apos;sqlSessionFactory&apos;  
[DEBUG] 2017-08-24 15:26:48,315(3137) --&gt; [main] org.springframework.beans.factory.support.AbstractAutowireCapableBeanFactory.invokeInitMethods(AbstractAutowireCapableBeanFactory.java:1620): Invoking afterPropertiesSet() on bean with name &apos;IAuthorizationMapper&apos;  
[INFO ] 2017-08-24 15:26:48,326(3148) --&gt; [main] org.springframework.context.support.PostProcessorRegistrationDelegate$BeanPostProcessorChecker.postProcessAfterInitialization(PostProcessorRegistrationDelegate.java:328): Bean &apos;IAuthorizationMapper&apos; of type [class org.mybatis.spring.mapper.MapperFactoryBean] is not eligible for getting processed by all BeanPostProcessors (for example: not eligible for auto-proxying)  
[DEBUG] 2017-08-24 15:26:48,326(3148) --&gt; [main] org.springframework.beans.factory.support.AbstractBeanFactory.doGetBean(AbstractBeanFactory.java:250): Returning cached instance of singleton bean &apos;org.springframework.aop.support.DefaultBeanFactoryPointcutAdvisor#0&apos;  
[DEBUG] 2017-08-24 15:26:48,326(3148) --&gt; [main] org.springframework.beans.factory.support.AbstractBeanFactory.doGetBean(AbstractBeanFactory.java:250): Returning cached instance of singleton bean &apos;org.springframework.aop.support.DefaultBeanFactoryPointcutAdvisor#0&apos;  
[DEBUG] 2017-08-24 15:26:48,327(3149) --&gt; [main] org.springframework.beans.factory.support.AbstractAutowireCapableBeanFactory.createBean(AbstractAutowireCapableBeanFactory.java:484): Finished creating instance of bean &apos;IAuthorizationMapper&apos;  
[INFO ] 2017-08-24 15:26:48,329(3151) --&gt; [main] org.springframework.context.support.PostProcessorRegistrationDelegate$BeanPostProcessorChecker.postProcessAfterInitialization(PostProcessorRegistrationDelegate.java:328): Bean &apos;IAuthorizationMapper&apos; of type [class com.sun.proxy.$Proxy21] is not eligible for getting processed by all BeanPostProcessors (for example: not eligible for auto-proxying)  
[DEBUG] 2017-08-24 15:26:48,330(3152) --&gt; [main] org.springframework.beans.factory.support.AbstractBeanFactory.doGetBean(AbstractBeanFactory.java:250): Returning cached instance of singleton bean &apos;org.springframework.aop.support.DefaultBeanFactoryPointcutAdvisor#0&apos;  
[DEBUG] 2017-08-24 15:26:48,330(3152) --&gt; [main] org.springframework.beans.factory.support.AbstractBeanFactory.doGetBean(AbstractBeanFactory.java:250): Returning cached instance of singleton bean &apos;org.springframework.aop.support.DefaultBeanFactoryPointcutAdvisor#0&apos;  
[DEBUG] 2017-08-24 15:26:48,331(3153) --&gt; [main] org.springframework.beans.factory.annotation.AutowiredAnnotationBeanPostProcessor.registerDependentBeans(AutowiredAnnotationBeanPostProcessor.java:490): Autowiring by type from bean name &apos;authorizationServiceImpl&apos; to bean named &apos;IAuthorizationMapper&apos;  
[INFO ] 2017-08-24 15:26:48,331(3153) --&gt; [main] org.springframework.context.support.PostProcessorRegistrationDelegate$BeanPostProcessorChecker.postProcessAfterInitialization(PostProcessorRegistrationDelegate.java:328): Bean &apos;authorizationServiceImpl&apos; of type [class com.flat.srm.system.service.authorization.impl.AuthorizationServiceImpl] is not eligible for getting processed by all BeanPostProcessors (for example: not eligible for auto-proxying)  
[DEBUG] 2017-08-24 15:26:48,332(3154) --&gt; [main] org.springframework.beans.factory.support.AbstractBeanFactory.doGetBean(AbstractBeanFactory.java:250): Returning cached instance of singleton bean &apos;org.springframework.aop.support.DefaultBeanFactoryPointcutAdvisor#0&apos;  
[DEBUG] 2017-08-24 15:26:48,332(3154) --&gt; [main] org.springframework.beans.factory.support.AbstractBeanFactory.doGetBean(AbstractBeanFactory.java:250): Returning cached instance of singleton bean &apos;org.springframework.aop.support.DefaultBeanFactoryPointcutAdvisor#0&apos;  
[DEBUG] 2017-08-24 15:26:48,332(3154) --&gt; [main] org.springframework.aop.framework.autoproxy.AbstractAutoProxyCreator.buildAdvisors(AbstractAutoProxyCreator.java:505): Creating implicit proxy for bean &apos;authorizationServiceImpl&apos; with 0 common interceptors and 2 specific interceptors  
[DEBUG] 2017-08-24 15:26:48,333(3155) --&gt; [main] org.springframework.aop.framework.CglibAopProxy.getProxy(CglibAopProxy.java:158): Creating CGLIB proxy: target source is SingletonTargetSource for target object [com.flat.srm.system.service.authorization.impl.AuthorizationServiceImpl@31e3250d]  
[DEBUG] 2017-08-24 15:26:48,334(3156) --&gt; [main] org.springframework.aop.framework.CglibAopProxy$ProxyCallbackFilter.accept(CglibAopProxy.java:831): Unable to apply any optimisations to advised method: public int com.flat.srm.system.service.authorization.impl.AuthorizationServiceImpl.update(com.flat.srm.system.bean.Authorization)  
[DEBUG] 2017-08-24 15:26:48,335(3157) --&gt; [main] org.springframework.aop.framework.CglibAopProxy$ProxyCallbackFilter.accept(CglibAopProxy.java:831): Unable to apply any optimisations to advised method: public com.flat.srm.system.bean.Authorization com.flat.srm.system.service.authorization.impl.AuthorizationServiceImpl.find(java.lang.Long)  
[DEBUG] 2017-08-24 15:26:48,335(3157) --&gt; [main] org.springframework.aop.framework.CglibAopProxy$ProxyCallbackFilter.accept(CglibAopProxy.java:831): Unable to apply any optimisations to advised method: public int com.flat.srm.system.service.authorization.impl.AuthorizationServiceImpl.delete(java.lang.Long)  
[DEBUG] 2017-08-24 15:26:48,336(3158) --&gt; [main] org.springframework.aop.framework.CglibAopProxy$ProxyCallbackFilter.accept(CglibAopProxy.java:831): Unable to apply any optimisations to advised method: public java.lang.String com.flat.srm.system.service.authorization.impl.AuthorizationServiceImpl.save(com.flat.srm.common.publicBean.TzParams) throws java.lang.Exception  
[DEBUG] 2017-08-24 15:26:48,336(3158) --&gt; [main] org.springframework.aop.framework.CglibAopProxy$ProxyCallbackFilter.accept(CglibAopProxy.java:831): Unable to apply any optimisations to advised method: public java.util.List com.flat.srm.system.service.authorization.impl.AuthorizationServiceImpl.findAll(com.flat.srm.common.publicBean.TzParams)  
[DEBUG] 2017-08-24 15:26:48,337(3159) --&gt; [main] org.springframework.aop.framework.CglibAopProxy$ProxyCallbackFilter.accept(CglibAopProxy.java:831): Unable to apply any optimisations to advised method: public java.util.List com.flat.srm.system.service.authorization.impl.AuthorizationServiceImpl.finds(com.flat.srm.common.publicBean.TzParams)  
[DEBUG] 2017-08-24 15:26:48,337(3159) --&gt; [main] org.springframework.aop.framework.CglibAopProxy$ProxyCallbackFilter.accept(CglibAopProxy.java:831): Unable to apply any optimisations to advised method: public java.util.Map com.flat.srm.system.service.authorization.impl.AuthorizationServiceImpl.findMap(java.lang.Long)  
[DEBUG] 2017-08-24 15:26:48,337(3159) --&gt; [main] org.springframework.aop.framework.CglibAopProxy$ProxyCallbackFilter.accept(CglibAopProxy.java:782): Found finalize() method - using NO_OVERRIDE  
[DEBUG] 2017-08-24 15:26:48,338(3160) --&gt; [main] org.springframework.aop.framework.CglibAopProxy$ProxyCallbackFilter.accept(CglibAopProxy.java:794): Found &apos;equals&apos; method: public boolean java.lang.Object.equals(java.lang.Object)  
[DEBUG] 2017-08-24 15:26:48,338(3160) --&gt; [main] org.springframework.aop.framework.CglibAopProxy$ProxyCallbackFilter.accept(CglibAopProxy.java:831): Unable to apply any optimisations to advised method: public java.lang.String java.lang.Object.toString()  
[DEBUG] 2017-08-24 15:26:48,338(3160) --&gt; [main] org.springframework.aop.framework.CglibAopProxy$ProxyCallbackFilter.accept(CglibAopProxy.java:799): Found &apos;hashCode&apos; method: public native int java.lang.Object.hashCode()  
[DEBUG] 2017-08-24 15:26:48,339(3161) --&gt; [main] org.springframework.aop.framework.CglibAopProxy$ProxyCallbackFilter.accept(CglibAopProxy.java:831): Unable to apply any optimisations to advised method: protected native java.lang.Object java.lang.Object.clone() throws java.lang.CloneNotSupportedException  
[DEBUG] 2017-08-24 15:26:48,339(3161) --&gt; [main] org.springframework.aop.framework.CglibAopProxy$ProxyCallbackFilter.accept(CglibAopProxy.java:788): Method is declared on Advised interface: public abstract int org.springframework.aop.framework.Advised.indexOf(org.springframework.aop.Advisor)  
[DEBUG] 2017-08-24 15:26:48,339(3161) --&gt; [main] org.springframework.aop.framework.CglibAopProxy$ProxyCallbackFilter.accept(CglibAopProxy.java:788): Method is declared on Advised interface: public abstract int org.springframework.aop.framework.Advised.indexOf(org.aopalliance.aop.Advice)  
[DEBUG] 2017-08-24 15:26:48,339(3161) --&gt; [main] org.springframework.aop.framework.CglibAopProxy$ProxyCallbackFilter.accept(CglibAopProxy.java:788): Method is declared on Advised interface: public abstract boolean org.springframework.aop.framework.Advised.isFrozen()  
[DEBUG] 2017-08-24 15:26:48,340(3162) --&gt; [main] org.springframework.aop.framework.CglibAopProxy$ProxyCallbackFilter.accept(CglibAopProxy.java:788): Method is declared on Advised interface: public abstract void org.springframework.aop.framework.Advised.setTargetSource(org.springframework.aop.TargetSource)  
[DEBUG] 2017-08-24 15:26:48,340(3162) --&gt; [main] org.springframework.aop.framework.CglibAopProxy$ProxyCallbackFilter.accept(CglibAopProxy.java:788): Method is declared on Advised interface: public abstract boolean org.springframework.aop.framework.Advised.isExposeProxy()  
[DEBUG] 2017-08-24 15:26:48,340(3162) --&gt; [main] org.springframework.aop.framework.CglibAopProxy$ProxyCallbackFilter.accept(CglibAopProxy.java:788): Method is declared on Advised interface: public abstract org.springframework.aop.TargetSource org.springframework.aop.framework.Advised.getTargetSource()  
[DEBUG] 2017-08-24 15:26:48,341(3163) --&gt; [main] org.springframework.aop.framework.CglibAopProxy$ProxyCallbackFilter.accept(CglibAopProxy.java:788): Method is declared on Advised interface: public abstract void org.springframework.aop.framework.Advised.setPreFiltered(boolean)  
[DEBUG] 2017-08-24 15:26:48,341(3163) --&gt; [main] org.springframework.aop.framework.CglibAopProxy$ProxyCallbackFilter.accept(CglibAopProxy.java:788): Method is declared on Advised interface: public abstract void org.springframework.aop.framework.Advised.addAdvisor(int,org.springframework.aop.Advisor) throws org.springframework.aop.framework.AopConfigException  
[DEBUG] 2017-08-24 15:26:48,341(3163) --&gt; [main] org.springframework.aop.framework.CglibAopProxy$ProxyCallbackFilter.accept(CglibAopProxy.java:788): Method is declared on Advised interface: public abstract void org.springframework.aop.framework.Advised.addAdvisor(org.springframework.aop.Advisor) throws org.springframework.aop.framework.AopConfigException  
[DEBUG] 2017-08-24 15:26:48,341(3163) --&gt; [main] org.springframework.aop.framework.CglibAopProxy$ProxyCallbackFilter.accept(CglibAopProxy.java:788): Method is declared on Advised interface: public abstract void org.springframework.aop.framework.Advised.setExposeProxy(boolean)  
[DEBUG] 2017-08-24 15:26:48,342(3164) --&gt; [main] org.springframework.aop.framework.CglibAopProxy$ProxyCallbackFilter.accept(CglibAopProxy.java:788): Method is declared on Advised interface: public abstract boolean org.springframework.aop.framework.Advised.isProxyTargetClass()  
[DEBUG] 2017-08-24 15:26:48,342(3164) --&gt; [main] org.springframework.aop.framework.CglibAopProxy$ProxyCallbackFilter.accept(CglibAopProxy.java:788): Method is declared on Advised interface: public abstract boolean org.springframework.aop.framework.Advised.isInterfaceProxied(java.lang.Class)  
[DEBUG] 2017-08-24 15:26:48,342(3164) --&gt; [main] org.springframework.aop.framework.CglibAopProxy$ProxyCallbackFilter.accept(CglibAopProxy.java:788): Method is declared on Advised interface: public abstract java.lang.Class[] org.springframework.aop.framework.Advised.getProxiedInterfaces()  
[DEBUG] 2017-08-24 15:26:48,342(3164) --&gt; [main] org.springframework.aop.framework.CglibAopProxy$ProxyCallbackFilter.accept(CglibAopProxy.java:788): Method is declared on Advised interface: public abstract java.lang.String org.springframework.aop.framework.Advised.toProxyConfigString()  
[DEBUG] 2017-08-24 15:26:48,343(3165) --&gt; [main] org.springframework.aop.framework.CglibAopProxy$ProxyCallbackFilter.accept(CglibAopProxy.java:788): Method is declared on Advised interface: public abstract org.springframework.aop.Advisor[] org.springframework.aop.framework.Advised.getAdvisors()  
[DEBUG] 2017-08-24 15:26:48,343(3165) --&gt; [main] org.springframework.aop.framework.CglibAopProxy$ProxyCallbackFilter.accept(CglibAopProxy.java:788): Method is declared on Advised interface: public abstract void org.springframework.aop.framework.Advised.addAdvice(org.aopalliance.aop.Advice) throws org.springframework.aop.framework.AopConfigException  
[DEBUG] 2017-08-24 15:26:48,344(3166) --&gt; [main] org.springframework.aop.framework.CglibAopProxy$ProxyCallbackFilter.accept(CglibAopProxy.java:788): Method is declared on Advised interface: public abstract void org.springframework.aop.framework.Advised.addAdvice(int,org.aopalliance.aop.Advice) throws org.springframework.aop.framework.AopConfigException  
[DEBUG] 2017-08-24 15:26:48,344(3166) --&gt; [main] org.springframework.aop.framework.CglibAopProxy$ProxyCallbackFilter.accept(CglibAopProxy.java:788): Method is declared on Advised interface: public abstract boolean org.springframework.aop.framework.Advised.isPreFiltered()  
[DEBUG] 2017-08-24 15:26:48,344(3166) --&gt; [main] org.springframework.aop.framework.CglibAopProxy$ProxyCallbackFilter.accept(CglibAopProxy.java:788): Method is declared on Advised interface: public abstract void org.springframework.aop.framework.Advised.removeAdvisor(int) throws org.springframework.aop.framework.AopConfigException  
[DEBUG] 2017-08-24 15:26:48,345(3167) --&gt; [main] org.springframework.aop.framework.CglibAopProxy$ProxyCallbackFilter.accept(CglibAopProxy.java:788): Method is declared on Advised interface: public abstract boolean org.springframework.aop.framework.Advised.removeAdvisor(org.springframework.aop.Advisor)  
[DEBUG] 2017-08-24 15:26:48,345(3167) --&gt; [main] org.springframework.aop.framework.CglibAopProxy$ProxyCallbackFilter.accept(CglibAopProxy.java:788): Method is declared on Advised interface: public abstract boolean org.springframework.aop.framework.Advised.replaceAdvisor(org.springframework.aop.Advisor,org.springframework.aop.Advisor) throws org.springframework.aop.framework.AopConfigException  
[DEBUG] 2017-08-24 15:26:48,345(3167) --&gt; [main] org.springframework.aop.framework.CglibAopProxy$ProxyCallbackFilter.accept(CglibAopProxy.java:788): Method is declared on Advised interface: public abstract boolean org.springframework.aop.framework.Advised.removeAdvice(org.aopalliance.aop.Advice)  
[DEBUG] 2017-08-24 15:26:48,345(3167) --&gt; [main] org.springframework.aop.framework.CglibAopProxy$ProxyCallbackFilter.accept(CglibAopProxy.java:788): Method is declared on Advised interface: public abstract java.lang.Class org.springframework.aop.TargetClassAware.getTargetClass()  
[DEBUG] 2017-08-24 15:26:48,353(3175) --&gt; [main] org.springframework.beans.factory.support.AbstractAutowireCapableBeanFactory.createBean(AbstractAutowireCapableBeanFactory.java:484): Finished creating instance of bean &apos;authorizationServiceImpl&apos;  
[DEBUG] 2017-08-24 15:26:48,353(3175) --&gt; [main] org.springframework.beans.factory.annotation.AutowiredAnnotationBeanPostProcessor.registerDependentBeans(AutowiredAnnotationBeanPostProcessor.java:490): Autowiring by type from bean name &apos;userRealm&apos; to bean named &apos;authorizationServiceImpl&apos;  
[INFO ] 2017-08-24 15:26:48,354(3176) --&gt; [main] org.springframework.context.support.PostProcessorRegistrationDelegate$BeanPostProcessorChecker.postProcessAfterInitialization(PostProcessorRegistrationDelegate.java:328): Bean &apos;userRealm&apos; of type [class com.flat.srm.common.security.UserRealm] is not eligible for getting processed by all BeanPostProcessors (for example: not eligible for auto-proxying)  
[DEBUG] 2017-08-24 15:26:48,354(3176) --&gt; [main] org.springframework.beans.factory.support.AbstractBeanFactory.doGetBean(AbstractBeanFactory.java:250): Returning cached instance of singleton bean &apos;org.springframework.aop.support.DefaultBeanFactoryPointcutAdvisor#0&apos;  
[DEBUG] 2017-08-24 15:26:48,354(3176) --&gt; [main] org.springframework.beans.factory.support.AbstractBeanFactory.doGetBean(AbstractBeanFactory.java:250): Returning cached instance of singleton bean &apos;org.springframework.aop.support.DefaultBeanFactoryPointcutAdvisor#0&apos;  
[DEBUG] 2017-08-24 15:26:48,355(3177) --&gt; [main] org.springframework.beans.factory.support.AbstractAutowireCapableBeanFactory.createBean(AbstractAutowireCapableBeanFactory.java:484): Finished creating instance of bean &apos;userRealm&apos;  
[DEBUG] 2017-08-24 15:26:48,355(3177) --&gt; [main] org.springframework.beans.factory.support.DefaultSingletonBeanRegistry.getSingleton(DefaultSingletonBeanRegistry.java:221): Creating shared instance of singleton bean &apos;cacheManager&apos;  
[DEBUG] 2017-08-24 15:26:48,356(3178) --&gt; [main] org.springframework.beans.factory.support.AbstractAutowireCapableBeanFactory.createBean(AbstractAutowireCapableBeanFactory.java:448): Creating instance of bean &apos;cacheManager&apos;  
[DEBUG] 2017-08-24 15:26:48,356(3178) --&gt; [main] org.springframework.beans.factory.support.AbstractBeanFactory.doGetBean(AbstractBeanFactory.java:250): Returning cached instance of singleton bean &apos;org.springframework.aop.support.DefaultBeanFactoryPointcutAdvisor#0&apos;  
[DEBUG] 2017-08-24 15:26:48,363(3185) --&gt; [main] org.springframework.beans.factory.support.AbstractAutowireCapableBeanFactory.doCreateBean(AbstractAutowireCapableBeanFactory.java:529): Eagerly caching bean &apos;cacheManager&apos; to allow for resolving potential circular references  
[INFO ] 2017-08-24 15:26:48,364(3186) --&gt; [main] org.springframework.context.support.PostProcessorRegistrationDelegate$BeanPostProcessorChecker.postProcessAfterInitialization(PostProcessorRegistrationDelegate.java:328): Bean &apos;cacheManager&apos; of type [class org.apache.shiro.cache.ehcache.EhCacheManager] is not eligible for getting processed by all BeanPostProcessors (for example: not eligible for auto-proxying)  
[DEBUG] 2017-08-24 15:26:48,364(3186) --&gt; [main] org.springframework.beans.factory.support.AbstractBeanFactory.doGetBean(AbstractBeanFactory.java:250): Returning cached instance of singleton bean &apos;org.springframework.aop.support.DefaultBeanFactoryPointcutAdvisor#0&apos;  
[DEBUG] 2017-08-24 15:26:48,364(3186) --&gt; [main] org.springframework.beans.factory.support.AbstractBeanFactory.doGetBean(AbstractBeanFactory.java:250): Returning cached instance of singleton bean &apos;org.springframework.aop.support.DefaultBeanFactoryPointcutAdvisor#0&apos;  
[DEBUG] 2017-08-24 15:26:48,365(3187) --&gt; [main] org.springframework.beans.factory.support.AbstractAutowireCapableBeanFactory.createBean(AbstractAutowireCapableBeanFactory.java:484): Finished creating instance of bean &apos;cacheManager&apos;  
[DEBUG] 2017-08-24 15:26:48,365(3187) --&gt; [main] org.springframework.beans.factory.support.DefaultSingletonBeanRegistry.getSingleton(DefaultSingletonBeanRegistry.java:221): Creating shared instance of singleton bean &apos;sessionManager&apos;  
[DEBUG] 2017-08-24 15:26:48,365(3187) --&gt; [main] org.springframework.beans.factory.support.AbstractAutowireCapableBeanFactory.createBean(AbstractAutowireCapableBeanFactory.java:448): Creating instance of bean &apos;sessionManager&apos;  
[DEBUG] 2017-08-24 15:26:48,366(3188) --&gt; [main] org.springframework.beans.factory.support.AbstractBeanFactory.doGetBean(AbstractBeanFactory.java:250): Returning cached instance of singleton bean &apos;org.springframework.aop.support.DefaultBeanFactoryPointcutAdvisor#0&apos;  
[DEBUG] 2017-08-24 15:26:48,368(3190) --&gt; [main] org.springframework.beans.factory.support.AbstractAutowireCapableBeanFactory.doCreateBean(AbstractAutowireCapableBeanFactory.java:529): Eagerly caching bean &apos;sessionManager&apos; to allow for resolving potential circular references  
[DEBUG] 2017-08-24 15:26:48,378(3200) --&gt; [main] org.springframework.beans.factory.support.AbstractBeanFactory.doGetBean(AbstractBeanFactory.java:250): Returning cached instance of singleton bean &apos;sessionDAO&apos;  
[DEBUG] 2017-08-24 15:26:48,379(3201) --&gt; [main] org.springframework.beans.factory.support.DefaultSingletonBeanRegistry.getSingleton(DefaultSingletonBeanRegistry.java:221): Creating shared instance of singleton bean &apos;sessionIdCookie&apos;  
[DEBUG] 2017-08-24 15:26:48,379(3201) --&gt; [main] org.springframework.beans.factory.support.AbstractAutowireCapableBeanFactory.createBean(AbstractAutowireCapableBeanFactory.java:448): Creating instance of bean &apos;sessionIdCookie&apos;  
[DEBUG] 2017-08-24 15:26:48,379(3201) --&gt; [main] org.springframework.beans.factory.support.AbstractBeanFactory.doGetBean(AbstractBeanFactory.java:250): Returning cached instance of singleton bean &apos;org.springframework.aop.support.DefaultBeanFactoryPointcutAdvisor#0&apos;  
[DEBUG] 2017-08-24 15:26:48,382(3204) --&gt; [main] org.springframework.beans.BeanUtils.findEditorByConvention(BeanUtils.java:455): No property editor [org.apache.shiro.web.servlet.CookieEditor] found for type org.apache.shiro.web.servlet.Cookie according to &apos;Editor&apos; suffix convention  
[DEBUG] 2017-08-24 15:26:48,384(3206) --&gt; [main] org.springframework.beans.factory.support.AbstractAutowireCapableBeanFactory.doCreateBean(AbstractAutowireCapableBeanFactory.java:529): Eagerly caching bean &apos;sessionIdCookie&apos; to allow for resolving potential circular references  
[INFO ] 2017-08-24 15:26:48,387(3209) --&gt; [main] org.springframework.context.support.PostProcessorRegistrationDelegate$BeanPostProcessorChecker.postProcessAfterInitialization(PostProcessorRegistrationDelegate.java:328): Bean &apos;sessionIdCookie&apos; of type [class org.apache.shiro.web.servlet.SimpleCookie] is not eligible for getting processed by all BeanPostProcessors (for example: not eligible for auto-proxying)  
[DEBUG] 2017-08-24 15:26:48,388(3210) --&gt; [main] org.springframework.beans.factory.support.AbstractBeanFactory.doGetBean(AbstractBeanFactory.java:250): Returning cached instance of singleton bean &apos;org.springframework.aop.support.DefaultBeanFactoryPointcutAdvisor#0&apos;  
[DEBUG] 2017-08-24 15:26:48,388(3210) --&gt; [main] org.springframework.beans.factory.support.AbstractBeanFactory.doGetBean(AbstractBeanFactory.java:250): Returning cached instance of singleton bean &apos;org.springframework.aop.support.DefaultBeanFactoryPointcutAdvisor#0&apos;  
[DEBUG] 2017-08-24 15:26:48,389(3211) --&gt; [main] org.springframework.beans.factory.support.AbstractAutowireCapableBeanFactory.createBean(AbstractAutowireCapableBeanFactory.java:484): Finished creating instance of bean &apos;sessionIdCookie&apos;  
[INFO ] 2017-08-24 15:26:48,389(3211) --&gt; [main] org.springframework.context.support.PostProcessorRegistrationDelegate$BeanPostProcessorChecker.postProcessAfterInitialization(PostProcessorRegistrationDelegate.java:328): Bean &apos;sessionManager&apos; of type [class org.apache.shiro.web.session.mgt.DefaultWebSessionManager] is not eligible for getting processed by all BeanPostProcessors (for example: not eligible for auto-proxying)  
[DEBUG] 2017-08-24 15:26:48,390(3212) --&gt; [main] org.springframework.beans.factory.support.AbstractBeanFactory.doGetBean(AbstractBeanFactory.java:250): Returning cached instance of singleton bean &apos;org.springframework.aop.support.DefaultBeanFactoryPointcutAdvisor#0&apos;  
[DEBUG] 2017-08-24 15:26:48,390(3212) --&gt; [main] org.springframework.beans.factory.support.AbstractBeanFactory.doGetBean(AbstractBeanFactory.java:250): Returning cached instance of singleton bean &apos;org.springframework.aop.support.DefaultBeanFactoryPointcutAdvisor#0&apos;  
[DEBUG] 2017-08-24 15:26:48,390(3212) --&gt; [main] org.springframework.beans.factory.support.AbstractAutowireCapableBeanFactory.createBean(AbstractAutowireCapableBeanFactory.java:484): Finished creating instance of bean &apos;sessionManager&apos;  
[INFO ] 2017-08-24 15:26:48,588(3410) --&gt; [main] org.springframework.context.support.PostProcessorRegistrationDelegate$BeanPostProcessorChecker.postProcessAfterInitialization(PostProcessorRegistrationDelegate.java:328): Bean &apos;securityManager&apos; of type [class org.apache.shiro.web.mgt.DefaultWebSecurityManager] is not eligible for getting processed by all BeanPostProcessors (for example: not eligible for auto-proxying)  
[DEBUG] 2017-08-24 15:26:48,588(3410) --&gt; [main] org.springframework.beans.factory.support.AbstractBeanFactory.doGetBean(AbstractBeanFactory.java:250): Returning cached instance of singleton bean &apos;org.springframework.aop.support.DefaultBeanFactoryPointcutAdvisor#0&apos;  
[DEBUG] 2017-08-24 15:26:48,588(3410) --&gt; [main] org.springframework.beans.factory.support.AbstractBeanFactory.doGetBean(AbstractBeanFactory.java:250): Returning cached instance of singleton bean &apos;org.springframework.aop.support.DefaultBeanFactoryPointcutAdvisor#0&apos;  
[DEBUG] 2017-08-24 15:26:48,588(3410) --&gt; [main] org.springframework.beans.factory.support.AbstractAutowireCapableBeanFactory.createBean(AbstractAutowireCapableBeanFactory.java:484): Finished creating instance of bean &apos;securityManager&apos;  
[DEBUG] 2017-08-24 15:26:48,589(3411) --&gt; [main] org.springframework.beans.factory.support.DefaultSingletonBeanRegistry.getSingleton(DefaultSingletonBeanRegistry.java:221): Creating shared instance of singleton bean &apos;loginFormAuthFilter&apos;  
[DEBUG] 2017-08-24 15:26:48,589(3411) --&gt; [main] org.springframework.beans.factory.support.AbstractAutowireCapableBeanFactory.createBean(AbstractAutowireCapableBeanFactory.java:448): Creating instance of bean &apos;loginFormAuthFilter&apos;  
[DEBUG] 2017-08-24 15:26:48,589(3411) --&gt; [main] org.springframework.beans.factory.support.AbstractBeanFactory.doGetBean(AbstractBeanFactory.java:250): Returning cached instance of singleton bean &apos;org.springframework.aop.support.DefaultBeanFactoryPointcutAdvisor#0&apos;  
[DEBUG] 2017-08-24 15:26:48,596(3418) --&gt; [main] org.springframework.beans.factory.support.AbstractAutowireCapableBeanFactory.doCreateBean(AbstractAutowireCapableBeanFactory.java:529): Eagerly caching bean &apos;loginFormAuthFilter&apos; to allow for resolving potential circular references  
[INFO ] 2017-08-24 15:26:48,607(3429) --&gt; [main] org.springframework.context.support.PostProcessorRegistrationDelegate$BeanPostProcessorChecker.postProcessAfterInitialization(PostProcessorRegistrationDelegate.java:328): Bean &apos;loginFormAuthFilter&apos; of type [class com.flat.srm.common.security.filter.LoginFormAuthFilter] is not eligible for getting processed by all BeanPostProcessors (for example: not eligible for auto-proxying)  
[DEBUG] 2017-08-24 15:26:48,608(3430) --&gt; [main] org.springframework.beans.factory.support.AbstractBeanFactory.doGetBean(AbstractBeanFactory.java:250): Returning cached instance of singleton bean &apos;org.springframework.aop.support.DefaultBeanFactoryPointcutAdvisor#0&apos;  
[DEBUG] 2017-08-24 15:26:48,608(3430) --&gt; [main] org.springframework.beans.factory.support.AbstractBeanFactory.doGetBean(AbstractBeanFactory.java:250): Returning cached instance of singleton bean &apos;org.springframework.aop.support.DefaultBeanFactoryPointcutAdvisor#0&apos;  
[DEBUG] 2017-08-24 15:26:48,608(3430) --&gt; [main] org.springframework.beans.factory.support.AbstractAutowireCapableBeanFactory.createBean(AbstractAutowireCapableBeanFactory.java:484): Finished creating instance of bean &apos;loginFormAuthFilter&apos;  
[DEBUG] 2017-08-24 15:26:48,609(3431) --&gt; [main] org.springframework.beans.factory.support.DefaultSingletonBeanRegistry.getSingleton(DefaultSingletonBeanRegistry.java:221): Creating shared instance of singleton bean &apos;logoutFilter&apos;  
[DEBUG] 2017-08-24 15:26:48,609(3431) --&gt; [main] org.springframework.beans.factory.support.AbstractAutowireCapableBeanFactory.createBean(AbstractAutowireCapableBeanFactory.java:448): Creating instance of bean &apos;logoutFilter&apos;  
[DEBUG] 2017-08-24 15:26:48,609(3431) --&gt; [main] org.springframework.beans.factory.support.AbstractBeanFactory.doGetBean(AbstractBeanFactory.java:250): Returning cached instance of singleton bean &apos;org.springframework.aop.support.DefaultBeanFactoryPointcutAdvisor#0&apos;  
[DEBUG] 2017-08-24 15:26:48,610(3432) --&gt; [main] org.springframework.beans.factory.support.AbstractAutowireCapableBeanFactory.doCreateBean(AbstractAutowireCapableBeanFactory.java:529): Eagerly caching bean &apos;logoutFilter&apos; to allow for resolving potential circular references  
[INFO ] 2017-08-24 15:26:48,613(3435) --&gt; [main] org.springframework.context.support.PostProcessorRegistrationDelegate$BeanPostProcessorChecker.postProcessAfterInitialization(PostProcessorRegistrationDelegate.java:328): Bean &apos;logoutFilter&apos; of type [class org.apache.shiro.web.filter.authc.LogoutFilter] is not eligible for getting processed by all BeanPostProcessors (for example: not eligible for auto-proxying)  
[DEBUG] 2017-08-24 15:26:48,615(3437) --&gt; [main] org.springframework.beans.factory.support.AbstractBeanFactory.doGetBean(AbstractBeanFactory.java:250): Returning cached instance of singleton bean &apos;org.springframework.aop.support.DefaultBeanFactoryPointcutAdvisor#0&apos;  
[DEBUG] 2017-08-24 15:26:48,616(3438) --&gt; [main] org.springframework.beans.factory.support.AbstractBeanFactory.doGetBean(AbstractBeanFactory.java:250): Returning cached instance of singleton bean &apos;org.springframework.aop.support.DefaultBeanFactoryPointcutAdvisor#0&apos;  
[DEBUG] 2017-08-24 15:26:48,616(3438) --&gt; [main] org.springframework.beans.factory.support.AbstractAutowireCapableBeanFactory.createBean(AbstractAutowireCapableBeanFactory.java:484): Finished creating instance of bean &apos;logoutFilter&apos;  
[DEBUG] 2017-08-24 15:26:48,623(3445) --&gt; [main] org.springframework.beans.factory.support.AbstractAutowireCapableBeanFactory.createBean(AbstractAutowireCapableBeanFactory.java:484): Finished creating instance of bean &apos;shiroFilter&apos;  
[DEBUG] 2017-08-24 15:26:48,626(3448) --&gt; [main] org.springframework.context.support.AbstractApplicationContext.initMessageSource(AbstractApplicationContext.java:713): Unable to locate MessageSource with name &apos;messageSource&apos;: using default [org.springframework.context.support.DelegatingMessageSource@2024293c]  
[DEBUG] 2017-08-24 15:26:48,632(3454) --&gt; [main] org.springframework.context.support.AbstractApplicationContext.initApplicationEventMulticaster(AbstractApplicationContext.java:737): Unable to locate ApplicationEventMulticaster with name &apos;applicationEventMulticaster&apos;: using default [org.springframework.context.event.SimpleApplicationEventMulticaster@2d0566ba]  
[DEBUG] 2017-08-24 15:26:48,633(3455) --&gt; [main] org.springframework.beans.factory.support.DefaultListableBeanFactory.preInstantiateSingletons(DefaultListableBeanFactory.java:741): Pre-instantiating singletons in org.springframework.beans.factory.support.DefaultListableBeanFactory@654f0d9c: defining beans [org.springframework.context.annotation.internalConfigurationAnnotationProcessor,org.springframework.context.annotation.internalAutowiredAnnotationProcessor,org.springframework.context.annotation.internalRequiredAnnotationProcessor,org.springframework.context.annotation.internalCommonAnnotationProcessor,org.springframework.context.event.internalEventListenerProcessor,org.springframework.context.event.internalEventListenerFactory,supplierServiceImpl,supplierPictureImpl,authorizationServiceImpl,permissionsServiceImpl,roleServiceImpl,userServiceImpl,com.flat.srm.common.core.des.EncryptPropertyPlaceholderConfigurer#0,org.springframework.context.support.PropertySourcesPlaceholderConfigurer#0,dataSourceMysql,dynamicDataSource,sqlSessionFactory,org.mybatis.spring.mapper.MapperScannerConfigurer#0,txManage,txAdvice,org.springframework.aop.config.internalAutoProxyCreator,org.springframework.aop.support.DefaultBeanFactoryPointcutAdvisor#0,captchaProducer,sessionDAO,shiroFilter,securityManager,userRealm,cacheManager,sessionIdCookie,sessionManager,loginFormAuthFilter,logoutFilter,sessionListener,org.springframework.context.annotation.ConfigurationClassPostProcessor.importAwareProcessor,org.springframework.context.annotation.ConfigurationClassPostProcessor.enhancedConfigurationProcessor,ISupplierMapper,ISupplierPictureMapper,IAdminLogMapper,IAuthorizationMapper,IPermissionsMapper,IRoleMapper,IUserMapper]; root of factory hierarchy  
[DEBUG] 2017-08-24 15:26:48,635(3457) --&gt; [main] org.springframework.beans.factory.support.AbstractBeanFactory.doGetBean(AbstractBeanFactory.java:250): Returning cached instance of singleton bean &apos;org.springframework.context.annotation.internalConfigurationAnnotationProcessor&apos;  
[DEBUG] 2017-08-24 15:26:48,635(3457) --&gt; [main] org.springframework.beans.factory.support.AbstractBeanFactory.doGetBean(AbstractBeanFactory.java:250): Returning cached instance of singleton bean &apos;org.springframework.context.annotation.internalAutowiredAnnotationProcessor&apos;  
[DEBUG] 2017-08-24 15:26:48,636(3458) --&gt; [main] org.springframework.beans.factory.support.AbstractBeanFactory.doGetBean(AbstractBeanFactory.java:250): Returning cached instance of singleton bean &apos;org.springframework.context.annotation.internalRequiredAnnotationProcessor&apos;  
[DEBUG] 2017-08-24 15:26:48,636(3458) --&gt; [main] org.springframework.beans.factory.support.AbstractBeanFactory.doGetBean(AbstractBeanFactory.java:250): Returning cached instance of singleton bean &apos;org.springframework.context.annotation.internalCommonAnnotationProcessor&apos;  
[DEBUG] 2017-08-24 15:26:48,636(3458) --&gt; [main] org.springframework.beans.factory.support.DefaultSingletonBeanRegistry.getSingleton(DefaultSingletonBeanRegistry.java:221): Creating shared instance of singleton bean &apos;org.springframework.context.event.internalEventListenerProcessor&apos;  
[DEBUG] 2017-08-24 15:26:48,636(3458) --&gt; [main] org.springframework.beans.factory.support.AbstractAutowireCapableBeanFactory.createBean(AbstractAutowireCapableBeanFactory.java:448): Creating instance of bean &apos;org.springframework.context.event.internalEventListenerProcessor&apos;  
[DEBUG] 2017-08-24 15:26:48,637(3459) --&gt; [main] org.springframework.beans.factory.support.AbstractBeanFactory.doGetBean(AbstractBeanFactory.java:250): Returning cached instance of singleton bean &apos;org.springframework.aop.support.DefaultBeanFactoryPointcutAdvisor#0&apos;  
[DEBUG] 2017-08-24 15:26:48,638(3460) --&gt; [main] org.springframework.beans.factory.support.AbstractAutowireCapableBeanFactory.doCreateBean(AbstractAutowireCapableBeanFactory.java:529): Eagerly caching bean &apos;org.springframework.context.event.internalEventListenerProcessor&apos; to allow for resolving potential circular references  
[DEBUG] 2017-08-24 15:26:48,642(3464) --&gt; [main] org.springframework.beans.factory.support.AbstractBeanFactory.doGetBean(AbstractBeanFactory.java:250): Returning cached instance of singleton bean &apos;org.springframework.aop.support.DefaultBeanFactoryPointcutAdvisor#0&apos;  
[DEBUG] 2017-08-24 15:26:48,642(3464) --&gt; [main] org.springframework.beans.factory.support.AbstractBeanFactory.doGetBean(AbstractBeanFactory.java:250): Returning cached instance of singleton bean &apos;org.springframework.aop.support.DefaultBeanFactoryPointcutAdvisor#0&apos;  
[DEBUG] 2017-08-24 15:26:48,642(3464) --&gt; [main] org.springframework.beans.factory.support.AbstractAutowireCapableBeanFactory.createBean(AbstractAutowireCapableBeanFactory.java:484): Finished creating instance of bean &apos;org.springframework.context.event.internalEventListenerProcessor&apos;  
[DEBUG] 2017-08-24 15:26:48,643(3465) --&gt; [main] org.springframework.beans.factory.support.DefaultSingletonBeanRegistry.getSingleton(DefaultSingletonBeanRegistry.java:221): Creating shared instance of singleton bean &apos;org.springframework.context.event.internalEventListenerFactory&apos;  
[DEBUG] 2017-08-24 15:26:48,643(3465) --&gt; [main] org.springframework.beans.factory.support.AbstractAutowireCapableBeanFactory.createBean(AbstractAutowireCapableBeanFactory.java:448): Creating instance of bean &apos;org.springframework.context.event.internalEventListenerFactory&apos;  
[DEBUG] 2017-08-24 15:26:48,643(3465) --&gt; [main] org.springframework.beans.factory.support.AbstractBeanFactory.doGetBean(AbstractBeanFactory.java:250): Returning cached instance of singleton bean &apos;org.springframework.aop.support.DefaultBeanFactoryPointcutAdvisor#0&apos;  
[DEBUG] 2017-08-24 15:26:48,644(3466) --&gt; [main] org.springframework.beans.factory.support.AbstractAutowireCapableBeanFactory.doCreateBean(AbstractAutowireCapableBeanFactory.java:529): Eagerly caching bean &apos;org.springframework.context.event.internalEventListenerFactory&apos; to allow for resolving potential circular references  
[DEBUG] 2017-08-24 15:26:48,647(3469) --&gt; [main] org.springframework.beans.factory.support.AbstractBeanFactory.doGetBean(AbstractBeanFactory.java:250): Returning cached instance of singleton bean &apos;org.springframework.aop.support.DefaultBeanFactoryPointcutAdvisor#0&apos;  
[DEBUG] 2017-08-24 15:26:48,647(3469) --&gt; [main] org.springframework.beans.factory.support.AbstractBeanFactory.doGetBean(AbstractBeanFactory.java:250): Returning cached instance of singleton bean &apos;org.springframework.aop.support.DefaultBeanFactoryPointcutAdvisor#0&apos;  
[DEBUG] 2017-08-24 15:26:48,648(3470) --&gt; [main] org.springframework.beans.factory.support.AbstractAutowireCapableBeanFactory.createBean(AbstractAutowireCapableBeanFactory.java:484): Finished creating instance of bean &apos;org.springframework.context.event.internalEventListenerFactory&apos;  
[DEBUG] 2017-08-24 15:26:48,648(3470) --&gt; [main] org.springframework.beans.factory.support.DefaultSingletonBeanRegistry.getSingleton(DefaultSingletonBeanRegistry.java:221): Creating shared instance of singleton bean &apos;supplierServiceImpl&apos;  
[DEBUG] 2017-08-24 15:26:48,648(3470) --&gt; [main] org.springframework.beans.factory.support.AbstractAutowireCapableBeanFactory.createBean(AbstractAutowireCapableBeanFactory.java:448): Creating instance of bean &apos;supplierServiceImpl&apos;  
[DEBUG] 2017-08-24 15:26:48,649(3471) --&gt; [main] org.springframework.beans.factory.support.AbstractBeanFactory.doGetBean(AbstractBeanFactory.java:250): Returning cached instance of singleton bean &apos;org.springframework.aop.support.DefaultBeanFactoryPointcutAdvisor#0&apos;  
[DEBUG] 2017-08-24 15:26:48,651(3473) --&gt; [main] org.springframework.beans.factory.annotation.InjectionMetadata.checkConfigMembers(InjectionMetadata.java:72): Registered injected element on class [com.flat.srm.dictionary.service.supplier.impl.SupplierServiceImpl]: AutowiredFieldElement for private com.flat.srm.dictionary.dao.supplier.ISupplierMapper com.flat.srm.dictionary.service.supplier.impl.SupplierServiceImpl.supplierMapper  
[DEBUG] 2017-08-24 15:26:48,652(3474) --&gt; [main] org.springframework.beans.factory.support.AbstractAutowireCapableBeanFactory.doCreateBean(AbstractAutowireCapableBeanFactory.java:529): Eagerly caching bean &apos;supplierServiceImpl&apos; to allow for resolving potential circular references  
[DEBUG] 2017-08-24 15:26:48,655(3477) --&gt; [main] org.springframework.beans.factory.annotation.InjectionMetadata.inject(InjectionMetadata.java:86): Processing injected element of bean &apos;supplierServiceImpl&apos;: AutowiredFieldElement for private com.flat.srm.dictionary.dao.supplier.ISupplierMapper com.flat.srm.dictionary.service.supplier.impl.SupplierServiceImpl.supplierMapper  
[DEBUG] 2017-08-24 15:26:48,656(3478) --&gt; [main] org.springframework.beans.factory.support.DefaultSingletonBeanRegistry.getSingleton(DefaultSingletonBeanRegistry.java:221): Creating shared instance of singleton bean &apos;ISupplierMapper&apos;  
[DEBUG] 2017-08-24 15:26:48,656(3478) --&gt; [main] org.springframework.beans.factory.support.AbstractAutowireCapableBeanFactory.createBean(AbstractAutowireCapableBeanFactory.java:448): Creating instance of bean &apos;ISupplierMapper&apos;  
[DEBUG] 2017-08-24 15:26:48,657(3479) --&gt; [main] org.springframework.beans.factory.support.AbstractBeanFactory.doGetBean(AbstractBeanFactory.java:250): Returning cached instance of singleton bean &apos;org.springframework.aop.support.DefaultBeanFactoryPointcutAdvisor#0&apos;  
[DEBUG] 2017-08-24 15:26:48,658(3480) --&gt; [main] org.springframework.beans.factory.support.AbstractAutowireCapableBeanFactory.doCreateBean(AbstractAutowireCapableBeanFactory.java:529): Eagerly caching bean &apos;ISupplierMapper&apos; to allow for resolving potential circular references  
[DEBUG] 2017-08-24 15:26:48,659(3481) --&gt; [main] org.springframework.beans.factory.support.AbstractBeanFactory.doGetBean(AbstractBeanFactory.java:250): Returning cached instance of singleton bean &apos;sqlSessionFactory&apos;  
[DEBUG] 2017-08-24 15:26:48,662(3484) --&gt; [main] org.springframework.beans.factory.support.AbstractAutowireCapableBeanFactory.invokeInitMethods(AbstractAutowireCapableBeanFactory.java:1620): Invoking afterPropertiesSet() on bean with name &apos;ISupplierMapper&apos;  
[DEBUG] 2017-08-24 15:26:48,680(3502) --&gt; [main] org.springframework.beans.factory.support.AbstractBeanFactory.doGetBean(AbstractBeanFactory.java:250): Returning cached instance of singleton bean &apos;org.springframework.aop.support.DefaultBeanFactoryPointcutAdvisor#0&apos;  
[DEBUG] 2017-08-24 15:26:48,681(3503) --&gt; [main] org.springframework.beans.factory.support.AbstractBeanFactory.doGetBean(AbstractBeanFactory.java:250): Returning cached instance of singleton bean &apos;org.springframework.aop.support.DefaultBeanFactoryPointcutAdvisor#0&apos;  
[DEBUG] 2017-08-24 15:26:48,681(3503) --&gt; [main] org.springframework.beans.factory.support.AbstractAutowireCapableBeanFactory.createBean(AbstractAutowireCapableBeanFactory.java:484): Finished creating instance of bean &apos;ISupplierMapper&apos;  
[DEBUG] 2017-08-24 15:26:48,683(3505) --&gt; [main] org.springframework.beans.factory.support.AbstractBeanFactory.doGetBean(AbstractBeanFactory.java:250): Returning cached instance of singleton bean &apos;org.springframework.aop.support.DefaultBeanFactoryPointcutAdvisor#0&apos;  
[DEBUG] 2017-08-24 15:26:48,684(3506) --&gt; [main] org.springframework.beans.factory.support.AbstractBeanFactory.doGetBean(AbstractBeanFactory.java:250): Returning cached instance of singleton bean &apos;org.springframework.aop.support.DefaultBeanFactoryPointcutAdvisor#0&apos;  
[DEBUG] 2017-08-24 15:26:48,684(3506) --&gt; [main] org.springframework.beans.factory.annotation.AutowiredAnnotationBeanPostProcessor.registerDependentBeans(AutowiredAnnotationBeanPostProcessor.java:490): Autowiring by type from bean name &apos;supplierServiceImpl&apos; to bean named &apos;ISupplierMapper&apos;  
[DEBUG] 2017-08-24 15:26:48,685(3507) --&gt; [main] org.springframework.beans.factory.support.AbstractBeanFactory.doGetBean(AbstractBeanFactory.java:250): Returning cached instance of singleton bean &apos;org.springframework.aop.support.DefaultBeanFactoryPointcutAdvisor#0&apos;  
[DEBUG] 2017-08-24 15:26:48,685(3507) --&gt; [main] org.springframework.beans.factory.support.AbstractBeanFactory.doGetBean(AbstractBeanFactory.java:250): Returning cached instance of singleton bean &apos;org.springframework.aop.support.DefaultBeanFactoryPointcutAdvisor#0&apos;  
[DEBUG] 2017-08-24 15:26:48,686(3508) --&gt; [main] org.springframework.aop.framework.autoproxy.AbstractAutoProxyCreator.buildAdvisors(AbstractAutoProxyCreator.java:505): Creating implicit proxy for bean &apos;supplierServiceImpl&apos; with 0 common interceptors and 2 specific interceptors  
[DEBUG] 2017-08-24 15:26:48,686(3508) --&gt; [main] org.springframework.aop.framework.CglibAopProxy.getProxy(CglibAopProxy.java:158): Creating CGLIB proxy: target source is SingletonTargetSource for target object [com.flat.srm.dictionary.service.supplier.impl.SupplierServiceImpl@50b8ae8d]  
[DEBUG] 2017-08-24 15:26:48,687(3509) --&gt; [main] org.springframework.aop.framework.CglibAopProxy$ProxyCallbackFilter.accept(CglibAopProxy.java:831): Unable to apply any optimisations to advised method: public java.util.Map com.flat.srm.dictionary.service.supplier.impl.SupplierServiceImpl.find(com.flat.srm.common.publicBean.TzParams)  
[DEBUG] 2017-08-24 15:26:48,688(3510) --&gt; [main] org.springframework.aop.framework.CglibAopProxy$ProxyCallbackFilter.accept(CglibAopProxy.java:831): Unable to apply any optimisations to advised method: public java.lang.Long com.flat.srm.dictionary.service.supplier.impl.SupplierServiceImpl.save(com.flat.srm.dictionary.bean.Supplier)  
[DEBUG] 2017-08-24 15:26:48,688(3510) --&gt; [main] org.springframework.aop.framework.CglibAopProxy$ProxyCallbackFilter.accept(CglibAopProxy.java:782): Found finalize() method - using NO_OVERRIDE  
[DEBUG] 2017-08-24 15:26:48,689(3511) --&gt; [main] org.springframework.aop.framework.CglibAopProxy$ProxyCallbackFilter.accept(CglibAopProxy.java:794): Found &apos;equals&apos; method: public boolean java.lang.Object.equals(java.lang.Object)  
[DEBUG] 2017-08-24 15:26:48,689(3511) --&gt; [main] org.springframework.aop.framework.CglibAopProxy$ProxyCallbackFilter.accept(CglibAopProxy.java:831): Unable to apply any optimisations to advised method: public java.lang.String java.lang.Object.toString()  
[DEBUG] 2017-08-24 15:26:48,690(3512) --&gt; [main] org.springframework.aop.framework.CglibAopProxy$ProxyCallbackFilter.accept(CglibAopProxy.java:799): Found &apos;hashCode&apos; method: public native int java.lang.Object.hashCode()  
[DEBUG] 2017-08-24 15:26:48,690(3512) --&gt; [main] org.springframework.aop.framework.CglibAopProxy$ProxyCallbackFilter.accept(CglibAopProxy.java:831): Unable to apply any optimisations to advised method: protected native java.lang.Object java.lang.Object.clone() throws java.lang.CloneNotSupportedException  
[DEBUG] 2017-08-24 15:26:48,690(3512) --&gt; [main] org.springframework.aop.framework.CglibAopProxy$ProxyCallbackFilter.accept(CglibAopProxy.java:788): Method is declared on Advised interface: public abstract int org.springframework.aop.framework.Advised.indexOf(org.springframework.aop.Advisor)  
[DEBUG] 2017-08-24 15:26:48,691(3513) --&gt; [main] org.springframework.aop.framework.CglibAopProxy$ProxyCallbackFilter.accept(CglibAopProxy.java:788): Method is declared on Advised interface: public abstract int org.springframework.aop.framework.Advised.indexOf(org.aopalliance.aop.Advice)  
[DEBUG] 2017-08-24 15:26:48,691(3513) --&gt; [main] org.springframework.aop.framework.CglibAopProxy$ProxyCallbackFilter.accept(CglibAopProxy.java:788): Method is declared on Advised interface: public abstract boolean org.springframework.aop.framework.Advised.isFrozen()  
[DEBUG] 2017-08-24 15:26:48,691(3513) --&gt; [main] org.springframework.aop.framework.CglibAopProxy$ProxyCallbackFilter.accept(CglibAopProxy.java:788): Method is declared on Advised interface: public abstract void org.springframework.aop.framework.Advised.setTargetSource(org.springframework.aop.TargetSource)  
[DEBUG] 2017-08-24 15:26:48,691(3513) --&gt; [main] org.springframework.aop.framework.CglibAopProxy$ProxyCallbackFilter.accept(CglibAopProxy.java:788): Method is declared on Advised interface: public abstract boolean org.springframework.aop.framework.Advised.isExposeProxy()  
[DEBUG] 2017-08-24 15:26:48,692(3514) --&gt; [main] org.springframework.aop.framework.CglibAopProxy$ProxyCallbackFilter.accept(CglibAopProxy.java:788): Method is declared on Advised interface: public abstract org.springframework.aop.TargetSource org.springframework.aop.framework.Advised.getTargetSource()  
[DEBUG] 2017-08-24 15:26:48,692(3514) --&gt; [main] org.springframework.aop.framework.CglibAopProxy$ProxyCallbackFilter.accept(CglibAopProxy.java:788): Method is declared on Advised interface: public abstract void org.springframework.aop.framework.Advised.setPreFiltered(boolean)  
[DEBUG] 2017-08-24 15:26:48,692(3514) --&gt; [main] org.springframework.aop.framework.CglibAopProxy$ProxyCallbackFilter.accept(CglibAopProxy.java:788): Method is declared on Advised interface: public abstract void org.springframework.aop.framework.Advised.addAdvisor(int,org.springframework.aop.Advisor) throws org.springframework.aop.framework.AopConfigException  
[DEBUG] 2017-08-24 15:26:48,692(3514) --&gt; [main] org.springframework.aop.framework.CglibAopProxy$ProxyCallbackFilter.accept(CglibAopProxy.java:788): Method is declared on Advised interface: public abstract void org.springframework.aop.framework.Advised.addAdvisor(org.springframework.aop.Advisor) throws org.springframework.aop.framework.AopConfigException  
[DEBUG] 2017-08-24 15:26:48,693(3515) --&gt; [main] org.springframework.aop.framework.CglibAopProxy$ProxyCallbackFilter.accept(CglibAopProxy.java:788): Method is declared on Advised interface: public abstract void org.springframework.aop.framework.Advised.setExposeProxy(boolean)  
[DEBUG] 2017-08-24 15:26:48,693(3515) --&gt; [main] org.springframework.aop.framework.CglibAopProxy$ProxyCallbackFilter.accept(CglibAopProxy.java:788): Method is declared on Advised interface: public abstract boolean org.springframework.aop.framework.Advised.isProxyTargetClass()  
[DEBUG] 2017-08-24 15:26:48,693(3515) --&gt; [main] org.springframework.aop.framework.CglibAopProxy$ProxyCallbackFilter.accept(CglibAopProxy.java:788): Method is declared on Advised interface: public abstract boolean org.springframework.aop.framework.Advised.isInterfaceProxied(java.lang.Class)  
[DEBUG] 2017-08-24 15:26:48,693(3515) --&gt; [main] org.springframework.aop.framework.CglibAopProxy$ProxyCallbackFilter.accept(CglibAopProxy.java:788): Method is declared on Advised interface: public abstract java.lang.Class[] org.springframework.aop.framework.Advised.getProxiedInterfaces()  
[DEBUG] 2017-08-24 15:26:48,693(3515) --&gt; [main] org.springframework.aop.framework.CglibAopProxy$ProxyCallbackFilter.accept(CglibAopProxy.java:788): Method is declared on Advised interface: public abstract java.lang.String org.springframework.aop.framework.Advised.toProxyConfigString()  
[DEBUG] 2017-08-24 15:26:48,693(3515) --&gt; [main] org.springframework.aop.framework.CglibAopProxy$ProxyCallbackFilter.accept(CglibAopProxy.java:788): Method is declared on Advised interface: public abstract org.springframework.aop.Advisor[] org.springframework.aop.framework.Advised.getAdvisors()  
[DEBUG] 2017-08-24 15:26:48,693(3515) --&gt; [main] org.springframework.aop.framework.CglibAopProxy$ProxyCallbackFilter.accept(CglibAopProxy.java:788): Method is declared on Advised interface: public abstract void org.springframework.aop.framework.Advised.addAdvice(org.aopalliance.aop.Advice) throws org.springframework.aop.framework.AopConfigException  
[DEBUG] 2017-08-24 15:26:48,694(3516) --&gt; [main] org.springframework.aop.framework.CglibAopProxy$ProxyCallbackFilter.accept(CglibAopProxy.java:788): Method is declared on Advised interface: public abstract void org.springframework.aop.framework.Advised.addAdvice(int,org.aopalliance.aop.Advice) throws org.springframework.aop.framework.AopConfigException  
[DEBUG] 2017-08-24 15:26:48,694(3516) --&gt; [main] org.springframework.aop.framework.CglibAopProxy$ProxyCallbackFilter.accept(CglibAopProxy.java:788): Method is declared on Advised interface: public abstract boolean org.springframework.aop.framework.Advised.isPreFiltered()  
[DEBUG] 2017-08-24 15:26:48,694(3516) --&gt; [main] org.springframework.aop.framework.CglibAopProxy$ProxyCallbackFilter.accept(CglibAopProxy.java:788): Method is declared on Advised interface: public abstract void org.springframework.aop.framework.Advised.removeAdvisor(int) throws org.springframework.aop.framework.AopConfigException  
[DEBUG] 2017-08-24 15:26:48,695(3517) --&gt; [main] org.springframework.aop.framework.CglibAopProxy$ProxyCallbackFilter.accept(CglibAopProxy.java:788): Method is declared on Advised interface: public abstract boolean org.springframework.aop.framework.Advised.removeAdvisor(org.springframework.aop.Advisor)  
[DEBUG] 2017-08-24 15:26:48,695(3517) --&gt; [main] org.springframework.aop.framework.CglibAopProxy$ProxyCallbackFilter.accept(CglibAopProxy.java:788): Method is declared on Advised interface: public abstract boolean org.springframework.aop.framework.Advised.replaceAdvisor(org.springframework.aop.Advisor,org.springframework.aop.Advisor) throws org.springframework.aop.framework.AopConfigException  
[DEBUG] 2017-08-24 15:26:48,695(3517) --&gt; [main] org.springframework.aop.framework.CglibAopProxy$ProxyCallbackFilter.accept(CglibAopProxy.java:788): Method is declared on Advised interface: public abstract boolean org.springframework.aop.framework.Advised.removeAdvice(org.aopalliance.aop.Advice)  
[DEBUG] 2017-08-24 15:26:48,696(3518) --&gt; [main] org.springframework.aop.framework.CglibAopProxy$ProxyCallbackFilter.accept(CglibAopProxy.java:788): Method is declared on Advised interface: public abstract java.lang.Class org.springframework.aop.TargetClassAware.getTargetClass()  
[DEBUG] 2017-08-24 15:26:48,706(3528) --&gt; [main] org.springframework.beans.factory.support.AbstractAutowireCapableBeanFactory.createBean(AbstractAutowireCapableBeanFactory.java:484): Finished creating instance of bean &apos;supplierServiceImpl&apos;  
[DEBUG] 2017-08-24 15:26:48,708(3530) --&gt; [main] org.springframework.beans.factory.support.DefaultSingletonBeanRegistry.getSingleton(DefaultSingletonBeanRegistry.java:221): Creating shared instance of singleton bean &apos;supplierPictureImpl&apos;  
[DEBUG] 2017-08-24 15:26:48,708(3530) --&gt; [main] org.springframework.beans.factory.support.AbstractAutowireCapableBeanFactory.createBean(AbstractAutowireCapableBeanFactory.java:448): Creating instance of bean &apos;supplierPictureImpl&apos;  
[DEBUG] 2017-08-24 15:26:48,708(3530) --&gt; [main] org.springframework.beans.factory.support.AbstractBeanFactory.doGetBean(AbstractBeanFactory.java:250): Returning cached instance of singleton bean &apos;org.springframework.aop.support.DefaultBeanFactoryPointcutAdvisor#0&apos;  
[DEBUG] 2017-08-24 15:26:48,709(3531) --&gt; [main] org.springframework.beans.factory.annotation.InjectionMetadata.checkConfigMembers(InjectionMetadata.java:72): Registered injected element on class [com.flat.srm.dictionary.service.supplierPicture.impl.SupplierPictureImpl]: AutowiredFieldElement for private com.flat.srm.dictionary.dao.supplierPicture.ISupplierPictureMapper com.flat.srm.dictionary.service.supplierPicture.impl.SupplierPictureImpl.supplierPictureMapper  
[DEBUG] 2017-08-24 15:26:48,710(3532) --&gt; [main] org.springframework.beans.factory.support.AbstractAutowireCapableBeanFactory.doCreateBean(AbstractAutowireCapableBeanFactory.java:529): Eagerly caching bean &apos;supplierPictureImpl&apos; to allow for resolving potential circular references  
[DEBUG] 2017-08-24 15:26:48,713(3535) --&gt; [main] org.springframework.beans.factory.annotation.InjectionMetadata.inject(InjectionMetadata.java:86): Processing injected element of bean &apos;supplierPictureImpl&apos;: AutowiredFieldElement for private com.flat.srm.dictionary.dao.supplierPicture.ISupplierPictureMapper com.flat.srm.dictionary.service.supplierPicture.impl.SupplierPictureImpl.supplierPictureMapper  
[DEBUG] 2017-08-24 15:26:48,713(3535) --&gt; [main] org.springframework.beans.factory.support.DefaultSingletonBeanRegistry.getSingleton(DefaultSingletonBeanRegistry.java:221): Creating shared instance of singleton bean &apos;ISupplierPictureMapper&apos;  
[DEBUG] 2017-08-24 15:26:48,714(3536) --&gt; [main] org.springframework.beans.factory.support.AbstractAutowireCapableBeanFactory.createBean(AbstractAutowireCapableBeanFactory.java:448): Creating instance of bean &apos;ISupplierPictureMapper&apos;  
[DEBUG] 2017-08-24 15:26:48,714(3536) --&gt; [main] org.springframework.beans.factory.support.AbstractBeanFactory.doGetBean(AbstractBeanFactory.java:250): Returning cached instance of singleton bean &apos;org.springframework.aop.support.DefaultBeanFactoryPointcutAdvisor#0&apos;  
[DEBUG] 2017-08-24 15:26:48,714(3536) --&gt; [main] org.springframework.beans.factory.support.AbstractAutowireCapableBeanFactory.doCreateBean(AbstractAutowireCapableBeanFactory.java:529): Eagerly caching bean &apos;ISupplierPictureMapper&apos; to allow for resolving potential circular references  
[DEBUG] 2017-08-24 15:26:48,715(3537) --&gt; [main] org.springframework.beans.factory.support.AbstractBeanFactory.doGetBean(AbstractBeanFactory.java:250): Returning cached instance of singleton bean &apos;sqlSessionFactory&apos;  
[DEBUG] 2017-08-24 15:26:48,715(3537) --&gt; [main] org.springframework.beans.factory.support.AbstractAutowireCapableBeanFactory.invokeInitMethods(AbstractAutowireCapableBeanFactory.java:1620): Invoking afterPropertiesSet() on bean with name &apos;ISupplierPictureMapper&apos;  
[DEBUG] 2017-08-24 15:26:48,726(3548) --&gt; [main] org.springframework.beans.factory.support.AbstractBeanFactory.doGetBean(AbstractBeanFactory.java:250): Returning cached instance of singleton bean &apos;org.springframework.aop.support.DefaultBeanFactoryPointcutAdvisor#0&apos;  
[DEBUG] 2017-08-24 15:26:48,728(3550) --&gt; [main] org.springframework.beans.factory.support.AbstractBeanFactory.doGetBean(AbstractBeanFactory.java:250): Returning cached instance of singleton bean &apos;org.springframework.aop.support.DefaultBeanFactoryPointcutAdvisor#0&apos;  
[DEBUG] 2017-08-24 15:26:48,728(3550) --&gt; [main] org.springframework.beans.factory.support.AbstractAutowireCapableBeanFactory.createBean(AbstractAutowireCapableBeanFactory.java:484): Finished creating instance of bean &apos;ISupplierPictureMapper&apos;  
[DEBUG] 2017-08-24 15:26:48,730(3552) --&gt; [main] org.springframework.beans.factory.support.AbstractBeanFactory.doGetBean(AbstractBeanFactory.java:250): Returning cached instance of singleton bean &apos;org.springframework.aop.support.DefaultBeanFactoryPointcutAdvisor#0&apos;  
[DEBUG] 2017-08-24 15:26:48,730(3552) --&gt; [main] org.springframework.beans.factory.support.AbstractBeanFactory.doGetBean(AbstractBeanFactory.java:250): Returning cached instance of singleton bean &apos;org.springframework.aop.support.DefaultBeanFactoryPointcutAdvisor#0&apos;  
[DEBUG] 2017-08-24 15:26:48,731(3553) --&gt; [main] org.springframework.beans.factory.annotation.AutowiredAnnotationBeanPostProcessor.registerDependentBeans(AutowiredAnnotationBeanPostProcessor.java:490): Autowiring by type from bean name &apos;supplierPictureImpl&apos; to bean named &apos;ISupplierPictureMapper&apos;  
[DEBUG] 2017-08-24 15:26:48,731(3553) --&gt; [main] org.springframework.beans.factory.support.AbstractBeanFactory.doGetBean(AbstractBeanFactory.java:250): Returning cached instance of singleton bean &apos;org.springframework.aop.support.DefaultBeanFactoryPointcutAdvisor#0&apos;  
[DEBUG] 2017-08-24 15:26:48,731(3553) --&gt; [main] org.springframework.beans.factory.support.AbstractBeanFactory.doGetBean(AbstractBeanFactory.java:250): Returning cached instance of singleton bean &apos;org.springframework.aop.support.DefaultBeanFactoryPointcutAdvisor#0&apos;  
[DEBUG] 2017-08-24 15:26:48,732(3554) --&gt; [main] org.springframework.aop.framework.autoproxy.AbstractAutoProxyCreator.buildAdvisors(AbstractAutoProxyCreator.java:505): Creating implicit proxy for bean &apos;supplierPictureImpl&apos; with 0 common interceptors and 2 specific interceptors  
[DEBUG] 2017-08-24 15:26:48,732(3554) --&gt; [main] org.springframework.aop.framework.CglibAopProxy.getProxy(CglibAopProxy.java:158): Creating CGLIB proxy: target source is SingletonTargetSource for target object [com.flat.srm.dictionary.service.supplierPicture.impl.SupplierPictureImpl@512d92b]  
[DEBUG] 2017-08-24 15:26:48,733(3555) --&gt; [main] org.springframework.aop.framework.CglibAopProxy$ProxyCallbackFilter.accept(CglibAopProxy.java:831): Unable to apply any optimisations to advised method: public com.flat.srm.dictionary.bean.SupplierPicture com.flat.srm.dictionary.service.supplierPicture.impl.SupplierPictureImpl.find(java.lang.String)  
[DEBUG] 2017-08-24 15:26:48,733(3555) --&gt; [main] org.springframework.aop.framework.CglibAopProxy$ProxyCallbackFilter.accept(CglibAopProxy.java:831): Unable to apply any optimisations to advised method: public java.lang.Integer com.flat.srm.dictionary.service.supplierPicture.impl.SupplierPictureImpl.save(com.flat.srm.dictionary.bean.SupplierPicture)  
[DEBUG] 2017-08-24 15:26:48,740(3562) --&gt; [main] org.springframework.aop.framework.CglibAopProxy$ProxyCallbackFilter.accept(CglibAopProxy.java:782): Found finalize() method - using NO_OVERRIDE  
[DEBUG] 2017-08-24 15:26:48,741(3563) --&gt; [main] org.springframework.aop.framework.CglibAopProxy$ProxyCallbackFilter.accept(CglibAopProxy.java:794): Found &apos;equals&apos; method: public boolean java.lang.Object.equals(java.lang.Object)  
[DEBUG] 2017-08-24 15:26:48,743(3565) --&gt; [main] org.springframework.aop.framework.CglibAopProxy$ProxyCallbackFilter.accept(CglibAopProxy.java:831): Unable to apply any optimisations to advised method: public java.lang.String java.lang.Object.toString()  
[DEBUG] 2017-08-24 15:26:48,745(3567) --&gt; [main] org.springframework.aop.framework.CglibAopProxy$ProxyCallbackFilter.accept(CglibAopProxy.java:799): Found &apos;hashCode&apos; method: public native int java.lang.Object.hashCode()  
[DEBUG] 2017-08-24 15:26:48,746(3568) --&gt; [main] org.springframework.aop.framework.CglibAopProxy$ProxyCallbackFilter.accept(CglibAopProxy.java:831): Unable to apply any optimisations to advised method: protected native java.lang.Object java.lang.Object.clone() throws java.lang.CloneNotSupportedException  
[DEBUG] 2017-08-24 15:26:48,746(3568) --&gt; [main] org.springframework.aop.framework.CglibAopProxy$ProxyCallbackFilter.accept(CglibAopProxy.java:788): Method is declared on Advised interface: public abstract int org.springframework.aop.framework.Advised.indexOf(org.springframework.aop.Advisor)  
[DEBUG] 2017-08-24 15:26:48,746(3568) --&gt; [main] org.springframework.aop.framework.CglibAopProxy$ProxyCallbackFilter.accept(CglibAopProxy.java:788): Method is declared on Advised interface: public abstract int org.springframework.aop.framework.Advised.indexOf(org.aopalliance.aop.Advice)  
[DEBUG] 2017-08-24 15:26:48,747(3569) --&gt; [main] org.springframework.aop.framework.CglibAopProxy$ProxyCallbackFilter.accept(CglibAopProxy.java:788): Method is declared on Advised interface: public abstract boolean org.springframework.aop.framework.Advised.isFrozen()  
[DEBUG] 2017-08-24 15:26:48,747(3569) --&gt; [main] org.springframework.aop.framework.CglibAopProxy$ProxyCallbackFilter.accept(CglibAopProxy.java:788): Method is declared on Advised interface: public abstract void org.springframework.aop.framework.Advised.setTargetSource(org.springframework.aop.TargetSource)  
[DEBUG] 2017-08-24 15:26:48,748(3570) --&gt; [main] org.springframework.aop.framework.CglibAopProxy$ProxyCallbackFilter.accept(CglibAopProxy.java:788): Method is declared on Advised interface: public abstract boolean org.springframework.aop.framework.Advised.isExposeProxy()  
[DEBUG] 2017-08-24 15:26:48,748(3570) --&gt; [main] org.springframework.aop.framework.CglibAopProxy$ProxyCallbackFilter.accept(CglibAopProxy.java:788): Method is declared on Advised interface: public abstract org.springframework.aop.TargetSource org.springframework.aop.framework.Advised.getTargetSource()  
[DEBUG] 2017-08-24 15:26:48,748(3570) --&gt; [main] org.springframework.aop.framework.CglibAopProxy$ProxyCallbackFilter.accept(CglibAopProxy.java:788): Method is declared on Advised interface: public abstract void org.springframework.aop.framework.Advised.setPreFiltered(boolean)  
[DEBUG] 2017-08-24 15:26:48,749(3571) --&gt; [main] org.springframework.aop.framework.CglibAopProxy$ProxyCallbackFilter.accept(CglibAopProxy.java:788): Method is declared on Advised interface: public abstract void org.springframework.aop.framework.Advised.addAdvisor(int,org.springframework.aop.Advisor) throws org.springframework.aop.framework.AopConfigException  
[DEBUG] 2017-08-24 15:26:48,750(3572) --&gt; [main] org.springframework.aop.framework.CglibAopProxy$ProxyCallbackFilter.accept(CglibAopProxy.java:788): Method is declared on Advised interface: public abstract void org.springframework.aop.framework.Advised.addAdvisor(org.springframework.aop.Advisor) throws org.springframework.aop.framework.AopConfigException  
[DEBUG] 2017-08-24 15:26:48,751(3573) --&gt; [main] org.springframework.aop.framework.CglibAopProxy$ProxyCallbackFilter.accept(CglibAopProxy.java:788): Method is declared on Advised interface: public abstract void org.springframework.aop.framework.Advised.setExposeProxy(boolean)  
[DEBUG] 2017-08-24 15:26:48,751(3573) --&gt; [main] org.springframework.aop.framework.CglibAopProxy$ProxyCallbackFilter.accept(CglibAopProxy.java:788): Method is declared on Advised interface: public abstract boolean org.springframework.aop.framework.Advised.isProxyTargetClass()  
[DEBUG] 2017-08-24 15:26:48,751(3573) --&gt; [main] org.springframework.aop.framework.CglibAopProxy$ProxyCallbackFilter.accept(CglibAopProxy.java:788): Method is declared on Advised interface: public abstract boolean org.springframework.aop.framework.Advised.isInterfaceProxied(java.lang.Class)  
[DEBUG] 2017-08-24 15:26:48,752(3574) --&gt; [main] org.springframework.aop.framework.CglibAopProxy$ProxyCallbackFilter.accept(CglibAopProxy.java:788): Method is declared on Advised interface: public abstract java.lang.Class[] org.springframework.aop.framework.Advised.getProxiedInterfaces()  
[DEBUG] 2017-08-24 15:26:48,752(3574) --&gt; [main] org.springframework.aop.framework.CglibAopProxy$ProxyCallbackFilter.accept(CglibAopProxy.java:788): Method is declared on Advised interface: public abstract java.lang.String org.springframework.aop.framework.Advised.toProxyConfigString()  
[DEBUG] 2017-08-24 15:26:48,752(3574) --&gt; [main] org.springframework.aop.framework.CglibAopProxy$ProxyCallbackFilter.accept(CglibAopProxy.java:788): Method is declared on Advised interface: public abstract org.springframework.aop.Advisor[] org.springframework.aop.framework.Advised.getAdvisors()  
[DEBUG] 2017-08-24 15:26:48,753(3575) --&gt; [main] org.springframework.aop.framework.CglibAopProxy$ProxyCallbackFilter.accept(CglibAopProxy.java:788): Method is declared on Advised interface: public abstract void org.springframework.aop.framework.Advised.addAdvice(org.aopalliance.aop.Advice) throws org.springframework.aop.framework.AopConfigException  
[DEBUG] 2017-08-24 15:26:48,753(3575) --&gt; [main] org.springframework.aop.framework.CglibAopProxy$ProxyCallbackFilter.accept(CglibAopProxy.java:788): Method is declared on Advised interface: public abstract void org.springframework.aop.framework.Advised.addAdvice(int,org.aopalliance.aop.Advice) throws org.springframework.aop.framework.AopConfigException  
[DEBUG] 2017-08-24 15:26:48,753(3575) --&gt; [main] org.springframework.aop.framework.CglibAopProxy$ProxyCallbackFilter.accept(CglibAopProxy.java:788): Method is declared on Advised interface: public abstract boolean org.springframework.aop.framework.Advised.isPreFiltered()  
[DEBUG] 2017-08-24 15:26:48,754(3576) --&gt; [main] org.springframework.aop.framework.CglibAopProxy$ProxyCallbackFilter.accept(CglibAopProxy.java:788): Method is declared on Advised interface: public abstract void org.springframework.aop.framework.Advised.removeAdvisor(int) throws org.springframework.aop.framework.AopConfigException  
[DEBUG] 2017-08-24 15:26:48,754(3576) --&gt; [main] org.springframework.aop.framework.CglibAopProxy$ProxyCallbackFilter.accept(CglibAopProxy.java:788): Method is declared on Advised interface: public abstract boolean org.springframework.aop.framework.Advised.removeAdvisor(org.springframework.aop.Advisor)  
[DEBUG] 2017-08-24 15:26:48,754(3576) --&gt; [main] org.springframework.aop.framework.CglibAopProxy$ProxyCallbackFilter.accept(CglibAopProxy.java:788): Method is declared on Advised interface: public abstract boolean org.springframework.aop.framework.Advised.replaceAdvisor(org.springframework.aop.Advisor,org.springframework.aop.Advisor) throws org.springframework.aop.framework.AopConfigException  
[DEBUG] 2017-08-24 15:26:48,754(3576) --&gt; [main] org.springframework.aop.framework.CglibAopProxy$ProxyCallbackFilter.accept(CglibAopProxy.java:788): Method is declared on Advised interface: public abstract boolean org.springframework.aop.framework.Advised.removeAdvice(org.aopalliance.aop.Advice)  
[DEBUG] 2017-08-24 15:26:48,755(3577) --&gt; [main] org.springframework.aop.framework.CglibAopProxy$ProxyCallbackFilter.accept(CglibAopProxy.java:788): Method is declared on Advised interface: public abstract java.lang.Class org.springframework.aop.TargetClassAware.getTargetClass()  
[DEBUG] 2017-08-24 15:26:48,765(3587) --&gt; [main] org.springframework.beans.factory.support.AbstractAutowireCapableBeanFactory.createBean(AbstractAutowireCapableBeanFactory.java:484): Finished creating instance of bean &apos;supplierPictureImpl&apos;  
[DEBUG] 2017-08-24 15:26:48,766(3588) --&gt; [main] org.springframework.beans.factory.support.AbstractBeanFactory.doGetBean(AbstractBeanFactory.java:250): Returning cached instance of singleton bean &apos;authorizationServiceImpl&apos;  
[DEBUG] 2017-08-24 15:26:48,766(3588) --&gt; [main] org.springframework.beans.factory.support.DefaultSingletonBeanRegistry.getSingleton(DefaultSingletonBeanRegistry.java:221): Creating shared instance of singleton bean &apos;permissionsServiceImpl&apos;  
[DEBUG] 2017-08-24 15:26:48,766(3588) --&gt; [main] org.springframework.beans.factory.support.AbstractAutowireCapableBeanFactory.createBean(AbstractAutowireCapableBeanFactory.java:448): Creating instance of bean &apos;permissionsServiceImpl&apos;  
[DEBUG] 2017-08-24 15:26:48,766(3588) --&gt; [main] org.springframework.beans.factory.support.AbstractBeanFactory.doGetBean(AbstractBeanFactory.java:250): Returning cached instance of singleton bean &apos;org.springframework.aop.support.DefaultBeanFactoryPointcutAdvisor#0&apos;  
[DEBUG] 2017-08-24 15:26:48,767(3589) --&gt; [main] org.springframework.beans.factory.annotation.InjectionMetadata.checkConfigMembers(InjectionMetadata.java:72): Registered injected element on class [com.flat.srm.system.service.permissions.impl.PermissionsServiceImpl]: AutowiredFieldElement for private com.flat.srm.system.dao.permissions.IPermissionsMapper com.flat.srm.system.service.permissions.impl.PermissionsServiceImpl.permissionsMapper  
[DEBUG] 2017-08-24 15:26:48,768(3590) --&gt; [main] org.springframework.beans.factory.support.AbstractAutowireCapableBeanFactory.doCreateBean(AbstractAutowireCapableBeanFactory.java:529): Eagerly caching bean &apos;permissionsServiceImpl&apos; to allow for resolving potential circular references  
[DEBUG] 2017-08-24 15:26:48,770(3592) --&gt; [main] org.springframework.beans.factory.annotation.InjectionMetadata.inject(InjectionMetadata.java:86): Processing injected element of bean &apos;permissionsServiceImpl&apos;: AutowiredFieldElement for private com.flat.srm.system.dao.permissions.IPermissionsMapper com.flat.srm.system.service.permissions.impl.PermissionsServiceImpl.permissionsMapper  
[DEBUG] 2017-08-24 15:26:48,772(3594) --&gt; [main] org.springframework.beans.factory.support.DefaultSingletonBeanRegistry.getSingleton(DefaultSingletonBeanRegistry.java:221): Creating shared instance of singleton bean &apos;IPermissionsMapper&apos;  
[DEBUG] 2017-08-24 15:26:48,772(3594) --&gt; [main] org.springframework.beans.factory.support.AbstractAutowireCapableBeanFactory.createBean(AbstractAutowireCapableBeanFactory.java:448): Creating instance of bean &apos;IPermissionsMapper&apos;  
[DEBUG] 2017-08-24 15:26:48,772(3594) --&gt; [main] org.springframework.beans.factory.support.AbstractBeanFactory.doGetBean(AbstractBeanFactory.java:250): Returning cached instance of singleton bean &apos;org.springframework.aop.support.DefaultBeanFactoryPointcutAdvisor#0&apos;  
[DEBUG] 2017-08-24 15:26:48,773(3595) --&gt; [main] org.springframework.beans.factory.support.AbstractAutowireCapableBeanFactory.doCreateBean(AbstractAutowireCapableBeanFactory.java:529): Eagerly caching bean &apos;IPermissionsMapper&apos; to allow for resolving potential circular references  
[DEBUG] 2017-08-24 15:26:48,773(3595) --&gt; [main] org.springframework.beans.factory.support.AbstractBeanFactory.doGetBean(AbstractBeanFactory.java:250): Returning cached instance of singleton bean &apos;sqlSessionFactory&apos;  
[DEBUG] 2017-08-24 15:26:48,774(3596) --&gt; [main] org.springframework.beans.factory.support.AbstractAutowireCapableBeanFactory.invokeInitMethods(AbstractAutowireCapableBeanFactory.java:1620): Invoking afterPropertiesSet() on bean with name &apos;IPermissionsMapper&apos;  
[DEBUG] 2017-08-24 15:26:48,806(3628) --&gt; [main] org.springframework.beans.factory.support.AbstractBeanFactory.doGetBean(AbstractBeanFactory.java:250): Returning cached instance of singleton bean &apos;org.springframework.aop.support.DefaultBeanFactoryPointcutAdvisor#0&apos;  
[DEBUG] 2017-08-24 15:26:48,807(3629) --&gt; [main] org.springframework.beans.factory.support.AbstractBeanFactory.doGetBean(AbstractBeanFactory.java:250): Returning cached instance of singleton bean &apos;org.springframework.aop.support.DefaultBeanFactoryPointcutAdvisor#0&apos;  
[DEBUG] 2017-08-24 15:26:48,810(3632) --&gt; [main] org.springframework.beans.factory.support.AbstractAutowireCapableBeanFactory.createBean(AbstractAutowireCapableBeanFactory.java:484): Finished creating instance of bean &apos;IPermissionsMapper&apos;  
[DEBUG] 2017-08-24 15:26:48,823(3645) --&gt; [main] org.springframework.beans.factory.support.AbstractBeanFactory.doGetBean(AbstractBeanFactory.java:250): Returning cached instance of singleton bean &apos;org.springframework.aop.support.DefaultBeanFactoryPointcutAdvisor#0&apos;  
[DEBUG] 2017-08-24 15:26:48,823(3645) --&gt; [main] org.springframework.beans.factory.support.AbstractBeanFactory.doGetBean(AbstractBeanFactory.java:250): Returning cached instance of singleton bean &apos;org.springframework.aop.support.DefaultBeanFactoryPointcutAdvisor#0&apos;  
[DEBUG] 2017-08-24 15:26:48,824(3646) --&gt; [main] org.springframework.beans.factory.annotation.AutowiredAnnotationBeanPostProcessor.registerDependentBeans(AutowiredAnnotationBeanPostProcessor.java:490): Autowiring by type from bean name &apos;permissionsServiceImpl&apos; to bean named &apos;IPermissionsMapper&apos;  
[DEBUG] 2017-08-24 15:26:48,825(3647) --&gt; [main] org.springframework.beans.factory.support.AbstractBeanFactory.doGetBean(AbstractBeanFactory.java:250): Returning cached instance of singleton bean &apos;org.springframework.aop.support.DefaultBeanFactoryPointcutAdvisor#0&apos;  
[DEBUG] 2017-08-24 15:26:48,825(3647) --&gt; [main] org.springframework.beans.factory.support.AbstractBeanFactory.doGetBean(AbstractBeanFactory.java:250): Returning cached instance of singleton bean &apos;org.springframework.aop.support.DefaultBeanFactoryPointcutAdvisor#0&apos;  
[DEBUG] 2017-08-24 15:26:48,826(3648) --&gt; [main] org.springframework.aop.framework.autoproxy.AbstractAutoProxyCreator.buildAdvisors(AbstractAutoProxyCreator.java:505): Creating implicit proxy for bean &apos;permissionsServiceImpl&apos; with 0 common interceptors and 2 specific interceptors  
[DEBUG] 2017-08-24 15:26:48,827(3649) --&gt; [main] org.springframework.aop.framework.CglibAopProxy.getProxy(CglibAopProxy.java:158): Creating CGLIB proxy: target source is SingletonTargetSource for target object [com.flat.srm.system.service.permissions.impl.PermissionsServiceImpl@160c3ec1]  
[DEBUG] 2017-08-24 15:26:48,830(3652) --&gt; [main] org.springframework.aop.framework.CglibAopProxy$ProxyCallbackFilter.accept(CglibAopProxy.java:831): Unable to apply any optimisations to advised method: public int com.flat.srm.system.service.permissions.impl.PermissionsServiceImpl.update(com.flat.srm.system.bean.Permissions)  
[DEBUG] 2017-08-24 15:26:48,831(3653) --&gt; [main] org.springframework.aop.framework.CglibAopProxy$ProxyCallbackFilter.accept(CglibAopProxy.java:831): Unable to apply any optimisations to advised method: public com.flat.srm.system.bean.Permissions com.flat.srm.system.service.permissions.impl.PermissionsServiceImpl.find(com.flat.srm.common.publicBean.TzParams)  
[DEBUG] 2017-08-24 15:26:48,832(3654) --&gt; [main] org.springframework.aop.framework.CglibAopProxy$ProxyCallbackFilter.accept(CglibAopProxy.java:831): Unable to apply any optimisations to advised method: public int com.flat.srm.system.service.permissions.impl.PermissionsServiceImpl.delete(java.lang.Long)  
[DEBUG] 2017-08-24 15:26:48,833(3655) --&gt; [main] org.springframework.aop.framework.CglibAopProxy$ProxyCallbackFilter.accept(CglibAopProxy.java:831): Unable to apply any optimisations to advised method: public java.lang.String com.flat.srm.system.service.permissions.impl.PermissionsServiceImpl.saveAll(com.flat.srm.system.bean.Permissions,java.lang.String) throws java.lang.Exception  
[DEBUG] 2017-08-24 15:26:48,834(3656) --&gt; [main] org.springframework.aop.framework.CglibAopProxy$ProxyCallbackFilter.accept(CglibAopProxy.java:831): Unable to apply any optimisations to advised method: public java.util.List com.flat.srm.system.service.permissions.impl.PermissionsServiceImpl.findPermissionss(com.flat.srm.common.publicBean.TzParams)  
[DEBUG] 2017-08-24 15:26:48,834(3656) --&gt; [main] org.springframework.aop.framework.CglibAopProxy$ProxyCallbackFilter.accept(CglibAopProxy.java:831): Unable to apply any optimisations to advised method: public java.util.List com.flat.srm.system.service.permissions.impl.PermissionsServiceImpl.finds(com.flat.srm.common.publicBean.TzParams)  
[DEBUG] 2017-08-24 15:26:48,835(3657) --&gt; [main] org.springframework.aop.framework.CglibAopProxy$ProxyCallbackFilter.accept(CglibAopProxy.java:782): Found finalize() method - using NO_OVERRIDE  
[DEBUG] 2017-08-24 15:26:48,835(3657) --&gt; [main] org.springframework.aop.framework.CglibAopProxy$ProxyCallbackFilter.accept(CglibAopProxy.java:794): Found &apos;equals&apos; method: public boolean java.lang.Object.equals(java.lang.Object)  
[DEBUG] 2017-08-24 15:26:48,835(3657) --&gt; [main] org.springframework.aop.framework.CglibAopProxy$ProxyCallbackFilter.accept(CglibAopProxy.java:831): Unable to apply any optimisations to advised method: public java.lang.String java.lang.Object.toString()  
[DEBUG] 2017-08-24 15:26:48,836(3658) --&gt; [main] org.springframework.aop.framework.CglibAopProxy$ProxyCallbackFilter.accept(CglibAopProxy.java:799): Found &apos;hashCode&apos; method: public native int java.lang.Object.hashCode()  
[DEBUG] 2017-08-24 15:26:48,836(3658) --&gt; [main] org.springframework.aop.framework.CglibAopProxy$ProxyCallbackFilter.accept(CglibAopProxy.java:831): Unable to apply any optimisations to advised method: protected native java.lang.Object java.lang.Object.clone() throws java.lang.CloneNotSupportedException  
[DEBUG] 2017-08-24 15:26:48,836(3658) --&gt; [main] org.springframework.aop.framework.CglibAopProxy$ProxyCallbackFilter.accept(CglibAopProxy.java:788): Method is declared on Advised interface: public abstract int org.springframework.aop.framework.Advised.indexOf(org.springframework.aop.Advisor)  
[DEBUG] 2017-08-24 15:26:48,837(3659) --&gt; [main] org.springframework.aop.framework.CglibAopProxy$ProxyCallbackFilter.accept(CglibAopProxy.java:788): Method is declared on Advised interface: public abstract int org.springframework.aop.framework.Advised.indexOf(org.aopalliance.aop.Advice)  
[DEBUG] 2017-08-24 15:26:48,837(3659) --&gt; [main] org.springframework.aop.framework.CglibAopProxy$ProxyCallbackFilter.accept(CglibAopProxy.java:788): Method is declared on Advised interface: public abstract boolean org.springframework.aop.framework.Advised.isFrozen()  
[DEBUG] 2017-08-24 15:26:48,837(3659) --&gt; [main] org.springframework.aop.framework.CglibAopProxy$ProxyCallbackFilter.accept(CglibAopProxy.java:788): Method is declared on Advised interface: public abstract void org.springframework.aop.framework.Advised.setTargetSource(org.springframework.aop.TargetSource)  
[DEBUG] 2017-08-24 15:26:48,837(3659) --&gt; [main] org.springframework.aop.framework.CglibAopProxy$ProxyCallbackFilter.accept(CglibAopProxy.java:788): Method is declared on Advised interface: public abstract boolean org.springframework.aop.framework.Advised.isExposeProxy()  
[DEBUG] 2017-08-24 15:26:48,838(3660) --&gt; [main] org.springframework.aop.framework.CglibAopProxy$ProxyCallbackFilter.accept(CglibAopProxy.java:788): Method is declared on Advised interface: public abstract org.springframework.aop.TargetSource org.springframework.aop.framework.Advised.getTargetSource()  
[DEBUG] 2017-08-24 15:26:48,838(3660) --&gt; [main] org.springframework.aop.framework.CglibAopProxy$ProxyCallbackFilter.accept(CglibAopProxy.java:788): Method is declared on Advised interface: public abstract void org.springframework.aop.framework.Advised.setPreFiltered(boolean)  
[DEBUG] 2017-08-24 15:26:48,838(3660) --&gt; [main] org.springframework.aop.framework.CglibAopProxy$ProxyCallbackFilter.accept(CglibAopProxy.java:788): Method is declared on Advised interface: public abstract void org.springframework.aop.framework.Advised.addAdvisor(int,org.springframework.aop.Advisor) throws org.springframework.aop.framework.AopConfigException  
[DEBUG] 2017-08-24 15:26:48,838(3660) --&gt; [main] org.springframework.aop.framework.CglibAopProxy$ProxyCallbackFilter.accept(CglibAopProxy.java:788): Method is declared on Advised interface: public abstract void org.springframework.aop.framework.Advised.addAdvisor(org.springframework.aop.Advisor) throws org.springframework.aop.framework.AopConfigException  
[DEBUG] 2017-08-24 15:26:48,839(3661) --&gt; [main] org.springframework.aop.framework.CglibAopProxy$ProxyCallbackFilter.accept(CglibAopProxy.java:788): Method is declared on Advised interface: public abstract void org.springframework.aop.framework.Advised.setExposeProxy(boolean)  
[DEBUG] 2017-08-24 15:26:48,839(3661) --&gt; [main] org.springframework.aop.framework.CglibAopProxy$ProxyCallbackFilter.accept(CglibAopProxy.java:788): Method is declared on Advised interface: public abstract boolean org.springframework.aop.framework.Advised.isProxyTargetClass()  
[DEBUG] 2017-08-24 15:26:48,839(3661) --&gt; [main] org.springframework.aop.framework.CglibAopProxy$ProxyCallbackFilter.accept(CglibAopProxy.java:788): Method is declared on Advised interface: public abstract boolean org.springframework.aop.framework.Advised.isInterfaceProxied(java.lang.Class)  
[DEBUG] 2017-08-24 15:26:48,840(3662) --&gt; [main] org.springframework.aop.framework.CglibAopProxy$ProxyCallbackFilter.accept(CglibAopProxy.java:788): Method is declared on Advised interface: public abstract java.lang.Class[] org.springframework.aop.framework.Advised.getProxiedInterfaces()  
[DEBUG] 2017-08-24 15:26:48,841(3663) --&gt; [main] org.springframework.aop.framework.CglibAopProxy$ProxyCallbackFilter.accept(CglibAopProxy.java:788): Method is declared on Advised interface: public abstract java.lang.String org.springframework.aop.framework.Advised.toProxyConfigString()  
[DEBUG] 2017-08-24 15:26:48,842(3664) --&gt; [main] org.springframework.aop.framework.CglibAopProxy$ProxyCallbackFilter.accept(CglibAopProxy.java:788): Method is declared on Advised interface: public abstract org.springframework.aop.Advisor[] org.springframework.aop.framework.Advised.getAdvisors()  
[DEBUG] 2017-08-24 15:26:48,842(3664) --&gt; [main] org.springframework.aop.framework.CglibAopProxy$ProxyCallbackFilter.accept(CglibAopProxy.java:788): Method is declared on Advised interface: public abstract void org.springframework.aop.framework.Advised.addAdvice(org.aopalliance.aop.Advice) throws org.springframework.aop.framework.AopConfigException  
[DEBUG] 2017-08-24 15:26:48,842(3664) --&gt; [main] org.springframework.aop.framework.CglibAopProxy$ProxyCallbackFilter.accept(CglibAopProxy.java:788): Method is declared on Advised interface: public abstract void org.springframework.aop.framework.Advised.addAdvice(int,org.aopalliance.aop.Advice) throws org.springframework.aop.framework.AopConfigException  
[DEBUG] 2017-08-24 15:26:48,843(3665) --&gt; [main] org.springframework.aop.framework.CglibAopProxy$ProxyCallbackFilter.accept(CglibAopProxy.java:788): Method is declared on Advised interface: public abstract boolean org.springframework.aop.framework.Advised.isPreFiltered()  
[DEBUG] 2017-08-24 15:26:48,843(3665) --&gt; [main] org.springframework.aop.framework.CglibAopProxy$ProxyCallbackFilter.accept(CglibAopProxy.java:788): Method is declared on Advised interface: public abstract void org.springframework.aop.framework.Advised.removeAdvisor(int) throws org.springframework.aop.framework.AopConfigException  
[DEBUG] 2017-08-24 15:26:48,844(3666) --&gt; [main] org.springframework.aop.framework.CglibAopProxy$ProxyCallbackFilter.accept(CglibAopProxy.java:788): Method is declared on Advised interface: public abstract boolean org.springframework.aop.framework.Advised.removeAdvisor(org.springframework.aop.Advisor)  
[DEBUG] 2017-08-24 15:26:48,844(3666) --&gt; [main] org.springframework.aop.framework.CglibAopProxy$ProxyCallbackFilter.accept(CglibAopProxy.java:788): Method is declared on Advised interface: public abstract boolean org.springframework.aop.framework.Advised.replaceAdvisor(org.springframework.aop.Advisor,org.springframework.aop.Advisor) throws org.springframework.aop.framework.AopConfigException  
[DEBUG] 2017-08-24 15:26:48,846(3668) --&gt; [main] org.springframework.aop.framework.CglibAopProxy$ProxyCallbackFilter.accept(CglibAopProxy.java:788): Method is declared on Advised interface: public abstract boolean org.springframework.aop.framework.Advised.removeAdvice(org.aopalliance.aop.Advice)  
[DEBUG] 2017-08-24 15:26:48,847(3669) --&gt; [main] org.springframework.aop.framework.CglibAopProxy$ProxyCallbackFilter.accept(CglibAopProxy.java:788): Method is declared on Advised interface: public abstract java.lang.Class org.springframework.aop.TargetClassAware.getTargetClass()  
[DEBUG] 2017-08-24 15:26:48,866(3688) --&gt; [main] org.springframework.beans.factory.support.AbstractAutowireCapableBeanFactory.createBean(AbstractAutowireCapableBeanFactory.java:484): Finished creating instance of bean &apos;permissionsServiceImpl&apos;  
[DEBUG] 2017-08-24 15:26:48,867(3689) --&gt; [main] org.springframework.beans.factory.support.DefaultSingletonBeanRegistry.getSingleton(DefaultSingletonBeanRegistry.java:221): Creating shared instance of singleton bean &apos;roleServiceImpl&apos;  
[DEBUG] 2017-08-24 15:26:48,867(3689) --&gt; [main] org.springframework.beans.factory.support.AbstractAutowireCapableBeanFactory.createBean(AbstractAutowireCapableBeanFactory.java:448): Creating instance of bean &apos;roleServiceImpl&apos;  
[DEBUG] 2017-08-24 15:26:48,867(3689) --&gt; [main] org.springframework.beans.factory.support.AbstractBeanFactory.doGetBean(AbstractBeanFactory.java:250): Returning cached instance of singleton bean &apos;org.springframework.aop.support.DefaultBeanFactoryPointcutAdvisor#0&apos;  
[DEBUG] 2017-08-24 15:26:48,868(3690) --&gt; [main] org.springframework.beans.factory.annotation.InjectionMetadata.checkConfigMembers(InjectionMetadata.java:72): Registered injected element on class [com.flat.srm.system.service.role.impl.RoleServiceImpl]: AutowiredFieldElement for private com.flat.srm.system.dao.role.IRoleMapper com.flat.srm.system.service.role.impl.RoleServiceImpl.roleMapper  
[DEBUG] 2017-08-24 15:26:48,869(3691) --&gt; [main] org.springframework.beans.factory.annotation.InjectionMetadata.checkConfigMembers(InjectionMetadata.java:72): Registered injected element on class [com.flat.srm.system.service.role.impl.RoleServiceImpl]: AutowiredFieldElement for private com.flat.srm.system.dao.authorization.IAuthorizationMapper com.flat.srm.system.service.role.impl.RoleServiceImpl.authorizationMapper  
[DEBUG] 2017-08-24 15:26:48,869(3691) --&gt; [main] org.springframework.beans.factory.support.AbstractAutowireCapableBeanFactory.doCreateBean(AbstractAutowireCapableBeanFactory.java:529): Eagerly caching bean &apos;roleServiceImpl&apos; to allow for resolving potential circular references  
[DEBUG] 2017-08-24 15:26:48,871(3693) --&gt; [main] org.springframework.beans.factory.annotation.InjectionMetadata.inject(InjectionMetadata.java:86): Processing injected element of bean &apos;roleServiceImpl&apos;: AutowiredFieldElement for private com.flat.srm.system.dao.role.IRoleMapper com.flat.srm.system.service.role.impl.RoleServiceImpl.roleMapper  
[DEBUG] 2017-08-24 15:26:48,872(3694) --&gt; [main] org.springframework.beans.factory.support.DefaultSingletonBeanRegistry.getSingleton(DefaultSingletonBeanRegistry.java:221): Creating shared instance of singleton bean &apos;IRoleMapper&apos;  
[DEBUG] 2017-08-24 15:26:48,872(3694) --&gt; [main] org.springframework.beans.factory.support.AbstractAutowireCapableBeanFactory.createBean(AbstractAutowireCapableBeanFactory.java:448): Creating instance of bean &apos;IRoleMapper&apos;  
[DEBUG] 2017-08-24 15:26:48,873(3695) --&gt; [main] org.springframework.beans.factory.support.AbstractBeanFactory.doGetBean(AbstractBeanFactory.java:250): Returning cached instance of singleton bean &apos;org.springframework.aop.support.DefaultBeanFactoryPointcutAdvisor#0&apos;  
[DEBUG] 2017-08-24 15:26:48,873(3695) --&gt; [main] org.springframework.beans.factory.support.AbstractAutowireCapableBeanFactory.doCreateBean(AbstractAutowireCapableBeanFactory.java:529): Eagerly caching bean &apos;IRoleMapper&apos; to allow for resolving potential circular references  
[DEBUG] 2017-08-24 15:26:48,874(3696) --&gt; [main] org.springframework.beans.factory.support.AbstractBeanFactory.doGetBean(AbstractBeanFactory.java:250): Returning cached instance of singleton bean &apos;sqlSessionFactory&apos;  
[DEBUG] 2017-08-24 15:26:48,878(3700) --&gt; [main] org.springframework.beans.factory.support.AbstractAutowireCapableBeanFactory.invokeInitMethods(AbstractAutowireCapableBeanFactory.java:1620): Invoking afterPropertiesSet() on bean with name &apos;IRoleMapper&apos;  
[DEBUG] 2017-08-24 15:26:48,905(3727) --&gt; [main] org.springframework.beans.factory.support.AbstractBeanFactory.doGetBean(AbstractBeanFactory.java:250): Returning cached instance of singleton bean &apos;org.springframework.aop.support.DefaultBeanFactoryPointcutAdvisor#0&apos;  
[DEBUG] 2017-08-24 15:26:48,906(3728) --&gt; [main] org.springframework.beans.factory.support.AbstractBeanFactory.doGetBean(AbstractBeanFactory.java:250): Returning cached instance of singleton bean &apos;org.springframework.aop.support.DefaultBeanFactoryPointcutAdvisor#0&apos;  
[DEBUG] 2017-08-24 15:26:48,906(3728) --&gt; [main] org.springframework.beans.factory.support.AbstractAutowireCapableBeanFactory.createBean(AbstractAutowireCapableBeanFactory.java:484): Finished creating instance of bean &apos;IRoleMapper&apos;  
[DEBUG] 2017-08-24 15:26:48,908(3730) --&gt; [main] org.springframework.beans.factory.support.AbstractBeanFactory.doGetBean(AbstractBeanFactory.java:250): Returning cached instance of singleton bean &apos;org.springframework.aop.support.DefaultBeanFactoryPointcutAdvisor#0&apos;  
[DEBUG] 2017-08-24 15:26:48,909(3731) --&gt; [main] org.springframework.beans.factory.support.AbstractBeanFactory.doGetBean(AbstractBeanFactory.java:250): Returning cached instance of singleton bean &apos;org.springframework.aop.support.DefaultBeanFactoryPointcutAdvisor#0&apos;  
[DEBUG] 2017-08-24 15:26:48,910(3732) --&gt; [main] org.springframework.beans.factory.annotation.AutowiredAnnotationBeanPostProcessor.registerDependentBeans(AutowiredAnnotationBeanPostProcessor.java:490): Autowiring by type from bean name &apos;roleServiceImpl&apos; to bean named &apos;IRoleMapper&apos;  
[DEBUG] 2017-08-24 15:26:48,910(3732) --&gt; [main] org.springframework.beans.factory.annotation.InjectionMetadata.inject(InjectionMetadata.java:86): Processing injected element of bean &apos;roleServiceImpl&apos;: AutowiredFieldElement for private com.flat.srm.system.dao.authorization.IAuthorizationMapper com.flat.srm.system.service.role.impl.RoleServiceImpl.authorizationMapper  
[DEBUG] 2017-08-24 15:26:48,914(3736) --&gt; [main] org.springframework.beans.factory.support.AbstractBeanFactory.doGetBean(AbstractBeanFactory.java:250): Returning cached instance of singleton bean &apos;IAuthorizationMapper&apos;  
[DEBUG] 2017-08-24 15:26:48,914(3736) --&gt; [main] org.springframework.beans.factory.annotation.AutowiredAnnotationBeanPostProcessor.registerDependentBeans(AutowiredAnnotationBeanPostProcessor.java:490): Autowiring by type from bean name &apos;roleServiceImpl&apos; to bean named &apos;IAuthorizationMapper&apos;  
[DEBUG] 2017-08-24 15:26:48,915(3737) --&gt; [main] org.springframework.beans.factory.support.AbstractBeanFactory.doGetBean(AbstractBeanFactory.java:250): Returning cached instance of singleton bean &apos;org.springframework.aop.support.DefaultBeanFactoryPointcutAdvisor#0&apos;  
[DEBUG] 2017-08-24 15:26:48,915(3737) --&gt; [main] org.springframework.beans.factory.support.AbstractBeanFactory.doGetBean(AbstractBeanFactory.java:250): Returning cached instance of singleton bean &apos;org.springframework.aop.support.DefaultBeanFactoryPointcutAdvisor#0&apos;  
[DEBUG] 2017-08-24 15:26:48,916(3738) --&gt; [main] org.springframework.aop.framework.autoproxy.AbstractAutoProxyCreator.buildAdvisors(AbstractAutoProxyCreator.java:505): Creating implicit proxy for bean &apos;roleServiceImpl&apos; with 0 common interceptors and 2 specific interceptors  
[DEBUG] 2017-08-24 15:26:48,917(3739) --&gt; [main] org.springframework.aop.framework.CglibAopProxy.getProxy(CglibAopProxy.java:158): Creating CGLIB proxy: target source is SingletonTargetSource for target object [com.flat.srm.system.service.role.impl.RoleServiceImpl@28a2a3e7]  
[DEBUG] 2017-08-24 15:26:48,918(3740) --&gt; [main] org.springframework.aop.framework.CglibAopProxy$ProxyCallbackFilter.accept(CglibAopProxy.java:831): Unable to apply any optimisations to advised method: public int com.flat.srm.system.service.role.impl.RoleServiceImpl.update(com.flat.srm.system.bean.Role)  
[DEBUG] 2017-08-24 15:26:48,918(3740) --&gt; [main] org.springframework.aop.framework.CglibAopProxy$ProxyCallbackFilter.accept(CglibAopProxy.java:831): Unable to apply any optimisations to advised method: public com.flat.srm.system.bean.Role com.flat.srm.system.service.role.impl.RoleServiceImpl.find(com.flat.srm.common.publicBean.TzParams)  
[DEBUG] 2017-08-24 15:26:48,919(3741) --&gt; [main] org.springframework.aop.framework.CglibAopProxy$ProxyCallbackFilter.accept(CglibAopProxy.java:831): Unable to apply any optimisations to advised method: public int com.flat.srm.system.service.role.impl.RoleServiceImpl.save(com.flat.srm.system.bean.Role)  
[DEBUG] 2017-08-24 15:26:48,919(3741) --&gt; [main] org.springframework.aop.framework.CglibAopProxy$ProxyCallbackFilter.accept(CglibAopProxy.java:831): Unable to apply any optimisations to advised method: public java.lang.String com.flat.srm.system.service.role.impl.RoleServiceImpl.saveAll(java.lang.String,java.lang.String) throws java.lang.Exception  
[DEBUG] 2017-08-24 15:26:48,920(3742) --&gt; [main] org.springframework.aop.framework.CglibAopProxy$ProxyCallbackFilter.accept(CglibAopProxy.java:831): Unable to apply any optimisations to advised method: public java.util.List com.flat.srm.system.service.role.impl.RoleServiceImpl.finds(com.flat.srm.common.publicBean.TzParams)  
[DEBUG] 2017-08-24 15:26:48,920(3742) --&gt; [main] org.springframework.aop.framework.CglibAopProxy$ProxyCallbackFilter.accept(CglibAopProxy.java:831): Unable to apply any optimisations to advised method: public java.util.List com.flat.srm.system.service.role.impl.RoleServiceImpl.findLodinRoles(com.flat.srm.common.publicBean.TzParams)  
[DEBUG] 2017-08-24 15:26:48,920(3742) --&gt; [main] org.springframework.aop.framework.CglibAopProxy$ProxyCallbackFilter.accept(CglibAopProxy.java:831): Unable to apply any optimisations to advised method: public java.util.List com.flat.srm.system.service.role.impl.RoleServiceImpl.findRoles(com.flat.srm.common.publicBean.TzParams)  
[DEBUG] 2017-08-24 15:26:48,920(3742) --&gt; [main] org.springframework.aop.framework.CglibAopProxy$ProxyCallbackFilter.accept(CglibAopProxy.java:831): Unable to apply any optimisations to advised method: public int com.flat.srm.system.service.role.impl.RoleServiceImpl.deleteAll(java.lang.Long) throws java.lang.Exception  
[DEBUG] 2017-08-24 15:26:48,921(3743) --&gt; [main] org.springframework.aop.framework.CglibAopProxy$ProxyCallbackFilter.accept(CglibAopProxy.java:831): Unable to apply any optimisations to advised method: public java.util.List com.flat.srm.system.service.role.impl.RoleServiceImpl.findRoleUsers(java.lang.Long)  
[DEBUG] 2017-08-24 15:26:48,921(3743) --&gt; [main] org.springframework.aop.framework.CglibAopProxy$ProxyCallbackFilter.accept(CglibAopProxy.java:782): Found finalize() method - using NO_OVERRIDE  
[DEBUG] 2017-08-24 15:26:48,921(3743) --&gt; [main] org.springframework.aop.framework.CglibAopProxy$ProxyCallbackFilter.accept(CglibAopProxy.java:794): Found &apos;equals&apos; method: public boolean java.lang.Object.equals(java.lang.Object)  
[DEBUG] 2017-08-24 15:26:48,921(3743) --&gt; [main] org.springframework.aop.framework.CglibAopProxy$ProxyCallbackFilter.accept(CglibAopProxy.java:831): Unable to apply any optimisations to advised method: public java.lang.String java.lang.Object.toString()  
[DEBUG] 2017-08-24 15:26:48,921(3743) --&gt; [main] org.springframework.aop.framework.CglibAopProxy$ProxyCallbackFilter.accept(CglibAopProxy.java:799): Found &apos;hashCode&apos; method: public native int java.lang.Object.hashCode()  
[DEBUG] 2017-08-24 15:26:48,922(3744) --&gt; [main] org.springframework.aop.framework.CglibAopProxy$ProxyCallbackFilter.accept(CglibAopProxy.java:831): Unable to apply any optimisations to advised method: protected native java.lang.Object java.lang.Object.clone() throws java.lang.CloneNotSupportedException  
[DEBUG] 2017-08-24 15:26:48,922(3744) --&gt; [main] org.springframework.aop.framework.CglibAopProxy$ProxyCallbackFilter.accept(CglibAopProxy.java:788): Method is declared on Advised interface: public abstract int org.springframework.aop.framework.Advised.indexOf(org.springframework.aop.Advisor)  
[DEBUG] 2017-08-24 15:26:48,922(3744) --&gt; [main] org.springframework.aop.framework.CglibAopProxy$ProxyCallbackFilter.accept(CglibAopProxy.java:788): Method is declared on Advised interface: public abstract int org.springframework.aop.framework.Advised.indexOf(org.aopalliance.aop.Advice)  
[DEBUG] 2017-08-24 15:26:48,922(3744) --&gt; [main] org.springframework.aop.framework.CglibAopProxy$ProxyCallbackFilter.accept(CglibAopProxy.java:788): Method is declared on Advised interface: public abstract boolean org.springframework.aop.framework.Advised.isFrozen()  
[DEBUG] 2017-08-24 15:26:48,922(3744) --&gt; [main] org.springframework.aop.framework.CglibAopProxy$ProxyCallbackFilter.accept(CglibAopProxy.java:788): Method is declared on Advised interface: public abstract void org.springframework.aop.framework.Advised.setTargetSource(org.springframework.aop.TargetSource)  
[DEBUG] 2017-08-24 15:26:48,922(3744) --&gt; [main] org.springframework.aop.framework.CglibAopProxy$ProxyCallbackFilter.accept(CglibAopProxy.java:788): Method is declared on Advised interface: public abstract boolean org.springframework.aop.framework.Advised.isExposeProxy()  
[DEBUG] 2017-08-24 15:26:48,922(3744) --&gt; [main] org.springframework.aop.framework.CglibAopProxy$ProxyCallbackFilter.accept(CglibAopProxy.java:788): Method is declared on Advised interface: public abstract org.springframework.aop.TargetSource org.springframework.aop.framework.Advised.getTargetSource()  
[DEBUG] 2017-08-24 15:26:48,923(3745) --&gt; [main] org.springframework.aop.framework.CglibAopProxy$ProxyCallbackFilter.accept(CglibAopProxy.java:788): Method is declared on Advised interface: public abstract void org.springframework.aop.framework.Advised.setPreFiltered(boolean)  
[DEBUG] 2017-08-24 15:26:48,923(3745) --&gt; [main] org.springframework.aop.framework.CglibAopProxy$ProxyCallbackFilter.accept(CglibAopProxy.java:788): Method is declared on Advised interface: public abstract void org.springframework.aop.framework.Advised.addAdvisor(int,org.springframework.aop.Advisor) throws org.springframework.aop.framework.AopConfigException  
[DEBUG] 2017-08-24 15:26:48,923(3745) --&gt; [main] org.springframework.aop.framework.CglibAopProxy$ProxyCallbackFilter.accept(CglibAopProxy.java:788): Method is declared on Advised interface: public abstract void org.springframework.aop.framework.Advised.addAdvisor(org.springframework.aop.Advisor) throws org.springframework.aop.framework.AopConfigException  
[DEBUG] 2017-08-24 15:26:48,923(3745) --&gt; [main] org.springframework.aop.framework.CglibAopProxy$ProxyCallbackFilter.accept(CglibAopProxy.java:788): Method is declared on Advised interface: public abstract void org.springframework.aop.framework.Advised.setExposeProxy(boolean)  
[DEBUG] 2017-08-24 15:26:48,923(3745) --&gt; [main] org.springframework.aop.framework.CglibAopProxy$ProxyCallbackFilter.accept(CglibAopProxy.java:788): Method is declared on Advised interface: public abstract boolean org.springframework.aop.framework.Advised.isProxyTargetClass()  
[DEBUG] 2017-08-24 15:26:48,923(3745) --&gt; [main] org.springframework.aop.framework.CglibAopProxy$ProxyCallbackFilter.accept(CglibAopProxy.java:788): Method is declared on Advised interface: public abstract boolean org.springframework.aop.framework.Advised.isInterfaceProxied(java.lang.Class)  
[DEBUG] 2017-08-24 15:26:48,923(3745) --&gt; [main] org.springframework.aop.framework.CglibAopProxy$ProxyCallbackFilter.accept(CglibAopProxy.java:788): Method is declared on Advised interface: public abstract java.lang.Class[] org.springframework.aop.framework.Advised.getProxiedInterfaces()  
[DEBUG] 2017-08-24 15:26:48,924(3746) --&gt; [main] org.springframework.aop.framework.CglibAopProxy$ProxyCallbackFilter.accept(CglibAopProxy.java:788): Method is declared on Advised interface: public abstract java.lang.String org.springframework.aop.framework.Advised.toProxyConfigString()  
[DEBUG] 2017-08-24 15:26:48,924(3746) --&gt; [main] org.springframework.aop.framework.CglibAopProxy$ProxyCallbackFilter.accept(CglibAopProxy.java:788): Method is declared on Advised interface: public abstract org.springframework.aop.Advisor[] org.springframework.aop.framework.Advised.getAdvisors()  
[DEBUG] 2017-08-24 15:26:48,924(3746) --&gt; [main] org.springframework.aop.framework.CglibAopProxy$ProxyCallbackFilter.accept(CglibAopProxy.java:788): Method is declared on Advised interface: public abstract void org.springframework.aop.framework.Advised.addAdvice(org.aopalliance.aop.Advice) throws org.springframework.aop.framework.AopConfigException  
[DEBUG] 2017-08-24 15:26:48,924(3746) --&gt; [main] org.springframework.aop.framework.CglibAopProxy$ProxyCallbackFilter.accept(CglibAopProxy.java:788): Method is declared on Advised interface: public abstract void org.springframework.aop.framework.Advised.addAdvice(int,org.aopalliance.aop.Advice) throws org.springframework.aop.framework.AopConfigException  
[DEBUG] 2017-08-24 15:26:48,926(3748) --&gt; [main] org.springframework.aop.framework.CglibAopProxy$ProxyCallbackFilter.accept(CglibAopProxy.java:788): Method is declared on Advised interface: public abstract boolean org.springframework.aop.framework.Advised.isPreFiltered()  
[DEBUG] 2017-08-24 15:26:48,929(3751) --&gt; [main] org.springframework.aop.framework.CglibAopProxy$ProxyCallbackFilter.accept(CglibAopProxy.java:788): Method is declared on Advised interface: public abstract void org.springframework.aop.framework.Advised.removeAdvisor(int) throws org.springframework.aop.framework.AopConfigException  
[DEBUG] 2017-08-24 15:26:48,930(3752) --&gt; [main] org.springframework.aop.framework.CglibAopProxy$ProxyCallbackFilter.accept(CglibAopProxy.java:788): Method is declared on Advised interface: public abstract boolean org.springframework.aop.framework.Advised.removeAdvisor(org.springframework.aop.Advisor)  
[DEBUG] 2017-08-24 15:26:48,930(3752) --&gt; [main] org.springframework.aop.framework.CglibAopProxy$ProxyCallbackFilter.accept(CglibAopProxy.java:788): Method is declared on Advised interface: public abstract boolean org.springframework.aop.framework.Advised.replaceAdvisor(org.springframework.aop.Advisor,org.springframework.aop.Advisor) throws org.springframework.aop.framework.AopConfigException  
[DEBUG] 2017-08-24 15:26:48,931(3753) --&gt; [main] org.springframework.aop.framework.CglibAopProxy$ProxyCallbackFilter.accept(CglibAopProxy.java:788): Method is declared on Advised interface: public abstract boolean org.springframework.aop.framework.Advised.removeAdvice(org.aopalliance.aop.Advice)  
[DEBUG] 2017-08-24 15:26:48,931(3753) --&gt; [main] org.springframework.aop.framework.CglibAopProxy$ProxyCallbackFilter.accept(CglibAopProxy.java:788): Method is declared on Advised interface: public abstract java.lang.Class org.springframework.aop.TargetClassAware.getTargetClass()  
[DEBUG] 2017-08-24 15:26:48,938(3760) --&gt; [main] org.springframework.beans.factory.support.AbstractAutowireCapableBeanFactory.createBean(AbstractAutowireCapableBeanFactory.java:484): Finished creating instance of bean &apos;roleServiceImpl&apos;  
[DEBUG] 2017-08-24 15:26:48,938(3760) --&gt; [main] org.springframework.beans.factory.support.AbstractBeanFactory.doGetBean(AbstractBeanFactory.java:250): Returning cached instance of singleton bean &apos;userServiceImpl&apos;  
[DEBUG] 2017-08-24 15:26:48,939(3761) --&gt; [main] org.springframework.beans.factory.support.AbstractBeanFactory.doGetBean(AbstractBeanFactory.java:250): Returning cached instance of singleton bean &apos;com.flat.srm.common.core.des.EncryptPropertyPlaceholderConfigurer#0&apos;  
[DEBUG] 2017-08-24 15:26:48,939(3761) --&gt; [main] org.springframework.beans.factory.support.AbstractBeanFactory.doGetBean(AbstractBeanFactory.java:250): Returning cached instance of singleton bean &apos;org.springframework.context.support.PropertySourcesPlaceholderConfigurer#0&apos;  
[DEBUG] 2017-08-24 15:26:48,939(3761) --&gt; [main] org.springframework.beans.factory.support.AbstractBeanFactory.doGetBean(AbstractBeanFactory.java:250): Returning cached instance of singleton bean &apos;dataSourceMysql&apos;  
[DEBUG] 2017-08-24 15:26:48,939(3761) --&gt; [main] org.springframework.beans.factory.support.AbstractBeanFactory.doGetBean(AbstractBeanFactory.java:250): Returning cached instance of singleton bean &apos;dynamicDataSource&apos;  
[DEBUG] 2017-08-24 15:26:48,939(3761) --&gt; [main] org.springframework.beans.factory.support.AbstractBeanFactory.doGetBean(AbstractBeanFactory.java:250): Returning cached instance of singleton bean &apos;sqlSessionFactory&apos;  
[DEBUG] 2017-08-24 15:26:48,940(3762) --&gt; [main] org.springframework.beans.factory.support.AbstractBeanFactory.doGetBean(AbstractBeanFactory.java:250): Returning cached instance of singleton bean &apos;org.mybatis.spring.mapper.MapperScannerConfigurer#0&apos;  
[DEBUG] 2017-08-24 15:26:48,940(3762) --&gt; [main] org.springframework.beans.factory.support.AbstractBeanFactory.doGetBean(AbstractBeanFactory.java:250): Returning cached instance of singleton bean &apos;txManage&apos;  
[DEBUG] 2017-08-24 15:26:48,941(3763) --&gt; [main] org.springframework.beans.factory.support.AbstractBeanFactory.doGetBean(AbstractBeanFactory.java:250): Returning cached instance of singleton bean &apos;txAdvice&apos;  
[DEBUG] 2017-08-24 15:26:48,941(3763) --&gt; [main] org.springframework.beans.factory.support.AbstractBeanFactory.doGetBean(AbstractBeanFactory.java:250): Returning cached instance of singleton bean &apos;org.springframework.aop.config.internalAutoProxyCreator&apos;  
[DEBUG] 2017-08-24 15:26:48,941(3763) --&gt; [main] org.springframework.beans.factory.support.AbstractBeanFactory.doGetBean(AbstractBeanFactory.java:250): Returning cached instance of singleton bean &apos;org.springframework.aop.support.DefaultBeanFactoryPointcutAdvisor#0&apos;  
[DEBUG] 2017-08-24 15:26:48,941(3763) --&gt; [main] org.springframework.beans.factory.support.DefaultSingletonBeanRegistry.getSingleton(DefaultSingletonBeanRegistry.java:221): Creating shared instance of singleton bean &apos;captchaProducer&apos;  
[DEBUG] 2017-08-24 15:26:48,942(3764) --&gt; [main] org.springframework.beans.factory.support.AbstractAutowireCapableBeanFactory.createBean(AbstractAutowireCapableBeanFactory.java:448): Creating instance of bean &apos;captchaProducer&apos;  
[DEBUG] 2017-08-24 15:26:48,943(3765) --&gt; [main] org.springframework.beans.factory.support.AbstractBeanFactory.doGetBean(AbstractBeanFactory.java:250): Returning cached instance of singleton bean &apos;org.springframework.aop.support.DefaultBeanFactoryPointcutAdvisor#0&apos;  
[DEBUG] 2017-08-24 15:26:48,953(3775) --&gt; [main] org.springframework.beans.factory.support.AbstractAutowireCapableBeanFactory.doCreateBean(AbstractAutowireCapableBeanFactory.java:529): Eagerly caching bean &apos;captchaProducer&apos; to allow for resolving potential circular references  
[DEBUG] 2017-08-24 15:26:48,955(3777) --&gt; [main] org.springframework.beans.factory.support.AbstractAutowireCapableBeanFactory.createBean(AbstractAutowireCapableBeanFactory.java:448): Creating instance of bean &apos;com.google.code.kaptcha.util.Config#353d0772&apos;  
[DEBUG] 2017-08-24 15:26:48,956(3778) --&gt; [main] org.springframework.beans.factory.support.AbstractBeanFactory.doGetBean(AbstractBeanFactory.java:250): Returning cached instance of singleton bean &apos;org.springframework.aop.support.DefaultBeanFactoryPointcutAdvisor#0&apos;  
[DEBUG] 2017-08-24 15:26:48,966(3788) --&gt; [main] org.springframework.beans.factory.support.AbstractBeanFactory.doGetBean(AbstractBeanFactory.java:250): Returning cached instance of singleton bean &apos;org.springframework.aop.support.DefaultBeanFactoryPointcutAdvisor#0&apos;  
[DEBUG] 2017-08-24 15:26:48,967(3789) --&gt; [main] org.springframework.beans.factory.support.AbstractBeanFactory.doGetBean(AbstractBeanFactory.java:250): Returning cached instance of singleton bean &apos;org.springframework.aop.support.DefaultBeanFactoryPointcutAdvisor#0&apos;  
[DEBUG] 2017-08-24 15:26:48,967(3789) --&gt; [main] org.springframework.beans.factory.support.AbstractAutowireCapableBeanFactory.createBean(AbstractAutowireCapableBeanFactory.java:484): Finished creating instance of bean &apos;com.google.code.kaptcha.util.Config#353d0772&apos;  
[DEBUG] 2017-08-24 15:26:48,967(3789) --&gt; [main] org.springframework.beans.factory.support.AbstractBeanFactory.doGetBean(AbstractBeanFactory.java:250): Returning cached instance of singleton bean &apos;org.springframework.aop.support.DefaultBeanFactoryPointcutAdvisor#0&apos;  
[DEBUG] 2017-08-24 15:26:48,967(3789) --&gt; [main] org.springframework.beans.factory.support.AbstractBeanFactory.doGetBean(AbstractBeanFactory.java:250): Returning cached instance of singleton bean &apos;org.springframework.aop.support.DefaultBeanFactoryPointcutAdvisor#0&apos;  
[DEBUG] 2017-08-24 15:26:48,967(3789) --&gt; [main] org.springframework.beans.factory.support.AbstractAutowireCapableBeanFactory.createBean(AbstractAutowireCapableBeanFactory.java:484): Finished creating instance of bean &apos;captchaProducer&apos;  
[DEBUG] 2017-08-24 15:26:48,968(3790) --&gt; [main] org.springframework.beans.factory.support.AbstractBeanFactory.doGetBean(AbstractBeanFactory.java:250): Returning cached instance of singleton bean &apos;sessionDAO&apos;  
[DEBUG] 2017-08-24 15:26:48,968(3790) --&gt; [main] org.springframework.beans.factory.support.AbstractBeanFactory.doGetBean(AbstractBeanFactory.java:250): Returning cached instance of singleton bean &apos;shiroFilter&apos;  
[DEBUG] 2017-08-24 15:26:48,968(3790) --&gt; [main] org.springframework.beans.factory.support.AbstractBeanFactory.doGetBean(AbstractBeanFactory.java:250): Returning cached instance of singleton bean &apos;securityManager&apos;  
[DEBUG] 2017-08-24 15:26:48,968(3790) --&gt; [main] org.springframework.beans.factory.support.AbstractBeanFactory.doGetBean(AbstractBeanFactory.java:250): Returning cached instance of singleton bean &apos;userRealm&apos;  
[DEBUG] 2017-08-24 15:26:48,968(3790) --&gt; [main] org.springframework.beans.factory.support.AbstractBeanFactory.doGetBean(AbstractBeanFactory.java:250): Returning cached instance of singleton bean &apos;cacheManager&apos;  
[DEBUG] 2017-08-24 15:26:48,968(3790) --&gt; [main] org.springframework.beans.factory.support.AbstractBeanFactory.doGetBean(AbstractBeanFactory.java:250): Returning cached instance of singleton bean &apos;sessionIdCookie&apos;  
[DEBUG] 2017-08-24 15:26:48,968(3790) --&gt; [main] org.springframework.beans.factory.support.AbstractBeanFactory.doGetBean(AbstractBeanFactory.java:250): Returning cached instance of singleton bean &apos;sessionManager&apos;  
[DEBUG] 2017-08-24 15:26:48,969(3791) --&gt; [main] org.springframework.beans.factory.support.AbstractBeanFactory.doGetBean(AbstractBeanFactory.java:250): Returning cached instance of singleton bean &apos;loginFormAuthFilter&apos;  
[DEBUG] 2017-08-24 15:26:48,969(3791) --&gt; [main] org.springframework.beans.factory.support.AbstractBeanFactory.doGetBean(AbstractBeanFactory.java:250): Returning cached instance of singleton bean &apos;logoutFilter&apos;  
[DEBUG] 2017-08-24 15:26:48,969(3791) --&gt; [main] org.springframework.beans.factory.support.DefaultSingletonBeanRegistry.getSingleton(DefaultSingletonBeanRegistry.java:221): Creating shared instance of singleton bean &apos;sessionListener&apos;  
[DEBUG] 2017-08-24 15:26:48,969(3791) --&gt; [main] org.springframework.beans.factory.support.AbstractAutowireCapableBeanFactory.createBean(AbstractAutowireCapableBeanFactory.java:448): Creating instance of bean &apos;sessionListener&apos;  
[DEBUG] 2017-08-24 15:26:48,969(3791) --&gt; [main] org.springframework.beans.factory.support.AbstractBeanFactory.doGetBean(AbstractBeanFactory.java:250): Returning cached instance of singleton bean &apos;org.springframework.aop.support.DefaultBeanFactoryPointcutAdvisor#0&apos;  
[DEBUG] 2017-08-24 15:26:48,970(3792) --&gt; [main] org.springframework.beans.factory.support.AbstractAutowireCapableBeanFactory.doCreateBean(AbstractAutowireCapableBeanFactory.java:529): Eagerly caching bean &apos;sessionListener&apos; to allow for resolving potential circular references  
[DEBUG] 2017-08-24 15:26:48,971(3793) --&gt; [main] org.springframework.beans.factory.support.AbstractBeanFactory.doGetBean(AbstractBeanFactory.java:250): Returning cached instance of singleton bean &apos;org.springframework.aop.support.DefaultBeanFactoryPointcutAdvisor#0&apos;  
[DEBUG] 2017-08-24 15:26:48,971(3793) --&gt; [main] org.springframework.beans.factory.support.AbstractBeanFactory.doGetBean(AbstractBeanFactory.java:250): Returning cached instance of singleton bean &apos;org.springframework.aop.support.DefaultBeanFactoryPointcutAdvisor#0&apos;  
[DEBUG] 2017-08-24 15:26:48,972(3794) --&gt; [main] org.springframework.beans.factory.support.AbstractAutowireCapableBeanFactory.createBean(AbstractAutowireCapableBeanFactory.java:484): Finished creating instance of bean &apos;sessionListener&apos;  
[DEBUG] 2017-08-24 15:26:48,972(3794) --&gt; [main] org.springframework.beans.factory.support.AbstractBeanFactory.doGetBean(AbstractBeanFactory.java:250): Returning cached instance of singleton bean &apos;org.springframework.context.annotation.ConfigurationClassPostProcessor.importAwareProcessor&apos;  
[DEBUG] 2017-08-24 15:26:48,972(3794) --&gt; [main] org.springframework.beans.factory.support.AbstractBeanFactory.doGetBean(AbstractBeanFactory.java:250): Returning cached instance of singleton bean &apos;org.springframework.context.annotation.ConfigurationClassPostProcessor.enhancedConfigurationProcessor&apos;  
[DEBUG] 2017-08-24 15:26:48,973(3795) --&gt; [main] org.springframework.beans.factory.support.AbstractBeanFactory.doGetBean(AbstractBeanFactory.java:250): Returning cached instance of singleton bean &apos;ISupplierMapper&apos;  
[DEBUG] 2017-08-24 15:26:48,973(3795) --&gt; [main] org.springframework.beans.factory.support.AbstractBeanFactory.doGetBean(AbstractBeanFactory.java:250): Returning cached instance of singleton bean &apos;ISupplierPictureMapper&apos;  
[DEBUG] 2017-08-24 15:26:48,973(3795) --&gt; [main] org.springframework.beans.factory.support.DefaultSingletonBeanRegistry.getSingleton(DefaultSingletonBeanRegistry.java:221): Creating shared instance of singleton bean &apos;IAdminLogMapper&apos;  
[DEBUG] 2017-08-24 15:26:48,973(3795) --&gt; [main] org.springframework.beans.factory.support.AbstractAutowireCapableBeanFactory.createBean(AbstractAutowireCapableBeanFactory.java:448): Creating instance of bean &apos;IAdminLogMapper&apos;  
[DEBUG] 2017-08-24 15:26:48,974(3796) --&gt; [main] org.springframework.beans.factory.support.AbstractBeanFactory.doGetBean(AbstractBeanFactory.java:250): Returning cached instance of singleton bean &apos;org.springframework.aop.support.DefaultBeanFactoryPointcutAdvisor#0&apos;  
[DEBUG] 2017-08-24 15:26:48,974(3796) --&gt; [main] org.springframework.beans.factory.support.AbstractAutowireCapableBeanFactory.doCreateBean(AbstractAutowireCapableBeanFactory.java:529): Eagerly caching bean &apos;IAdminLogMapper&apos; to allow for resolving potential circular references  
[DEBUG] 2017-08-24 15:26:48,975(3797) --&gt; [main] org.springframework.beans.factory.support.AbstractBeanFactory.doGetBean(AbstractBeanFactory.java:250): Returning cached instance of singleton bean &apos;sqlSessionFactory&apos;  
[DEBUG] 2017-08-24 15:26:48,976(3798) --&gt; [main] org.springframework.beans.factory.support.AbstractAutowireCapableBeanFactory.invokeInitMethods(AbstractAutowireCapableBeanFactory.java:1620): Invoking afterPropertiesSet() on bean with name &apos;IAdminLogMapper&apos;  
[DEBUG] 2017-08-24 15:26:48,978(3800) --&gt; [main] org.springframework.beans.factory.support.AbstractBeanFactory.doGetBean(AbstractBeanFactory.java:250): Returning cached instance of singleton bean &apos;org.springframework.aop.support.DefaultBeanFactoryPointcutAdvisor#0&apos;  
[DEBUG] 2017-08-24 15:26:48,979(3801) --&gt; [main] org.springframework.beans.factory.support.AbstractBeanFactory.doGetBean(AbstractBeanFactory.java:250): Returning cached instance of singleton bean &apos;org.springframework.aop.support.DefaultBeanFactoryPointcutAdvisor#0&apos;  
[DEBUG] 2017-08-24 15:26:48,979(3801) --&gt; [main] org.springframework.beans.factory.support.AbstractAutowireCapableBeanFactory.createBean(AbstractAutowireCapableBeanFactory.java:484): Finished creating instance of bean &apos;IAdminLogMapper&apos;  
[DEBUG] 2017-08-24 15:26:48,979(3801) --&gt; [main] org.springframework.beans.factory.support.AbstractBeanFactory.doGetBean(AbstractBeanFactory.java:250): Returning cached instance of singleton bean &apos;IAuthorizationMapper&apos;  
[DEBUG] 2017-08-24 15:26:48,980(3802) --&gt; [main] org.springframework.beans.factory.support.AbstractBeanFactory.doGetBean(AbstractBeanFactory.java:250): Returning cached instance of singleton bean &apos;IPermissionsMapper&apos;  
[DEBUG] 2017-08-24 15:26:48,980(3802) --&gt; [main] org.springframework.beans.factory.support.AbstractBeanFactory.doGetBean(AbstractBeanFactory.java:250): Returning cached instance of singleton bean &apos;IRoleMapper&apos;  
[DEBUG] 2017-08-24 15:26:48,980(3802) --&gt; [main] org.springframework.beans.factory.support.AbstractBeanFactory.doGetBean(AbstractBeanFactory.java:250): Returning cached instance of singleton bean &apos;IUserMapper&apos;  
[DEBUG] 2017-08-24 15:26:48,980(3802) --&gt; [main] org.springframework.beans.factory.support.AbstractBeanFactory.doGetBean(AbstractBeanFactory.java:250): Returning cached instance of singleton bean &apos;org.springframework.context.event.internalEventListenerFactory&apos;  
[DEBUG] 2017-08-24 15:26:48,984(3806) --&gt; [main] org.springframework.beans.factory.support.AbstractBeanFactory.doGetBean(AbstractBeanFactory.java:250): Returning cached instance of singleton bean &apos;supplierServiceImpl&apos;  
[DEBUG] 2017-08-24 15:26:48,985(3807) --&gt; [main] org.springframework.beans.factory.support.AbstractBeanFactory.doGetBean(AbstractBeanFactory.java:250): Returning cached instance of singleton bean &apos;supplierPictureImpl&apos;  
[DEBUG] 2017-08-24 15:26:48,985(3807) --&gt; [main] org.springframework.beans.factory.support.AbstractBeanFactory.doGetBean(AbstractBeanFactory.java:250): Returning cached instance of singleton bean &apos;authorizationServiceImpl&apos;  
[DEBUG] 2017-08-24 15:26:48,986(3808) --&gt; [main] org.springframework.beans.factory.support.AbstractBeanFactory.doGetBean(AbstractBeanFactory.java:250): Returning cached instance of singleton bean &apos;permissionsServiceImpl&apos;  
[DEBUG] 2017-08-24 15:26:48,986(3808) --&gt; [main] org.springframework.beans.factory.support.AbstractBeanFactory.doGetBean(AbstractBeanFactory.java:250): Returning cached instance of singleton bean &apos;roleServiceImpl&apos;  
[DEBUG] 2017-08-24 15:26:48,986(3808) --&gt; [main] org.springframework.beans.factory.support.AbstractBeanFactory.doGetBean(AbstractBeanFactory.java:250): Returning cached instance of singleton bean &apos;userServiceImpl&apos;  
[DEBUG] 2017-08-24 15:26:49,040(3862) --&gt; [main] org.springframework.context.support.AbstractApplicationContext.initLifecycleProcessor(AbstractApplicationContext.java:764): Unable to locate LifecycleProcessor with name &apos;lifecycleProcessor&apos;: using default [org.springframework.context.support.DefaultLifecycleProcessor@3ef41c66]  
[DEBUG] 2017-08-24 15:26:49,042(3864) --&gt; [main] org.springframework.beans.factory.support.AbstractBeanFactory.doGetBean(AbstractBeanFactory.java:250): Returning cached instance of singleton bean &apos;lifecycleProcessor&apos;  
[DEBUG] 2017-08-24 15:26:49,047(3869) --&gt; [main] org.springframework.beans.factory.support.AbstractBeanFactory.doGetBean(AbstractBeanFactory.java:250): Returning cached instance of singleton bean &apos;sqlSessionFactory&apos;  
[DEBUG] 2017-08-24 15:26:49,049(3871) --&gt; [main] org.springframework.core.env.PropertySourcesPropertyResolver.getProperty(PropertySourcesPropertyResolver.java:81): Searching for key &apos;spring.liveBeansView.mbeanDomain&apos; in [systemProperties]  
[DEBUG] 2017-08-24 15:26:49,050(3872) --&gt; [main] org.springframework.core.env.PropertySourcesPropertyResolver.getProperty(PropertySourcesPropertyResolver.java:81): Searching for key &apos;spring.liveBeansView.mbeanDomain&apos; in [systemEnvironment]  
[DEBUG] 2017-08-24 15:26:49,051(3873) --&gt; [main] org.springframework.core.env.PropertySourcesPropertyResolver.getProperty(PropertySourcesPropertyResolver.java:103): Could not find key &apos;spring.liveBeansView.mbeanDomain&apos; in any property source. Returning [null]  
[DEBUG] 2017-08-24 15:26:49,054(3876) --&gt; [main] org.springframework.test.context.cache.DefaultCacheAwareContextLoaderDelegate.loadContext(DefaultCacheAwareContextLoaderDelegate.java:118): Storing ApplicationContext in cache under key [[MergedContextConfiguration@dc24521 testClass = UserTest, locations = &apos;{classpath:spring/applicationContext.xml, classpath:spring/applicationContext-shiro.xml}&apos;, classes = &apos;{}&apos;, contextInitializerClasses = &apos;[]&apos;, activeProfiles = &apos;{}&apos;, propertySourceLocations = &apos;{}&apos;, propertySourceProperties = &apos;{}&apos;, contextLoader = &apos;org.springframework.test.context.support.DelegatingSmartContextLoader&apos;, parent = [null]]]  
[DEBUG] 2017-08-24 15:26:49,054(3876) --&gt; [main] org.springframework.test.context.cache.DefaultContextCache.logStatistics(DefaultContextCache.java:247): Spring test ApplicationContext cache statistics: [DefaultContextCache@7e8e8651 size = 1, parentContextCount = 0, hitCount = 0, missCount = 1]  
[DEBUG] 2017-08-24 15:26:49,063(3885) --&gt; [main] org.springframework.beans.factory.annotation.InjectionMetadata.inject(InjectionMetadata.java:86): Processing injected element of bean &apos;com.flat.srm.system.UserTest&apos;: AutowiredFieldElement for private com.flat.srm.system.dao.user.IUserMapper com.flat.srm.system.UserTest.userMapper  
[DEBUG] 2017-08-24 15:26:49,063(3885) --&gt; [main] org.springframework.beans.factory.support.AbstractBeanFactory.doGetBean(AbstractBeanFactory.java:250): Returning cached instance of singleton bean &apos;IUserMapper&apos;  
[DEBUG] 2017-08-24 15:26:49,064(3886) --&gt; [main] org.springframework.beans.factory.annotation.AutowiredAnnotationBeanPostProcessor.registerDependentBeans(AutowiredAnnotationBeanPostProcessor.java:490): Autowiring by type from bean name &apos;com.flat.srm.system.UserTest&apos; to bean named &apos;IUserMapper&apos;  
[DEBUG] 2017-08-24 15:26:49,065(3887) --&gt; [main] org.springframework.beans.factory.support.AbstractBeanFactory.doGetBean(AbstractBeanFactory.java:250): Returning cached instance of singleton bean &apos;org.springframework.aop.support.DefaultBeanFactoryPointcutAdvisor#0&apos;  
[DEBUG] 2017-08-24 15:26:49,065(3887) --&gt; [main] org.springframework.beans.factory.support.AbstractBeanFactory.doGetBean(AbstractBeanFactory.java:250): Returning cached instance of singleton bean &apos;org.springframework.aop.support.DefaultBeanFactoryPointcutAdvisor#0&apos;  
[DEBUG] 2017-08-24 15:26:49,071(3893) --&gt; [main] org.springframework.test.context.support.AbstractDirtiesContextTestExecutionListener.beforeOrAfterTestMethod(AbstractDirtiesContextTestExecutionListener.java:106): Before test method: context [DefaultTestContext@148080bb testClass = UserTest, testInstance = com.flat.srm.system.UserTest@66480dd7, testMethod = saveUser@UserTest, testException = [null], mergedContextConfiguration = [MergedContextConfiguration@dc24521 testClass = UserTest, locations = &apos;{classpath:spring/applicationContext.xml, classpath:spring/applicationContext-shiro.xml}&apos;, classes = &apos;{}&apos;, contextInitializerClasses = &apos;[]&apos;, activeProfiles = &apos;{}&apos;, propertySourceLocations = &apos;{}&apos;, propertySourceProperties = &apos;{}&apos;, contextLoader = &apos;org.springframework.test.context.support.DelegatingSmartContextLoader&apos;, parent = [null]]], class annotated with @DirtiesContext [false] with mode [null], method annotated with @DirtiesContext [false] with mode [null].  
[DEBUG] 2017-08-24 15:26:49,085(3907) --&gt; [main] org.mybatis.spring.SqlSessionUtils.getSqlSession(SqlSessionUtils.java:99): Creating a new SqlSession  
[DEBUG] 2017-08-24 15:26:49,104(3926) --&gt; [main] org.mybatis.spring.SqlSessionUtils.registerSessionHolder(SqlSessionUtils.java:150): SqlSession [org.apache.ibatis.session.defaults.DefaultSqlSession@530a8454] was not registered for synchronization because synchronization is not active  
[DEBUG] 2017-08-24 15:26:49,160(3982) --&gt; [main] org.springframework.jdbc.datasource.DataSourceUtils.doGetConnection(DataSourceUtils.java:110): Fetching JDBC Connection from DataSource  
[DEBUG] 2017-08-24 15:26:49,165(3987) --&gt; [main] org.mybatis.spring.transaction.SpringManagedTransaction.openConnection(SpringManagedTransaction.java:87): JDBC Connection [com.alibaba.druid.proxy.jdbc.ConnectionProxyImpl@405325cf] will not be managed by Spring  
[DEBUG] 2017-08-24 15:26:49,170(3992) --&gt; [main] org.apache.ibatis.logging.jdbc.BaseJdbcLogger.debug(BaseJdbcLogger.java:145): ==&gt;  Preparing: insert into cp_user ( NAME, MAIL, PID ) values ( &apos;text1&apos;, &apos;70&apos;, ? )   
[DEBUG] 2017-08-24 15:26:49,198(4020) --&gt; [main] org.apache.ibatis.logging.jdbc.BaseJdbcLogger.debug(BaseJdbcLogger.java:145): ==&gt; Parameters: 1(Long)  
[DEBUG] 2017-08-24 15:26:49,207(4029) --&gt; [main] org.mybatis.spring.SqlSessionUtils.closeSqlSession(SqlSessionUtils.java:193): Closing non transactional SqlSession [org.apache.ibatis.session.defaults.DefaultSqlSession@530a8454]  
[DEBUG] 2017-08-24 15:26:49,208(4030) --&gt; [main] org.springframework.jdbc.datasource.DataSourceUtils.doReleaseConnection(DataSourceUtils.java:327): Returning JDBC Connection to DataSource  
[DEBUG] 2017-08-24 15:26:49,217(4039) --&gt; [main] org.springframework.core.env.MutablePropertySources.addLast(MutablePropertySources.java:109): Adding [systemProperties] PropertySource with lowest search precedence  
[DEBUG] 2017-08-24 15:26:49,217(4039) --&gt; [main] org.springframework.core.env.MutablePropertySources.addLast(MutablePropertySources.java:109): Adding [systemEnvironment] PropertySource with lowest search precedence  
[DEBUG] 2017-08-24 15:26:49,218(4040) --&gt; [main] org.springframework.core.env.AbstractEnvironment.&lt;init&gt;(AbstractEnvironment.java:126): Initialized StandardEnvironment with PropertySources [systemProperties,systemEnvironment]  
[INFO ] 2017-08-24 15:26:49,218(4040) --&gt; [main] org.springframework.beans.factory.xml.XmlBeanDefinitionReader.loadBeanDefinitions(XmlBeanDefinitionReader.java:317): Loading XML bean definitions from class path resource [org/springframework/jdbc/support/sql-error-codes.xml]  
[DEBUG] 2017-08-24 15:26:49,219(4041) --&gt; [main] org.springframework.beans.factory.xml.DefaultDocumentLoader.loadDocument(DefaultDocumentLoader.java:73): Using JAXP provider [com.sun.org.apache.xerces.internal.jaxp.DocumentBuilderFactoryImpl]  
[DEBUG] 2017-08-24 15:26:49,220(4042) --&gt; [main] org.springframework.beans.factory.xml.BeansDtdResolver.resolveEntity(BeansDtdResolver.java:74): Found beans DTD [http://www.springframework.org/dtd/spring-beans-2.0.dtd] in classpath: spring-beans-2.0.dtd  
[DEBUG] 2017-08-24 15:26:49,227(4049) --&gt; [main] org.springframework.beans.factory.xml.DefaultBeanDefinitionDocumentReader.registerBeanDefinitions(DefaultBeanDefinitionDocumentReader.java:92): Loading bean definitions  
[DEBUG] 2017-08-24 15:26:49,234(4056) --&gt; [main] org.springframework.beans.factory.support.DefaultSingletonBeanRegistry.getSingleton(DefaultSingletonBeanRegistry.java:221): Creating shared instance of singleton bean &apos;DB2&apos;  
[DEBUG] 2017-08-24 15:26:49,234(4056) --&gt; [main] org.springframework.beans.factory.support.AbstractAutowireCapableBeanFactory.createBean(AbstractAutowireCapableBeanFactory.java:448): Creating instance of bean &apos;DB2&apos;  
[DEBUG] 2017-08-24 15:26:49,235(4057) --&gt; [main] org.springframework.beans.factory.support.AbstractAutowireCapableBeanFactory.doCreateBean(AbstractAutowireCapableBeanFactory.java:529): Eagerly caching bean &apos;DB2&apos; to allow for resolving potential circular references  
[DEBUG] 2017-08-24 15:26:49,239(4061) --&gt; [main] org.springframework.beans.factory.support.AbstractAutowireCapableBeanFactory.createBean(AbstractAutowireCapableBeanFactory.java:484): Finished creating instance of bean &apos;DB2&apos;  
[DEBUG] 2017-08-24 15:26:49,239(4061) --&gt; [main] org.springframework.beans.factory.support.DefaultSingletonBeanRegistry.getSingleton(DefaultSingletonBeanRegistry.java:221): Creating shared instance of singleton bean &apos;Derby&apos;  
[DEBUG] 2017-08-24 15:26:49,240(4062) --&gt; [main] org.springframework.beans.factory.support.AbstractAutowireCapableBeanFactory.createBean(AbstractAutowireCapableBeanFactory.java:448): Creating instance of bean &apos;Derby&apos;  
[DEBUG] 2017-08-24 15:26:49,240(4062) --&gt; [main] org.springframework.beans.factory.support.AbstractAutowireCapableBeanFactory.doCreateBean(AbstractAutowireCapableBeanFactory.java:529): Eagerly caching bean &apos;Derby&apos; to allow for resolving potential circular references  
[DEBUG] 2017-08-24 15:26:49,241(4063) --&gt; [main] org.springframework.beans.factory.support.AbstractAutowireCapableBeanFactory.createBean(AbstractAutowireCapableBeanFactory.java:484): Finished creating instance of bean &apos;Derby&apos;  
[DEBUG] 2017-08-24 15:26:49,241(4063) --&gt; [main] org.springframework.beans.factory.support.DefaultSingletonBeanRegistry.getSingleton(DefaultSingletonBeanRegistry.java:221): Creating shared instance of singleton bean &apos;H2&apos;  
[DEBUG] 2017-08-24 15:26:49,241(4063) --&gt; [main] org.springframework.beans.factory.support.AbstractAutowireCapableBeanFactory.createBean(AbstractAutowireCapableBeanFactory.java:448): Creating instance of bean &apos;H2&apos;  
[DEBUG] 2017-08-24 15:26:49,241(4063) --&gt; [main] org.springframework.beans.factory.support.AbstractAutowireCapableBeanFactory.doCreateBean(AbstractAutowireCapableBeanFactory.java:529): Eagerly caching bean &apos;H2&apos; to allow for resolving potential circular references  
[DEBUG] 2017-08-24 15:26:49,242(4064) --&gt; [main] org.springframework.beans.factory.support.AbstractAutowireCapableBeanFactory.createBean(AbstractAutowireCapableBeanFactory.java:484): Finished creating instance of bean &apos;H2&apos;  
[DEBUG] 2017-08-24 15:26:49,242(4064) --&gt; [main] org.springframework.beans.factory.support.DefaultSingletonBeanRegistry.getSingleton(DefaultSingletonBeanRegistry.java:221): Creating shared instance of singleton bean &apos;HSQL&apos;  
[DEBUG] 2017-08-24 15:26:49,243(4065) --&gt; [main] org.springframework.beans.factory.support.AbstractAutowireCapableBeanFactory.createBean(AbstractAutowireCapableBeanFactory.java:448): Creating instance of bean &apos;HSQL&apos;  
[DEBUG] 2017-08-24 15:26:49,243(4065) --&gt; [main] org.springframework.beans.factory.support.AbstractAutowireCapableBeanFactory.doCreateBean(AbstractAutowireCapableBeanFactory.java:529): Eagerly caching bean &apos;HSQL&apos; to allow for resolving potential circular references  
[DEBUG] 2017-08-24 15:26:49,244(4066) --&gt; [main] org.springframework.beans.factory.support.AbstractAutowireCapableBeanFactory.createBean(AbstractAutowireCapableBeanFactory.java:484): Finished creating instance of bean &apos;HSQL&apos;  
[DEBUG] 2017-08-24 15:26:49,244(4066) --&gt; [main] org.springframework.beans.factory.support.DefaultSingletonBeanRegistry.getSingleton(DefaultSingletonBeanRegistry.java:221): Creating shared instance of singleton bean &apos;Informix&apos;  
[DEBUG] 2017-08-24 15:26:49,244(4066) --&gt; [main] org.springframework.beans.factory.support.AbstractAutowireCapableBeanFactory.createBean(AbstractAutowireCapableBeanFactory.java:448): Creating instance of bean &apos;Informix&apos;  
[DEBUG] 2017-08-24 15:26:49,245(4067) --&gt; [main] org.springframework.beans.factory.support.AbstractAutowireCapableBeanFactory.doCreateBean(AbstractAutowireCapableBeanFactory.java:529): Eagerly caching bean &apos;Informix&apos; to allow for resolving potential circular references  
[DEBUG] 2017-08-24 15:26:49,246(4068) --&gt; [main] org.springframework.beans.factory.support.AbstractAutowireCapableBeanFactory.createBean(AbstractAutowireCapableBeanFactory.java:484): Finished creating instance of bean &apos;Informix&apos;  
[DEBUG] 2017-08-24 15:26:49,247(4069) --&gt; [main] org.springframework.beans.factory.support.DefaultSingletonBeanRegistry.getSingleton(DefaultSingletonBeanRegistry.java:221): Creating shared instance of singleton bean &apos;MS-SQL&apos;  
[DEBUG] 2017-08-24 15:26:49,247(4069) --&gt; [main] org.springframework.beans.factory.support.AbstractAutowireCapableBeanFactory.createBean(AbstractAutowireCapableBeanFactory.java:448): Creating instance of bean &apos;MS-SQL&apos;  
[DEBUG] 2017-08-24 15:26:49,248(4070) --&gt; [main] org.springframework.beans.factory.support.AbstractAutowireCapableBeanFactory.doCreateBean(AbstractAutowireCapableBeanFactory.java:529): Eagerly caching bean &apos;MS-SQL&apos; to allow for resolving potential circular references  
[DEBUG] 2017-08-24 15:26:49,248(4070) --&gt; [main] org.springframework.beans.factory.support.AbstractAutowireCapableBeanFactory.createBean(AbstractAutowireCapableBeanFactory.java:484): Finished creating instance of bean &apos;MS-SQL&apos;  
[DEBUG] 2017-08-24 15:26:49,249(4071) --&gt; [main] org.springframework.beans.factory.support.DefaultSingletonBeanRegistry.getSingleton(DefaultSingletonBeanRegistry.java:221): Creating shared instance of singleton bean &apos;MySQL&apos;  
[DEBUG] 2017-08-24 15:26:49,249(4071) --&gt; [main] org.springframework.beans.factory.support.AbstractAutowireCapableBeanFactory.createBean(AbstractAutowireCapableBeanFactory.java:448): Creating instance of bean &apos;MySQL&apos;  
[DEBUG] 2017-08-24 15:26:49,249(4071) --&gt; [main] org.springframework.beans.factory.support.AbstractAutowireCapableBeanFactory.doCreateBean(AbstractAutowireCapableBeanFactory.java:529): Eagerly caching bean &apos;MySQL&apos; to allow for resolving potential circular references  
[DEBUG] 2017-08-24 15:26:49,250(4072) --&gt; [main] org.springframework.beans.factory.support.AbstractAutowireCapableBeanFactory.createBean(AbstractAutowireCapableBeanFactory.java:484): Finished creating instance of bean &apos;MySQL&apos;  
[DEBUG] 2017-08-24 15:26:49,251(4073) --&gt; [main] org.springframework.beans.factory.support.DefaultSingletonBeanRegistry.getSingleton(DefaultSingletonBeanRegistry.java:221): Creating shared instance of singleton bean &apos;Oracle&apos;  
[DEBUG] 2017-08-24 15:26:49,251(4073) --&gt; [main] org.springframework.beans.factory.support.AbstractAutowireCapableBeanFactory.createBean(AbstractAutowireCapableBeanFactory.java:448): Creating instance of bean &apos;Oracle&apos;  
[DEBUG] 2017-08-24 15:26:49,251(4073) --&gt; [main] org.springframework.beans.factory.support.AbstractAutowireCapableBeanFactory.doCreateBean(AbstractAutowireCapableBeanFactory.java:529): Eagerly caching bean &apos;Oracle&apos; to allow for resolving potential circular references  
[DEBUG] 2017-08-24 15:26:49,253(4075) --&gt; [main] org.springframework.beans.factory.support.AbstractAutowireCapableBeanFactory.createBean(AbstractAutowireCapableBeanFactory.java:484): Finished creating instance of bean &apos;Oracle&apos;  
[DEBUG] 2017-08-24 15:26:49,254(4076) --&gt; [main] org.springframework.beans.factory.support.DefaultSingletonBeanRegistry.getSingleton(DefaultSingletonBeanRegistry.java:221): Creating shared instance of singleton bean &apos;PostgreSQL&apos;  
[DEBUG] 2017-08-24 15:26:49,254(4076) --&gt; [main] org.springframework.beans.factory.support.AbstractAutowireCapableBeanFactory.createBean(AbstractAutowireCapableBeanFactory.java:448): Creating instance of bean &apos;PostgreSQL&apos;  
[DEBUG] 2017-08-24 15:26:49,254(4076) --&gt; [main] org.springframework.beans.factory.support.AbstractAutowireCapableBeanFactory.doCreateBean(AbstractAutowireCapableBeanFactory.java:529): Eagerly caching bean &apos;PostgreSQL&apos; to allow for resolving potential circular references  
[DEBUG] 2017-08-24 15:26:49,265(4087) --&gt; [main] org.springframework.beans.factory.support.AbstractAutowireCapableBeanFactory.createBean(AbstractAutowireCapableBeanFactory.java:484): Finished creating instance of bean &apos;PostgreSQL&apos;  
[DEBUG] 2017-08-24 15:26:49,266(4088) --&gt; [main] org.springframework.beans.factory.support.DefaultSingletonBeanRegistry.getSingleton(DefaultSingletonBeanRegistry.java:221): Creating shared instance of singleton bean &apos;Sybase&apos;  
[DEBUG] 2017-08-24 15:26:49,266(4088) --&gt; [main] org.springframework.beans.factory.support.AbstractAutowireCapableBeanFactory.createBean(AbstractAutowireCapableBeanFactory.java:448): Creating instance of bean &apos;Sybase&apos;  
[DEBUG] 2017-08-24 15:26:49,266(4088) --&gt; [main] org.springframework.beans.factory.support.AbstractAutowireCapableBeanFactory.doCreateBean(AbstractAutowireCapableBeanFactory.java:529): Eagerly caching bean &apos;Sybase&apos; to allow for resolving potential circular references  
[DEBUG] 2017-08-24 15:26:49,267(4089) --&gt; [main] org.springframework.beans.factory.support.AbstractAutowireCapableBeanFactory.createBean(AbstractAutowireCapableBeanFactory.java:484): Finished creating instance of bean &apos;Sybase&apos;  
[DEBUG] 2017-08-24 15:26:49,268(4090) --&gt; [main] org.springframework.beans.factory.support.DefaultSingletonBeanRegistry.getSingleton(DefaultSingletonBeanRegistry.java:221): Creating shared instance of singleton bean &apos;Hana&apos;  
[DEBUG] 2017-08-24 15:26:49,268(4090) --&gt; [main] org.springframework.beans.factory.support.AbstractAutowireCapableBeanFactory.createBean(AbstractAutowireCapableBeanFactory.java:448): Creating instance of bean &apos;Hana&apos;  
[DEBUG] 2017-08-24 15:26:49,268(4090) --&gt; [main] org.springframework.beans.factory.support.AbstractAutowireCapableBeanFactory.doCreateBean(AbstractAutowireCapableBeanFactory.java:529): Eagerly caching bean &apos;Hana&apos; to allow for resolving potential circular references  
[DEBUG] 2017-08-24 15:26:49,269(4091) --&gt; [main] org.springframework.beans.factory.support.AbstractAutowireCapableBeanFactory.createBean(AbstractAutowireCapableBeanFactory.java:484): Finished creating instance of bean &apos;Hana&apos;  
[INFO ] 2017-08-24 15:26:49,270(4092) --&gt; [main] org.springframework.jdbc.support.SQLErrorCodesFactory.&lt;init&gt;(SQLErrorCodesFactory.java:126): SQLErrorCodes loaded: [DB2, Derby, H2, HSQL, Informix, MS-SQL, MySQL, Oracle, PostgreSQL, Sybase, Hana]  
[DEBUG] 2017-08-24 15:26:49,270(4092) --&gt; [main] org.springframework.jdbc.support.SQLErrorCodesFactory.getErrorCodes(SQLErrorCodesFactory.java:199): Looking up default SQLErrorCodes for DataSource [com.flat.srm.common.datasource.DynamicDataSource@5e63cad]  
[DEBUG] 2017-08-24 15:26:49,289(4111) --&gt; [main] org.springframework.jdbc.datasource.DataSourceUtils.doGetConnection(DataSourceUtils.java:110): Fetching JDBC Connection from DataSource  
[DEBUG] 2017-08-24 15:26:49,291(4113) --&gt; [main] org.springframework.jdbc.datasource.DataSourceUtils.doReleaseConnection(DataSourceUtils.java:327): Returning JDBC Connection to DataSource  
[DEBUG] 2017-08-24 15:26:49,292(4114) --&gt; [main] org.springframework.jdbc.support.SQLErrorCodesFactory.getErrorCodes(SQLErrorCodesFactory.java:217): Database product name cached for DataSource [com.flat.srm.common.datasource.DynamicDataSource@5e63cad]: name is &apos;MySQL&apos;  
[DEBUG] 2017-08-24 15:26:49,294(4116) --&gt; [main] org.springframework.jdbc.support.SQLErrorCodesFactory.getErrorCodes(SQLErrorCodesFactory.java:175): SQL error codes for &apos;MySQL&apos; found  
[DEBUG] 2017-08-24 15:26:49,302(4124) --&gt; [main] org.springframework.jdbc.support.SQLErrorCodeSQLExceptionTranslator.logTranslation(SQLErrorCodeSQLExceptionTranslator.java:397): Translating SQLException with SQL state &apos;23000&apos;, error code &apos;1062&apos;, message [Duplicate entry &apos;70&apos; for key &apos;cp_user_mail_index&apos;]; SQL was [] for task [
### Error updating database.  Cause: com.mysql.jdbc.exceptions.jdbc4.MySQLIntegrityConstraintViolationException: Duplicate entry &apos;70&apos; for key &apos;cp_user_mail_index&apos;
### The error may involve com.flat.srm.system.dao.user.IUserMapper.save-Inline
### The error occurred while setting parameters
### SQL: insert into     cp_user      ( NAME,                MAIL,                PID )      values     ( &apos;text1&apos;,                &apos;70&apos;,                ? )
### Cause: com.mysql.jdbc.exceptions.jdbc4.MySQLIntegrityConstraintViolationException: Duplicate entry &apos;70&apos; for key &apos;cp_user_mail_index&apos;
]  
[DEBUG] 2017-08-24 15:26:49,303(4125) --&gt; [main] org.springframework.test.context.support.AbstractDirtiesContextTestExecutionListener.beforeOrAfterTestMethod(AbstractDirtiesContextTestExecutionListener.java:106): After test method: context [DefaultTestContext@148080bb testClass = UserTest, testInstance = com.flat.srm.system.UserTest@66480dd7, testMethod = saveUser@UserTest, testException = org.springframework.dao.DuplicateKeyException: 
### Error updating database.  Cause: com.mysql.jdbc.exceptions.jdbc4.MySQLIntegrityConstraintViolationException: Duplicate entry &apos;70&apos; for key &apos;cp_user_mail_index&apos;
### The error may involve com.flat.srm.system.dao.user.IUserMapper.save-Inline
### The error occurred while setting parameters
### SQL: insert into     cp_user      ( NAME,                MAIL,                PID )      values     ( &apos;text1&apos;,                &apos;70&apos;,                ? )
### Cause: com.mysql.jdbc.exceptions.jdbc4.MySQLIntegrityConstraintViolationException: Duplicate entry &apos;70&apos; for key &apos;cp_user_mail_index&apos;
; SQL []; Duplicate entry &apos;70&apos; for key &apos;cp_user_mail_index&apos;; nested exception is com.mysql.jdbc.exceptions.jdbc4.MySQLIntegrityConstraintViolationException: Duplicate entry &apos;70&apos; for key &apos;cp_user_mail_index&apos;, mergedContextConfiguration = [MergedContextConfiguration@dc24521 testClass = UserTest, locations = &apos;{classpath:spring/applicationContext.xml, classpath:spring/applicationContext-shiro.xml}&apos;, classes = &apos;{}&apos;, contextInitializerClasses = &apos;[]&apos;, activeProfiles = &apos;{}&apos;, propertySourceLocations = &apos;{}&apos;, propertySourceProperties = &apos;{}&apos;, contextLoader = &apos;org.springframework.test.context.support.DelegatingSmartContextLoader&apos;, parent = [null]]], class annotated with @DirtiesContext [false] with mode [null], method annotated with @DirtiesContext [false] with mode [null].  
</system-err>
  </testcase>
  <testcase classname="com.flat.srm.system.UserTest" name="findUser" time="0.075"/>
  <testcase classname="com.flat.srm.system.UserTest" name="userRole" time="0.012"/>
  <testcase classname="com.flat.srm.system.UserTest" name="findUsersTest" time="0.017"/>
</testsuite>